Log file open, 03/01/18 18:44:20
LogWindows: Failed to load 'aqProf.dll' (GetLastError=126)
LogWindows: File 'aqProf.dll' does not exist
LogWindows: Failed to load 'VSPerf140.dll' (GetLastError=126)
LogWindows: File 'VSPerf140.dll' does not exist
LogWindows: Failed to load 'VtuneApi.dll' (GetLastError=126)
LogWindows: File 'VtuneApi.dll' does not exist
LogWindows: Failed to load 'VtuneApi32e.dll' (GetLastError=126)
LogWindows: File 'VtuneApi32e.dll' does not exist
LogInit: Display: Running engine for game: earthsea418
LogPlatformFile: Not using cached read wrapper
LogInit: Display: RandInit(535334618) SRandInit(535334618).
LogInit: Read version file with build ID '3709383'
LogInit: Overriding engine version to CL 3832480, compatible CL 3709383
LogInit: Registered custom module enumerator with build ID '3709383'
LogTaskGraph: Started task graph with 5 named threads and 8 total threads with 3 sets of task threads.
LogStats: Stats thread started at 0.525735
LogD3D11RHI: Aftermath initialized
LogModuleManager: Display: Found up-to-date module file ../../../Engine/Plugins/2D/Paper2D/Binaries/Win64/UE4Editor-Paper2D.dll (API version 3709383).
LogModuleManager: Display: Found up-to-date module file ../../../Engine/Plugins/2D/Paper2D/Binaries/Win64/UE4Editor-Paper2DEditor.dll (API version 3709383).
LogModuleManager: Display: Found up-to-date module file ../../../Engine/Plugins/2D/Paper2D/Binaries/Win64/UE4Editor-PaperSpriteSheetImporter.dll (API version 3709383).
LogModuleManager: Display: Found up-to-date module file ../../../Engine/Plugins/2D/Paper2D/Binaries/Win64/UE4Editor-PaperTiledImporter.dll (API version 3709383).
LogModuleManager: Display: Found up-to-date module file ../../../Engine/Plugins/2D/Paper2D/Binaries/Win64/UE4Editor-SmartSnapping.dll (API version 3709383).
LogModuleManager: Display: Found up-to-date module file ../../../Engine/Plugins/Blendables/LightPropagationVolume/Binaries/Win64/UE4Editor-LightPropagationVolumeRuntime.dll (API version 3709383).
LogModuleManager: Display: Found up-to-date module file ../../../Engine/Plugins/Blendables/LightPropagationVolume/Binaries/Win64/UE4Editor-LightPropagationVolumeEditor.dll (API version 3709383).
LogModuleManager: Display: Found up-to-date module file ../../../Engine/Plugins/Developer/GitSourceControl/Binaries/Win64/UE4Editor-GitSourceControl.dll (API version 3709383).
LogModuleManager: Display: Found up-to-date module file ../../../Engine/Plugins/Developer/PerforceSourceControl/Binaries/Win64/UE4Editor-PerforceSourceControl.dll (API version 3709383).
LogModuleManager: Display: Found up-to-date module file ../../../Engine/Plugins/Developer/SubversionSourceControl/Binaries/Win64/UE4Editor-SubversionSourceControl.dll (API version 3709383).
LogModuleManager: Display: Found up-to-date module file ../../../Engine/Plugins/Developer/UObjectPlugin/Binaries/Win64/UE4Editor-UObjectPlugin.dll (API version 3709383).
LogModuleManager: Display: Found up-to-date module file ../../../Engine/Plugins/Developer/VisualStudioCodeSourceCodeAccess/Binaries/Win64/UE4Editor-VisualStudioCodeSourceCodeAccess.dll (API version 3709383).
LogModuleManager: Display: Found up-to-date module file ../../../Engine/Plugins/Developer/VisualStudioSourceCodeAccess/Binaries/Win64/UE4Editor-VisualStudioSourceCodeAccess.dll (API version 3709383).
LogModuleManager: Display: Found up-to-date module file ../../../Engine/Plugins/Editor/AssetManagerEditor/Binaries/Win64/UE4Editor-AssetManagerEditor.dll (API version 3709383).
LogModuleManager: Display: Found up-to-date module file ../../../Engine/Plugins/Editor/AudioCapture/Binaries/Win64/UE4Editor-AudioCapture.dll (API version 3709383).
LogModuleManager: Display: Found up-to-date module file ../../../Engine/Plugins/Editor/FacialAnimation/Binaries/Win64/UE4Editor-FacialAnimation.dll (API version 3709383).
LogModuleManager: Display: Found up-to-date module file ../../../Engine/Plugins/Editor/FacialAnimation/Binaries/Win64/UE4Editor-FacialAnimationEditor.dll (API version 3709383).
LogModuleManager: Display: Found up-to-date module file ../../../Engine/Plugins/Editor/GameplayTagsEditor/Binaries/Win64/UE4Editor-GameplayTagsEditor.dll (API version 3709383).
LogModuleManager: Display: Found up-to-date module file ../../../Engine/Plugins/Editor/MobileLauncherProfileWizard/Binaries/Win64/UE4Editor-MobileLauncherProfileWizard.dll (API version 3709383).
LogModuleManager: Display: Found up-to-date module file ../../../Engine/Plugins/Editor/PluginBrowser/Binaries/Win64/UE4Editor-PluginBrowser.dll (API version 3709383).
LogModuleManager: Display: Found up-to-date module file ../../../Engine/Plugins/Editor/SpeedTreeImporter/Binaries/Win64/UE4Editor-SpeedTreeImporter.dll (API version 3709383).
LogModuleManager: Display: Found up-to-date module file ../../../Engine/Plugins/Experimental/AlembicImporter/Binaries/Win64/UE4Editor-AlembicImporter.dll (API version 3709383).
LogModuleManager: Display: Found up-to-date module file ../../../Engine/Plugins/Experimental/AlembicImporter/Binaries/Win64/UE4Editor-AlembicLibrary.dll (API version 3709383).
LogModuleManager: Display: Found up-to-date module file ../../../Engine/Plugins/Experimental/CharacterAI/Binaries/Win64/UE4Editor-CharacterAI.dll (API version 3709383).
LogModuleManager: Display: Found up-to-date module file ../../../Engine/Plugins/Experimental/HTML5Networking/Binaries/Win64/UE4Editor-HTML5Networking.dll (API version 3709383).
LogModuleManager: Display: Found up-to-date module file ../../../Engine/Plugins/Media/AndroidMedia/Binaries/Win64/UE4Editor-AndroidMediaEditor.dll (API version 3709383).
LogModuleManager: Display: Found up-to-date module file ../../../Engine/Plugins/Media/AndroidMedia/Binaries/Win64/UE4Editor-AndroidMediaFactory.dll (API version 3709383).
LogModuleManager: Display: Found up-to-date module file ../../../Engine/Plugins/Media/AvfMedia/Binaries/Win64/UE4Editor-AvfMediaEditor.dll (API version 3709383).
LogModuleManager: Display: Found up-to-date module file ../../../Engine/Plugins/Media/AvfMedia/Binaries/Win64/UE4Editor-AvfMediaFactory.dll (API version 3709383).
LogModuleManager: Display: Found up-to-date module file ../../../Engine/Plugins/Media/AvfMedia/Binaries/Win64/UE4Editor-AvfMediaFactory.dll (API version 3709383).
LogModuleManager: Display: Found up-to-date module file ../../../Engine/Plugins/Media/ImgMedia/Binaries/Win64/UE4Editor-ImgMedia.dll (API version 3709383).
LogModuleManager: Display: Found up-to-date module file ../../../Engine/Plugins/Media/ImgMedia/Binaries/Win64/UE4Editor-ImgMediaEditor.dll (API version 3709383).
LogModuleManager: Display: Found up-to-date module file ../../../Engine/Plugins/Media/ImgMedia/Binaries/Win64/UE4Editor-ImgMediaFactory.dll (API version 3709383).
LogModuleManager: Display: Found up-to-date module file ../../../Engine/Plugins/Media/ImgMedia/Binaries/Win64/UE4Editor-ImgMediaFactory.dll (API version 3709383).
LogModuleManager: Display: Found up-to-date module file ../../../Engine/Plugins/Media/ImgMedia/Binaries/Win64/UE4Editor-OpenExrWrapper.dll (API version 3709383).
LogModuleManager: Display: Found up-to-date module file ../../../Engine/Plugins/Media/MediaCompositing/Binaries/Win64/UE4Editor-MediaCompositing.dll (API version 3709383).
LogModuleManager: Display: Found up-to-date module file ../../../Engine/Plugins/Media/MediaCompositing/Binaries/Win64/UE4Editor-MediaCompositingEditor.dll (API version 3709383).
LogModuleManager: Display: Found up-to-date module file ../../../Engine/Plugins/Media/MediaPlayerEditor/Binaries/Win64/UE4Editor-MediaPlayerEditor.dll (API version 3709383).
LogModuleManager: Display: Found up-to-date module file ../../../Engine/Plugins/Media/WmfMedia/Binaries/Win64/UE4Editor-WmfMedia.dll (API version 3709383).
LogModuleManager: Display: Found up-to-date module file ../../../Engine/Plugins/Media/WmfMedia/Binaries/Win64/UE4Editor-WmfMediaEditor.dll (API version 3709383).
LogModuleManager: Display: Found up-to-date module file ../../../Engine/Plugins/Media/WmfMedia/Binaries/Win64/UE4Editor-WmfMediaFactory.dll (API version 3709383).
LogModuleManager: Display: Found up-to-date module file ../../../Engine/Plugins/Media/WmfMedia/Binaries/Win64/UE4Editor-WmfMediaFactory.dll (API version 3709383).
LogModuleManager: Display: Found up-to-date module file ../../../Engine/Plugins/Messaging/TcpMessaging/Binaries/Win64/UE4Editor-TcpMessaging.dll (API version 3709383).
LogModuleManager: Display: Found up-to-date module file ../../../Engine/Plugins/Messaging/UdpMessaging/Binaries/Win64/UE4Editor-UdpMessaging.dll (API version 3709383).
LogModuleManager: Display: Found up-to-date module file ../../../Engine/Plugins/MovieScene/ActorSequence/Binaries/Win64/UE4Editor-ActorSequence.dll (API version 3709383).
LogModuleManager: Display: Found up-to-date module file ../../../Engine/Plugins/MovieScene/LevelSequenceEditor/Binaries/Win64/UE4Editor-LevelSequenceEditor.dll (API version 3709383).
LogModuleManager: Display: Found up-to-date module file ../../../Engine/Plugins/MovieScene/MatineeToLevelSequence/Binaries/Win64/UE4Editor-MatineeToLevelSequence.dll (API version 3709383).
LogModuleManager: Display: Found up-to-date module file ../../../Engine/Plugins/Online/OnlineSubsystem/Binaries/Win64/UE4Editor-OnlineSubsystem.dll (API version 3709383).
LogModuleManager: Display: Found up-to-date module file ../../../Engine/Plugins/Runtime/AndroidPermission/Binaries/Win64/UE4Editor-AndroidPermission.dll (API version 3709383).
LogModuleManager: Display: Found up-to-date module file ../../../Engine/Plugins/Online/OnlineSubsystemNull/Binaries/Win64/UE4Editor-OnlineSubsystemNull.dll (API version 3709383).
LogModuleManager: Display: Found up-to-date module file ../../../Engine/Plugins/Online/OnlineSubsystemUtils/Binaries/Win64/UE4Editor-OnlineSubsystemUtils.dll (API version 3709383).
LogModuleManager: Display: Found up-to-date module file ../../../Engine/Plugins/Online/OnlineSubsystemUtils/Binaries/Win64/UE4Editor-OnlineBlueprintSupport.dll (API version 3709383).
LogModuleManager: Display: Found up-to-date module file ../../../Engine/Plugins/Runtime/AndroidDeviceProfileSelector/Binaries/Win64/UE4Editor-AndroidDeviceProfileSelector.dll (API version 3709383).
LogModuleManager: Display: Found up-to-date module file ../../../Engine/Plugins/Runtime/AppleARKit/Binaries/Win64/UE4Editor-AppleARKit.dll (API version 3709383).
LogModuleManager: Display: Found up-to-date module file ../../../Engine/Plugins/Runtime/ArchVisCharacter/Binaries/Win64/UE4Editor-ArchVisCharacter.dll (API version 3709383).
LogModuleManager: Display: Found up-to-date module file ../../../Engine/Plugins/Runtime/CableComponent/Binaries/Win64/UE4Editor-CableComponent.dll (API version 3709383).
LogModuleManager: Display: Found up-to-date module file ../../../Engine/Plugins/Runtime/CustomMeshComponent/Binaries/Win64/UE4Editor-CustomMeshComponent.dll (API version 3709383).
LogModuleManager: Display: Found up-to-date module file ../../../Engine/Plugins/Runtime/ExampleDeviceProfileSelector/Binaries/Win64/UE4Editor-ExampleDeviceProfileSelector.dll (API version 3709383).
LogModuleManager: Display: Found up-to-date module file ../../../Engine/Plugins/Runtime/ImmediatePhysics/Binaries/Win64/UE4Editor-ImmediatePhysics.dll (API version 3709383).
LogModuleManager: Display: Found up-to-date module file ../../../Engine/Plugins/Runtime/ImmediatePhysics/Binaries/Win64/UE4Editor-ImmediatePhysicsEditor.dll (API version 3709383).
LogModuleManager: Display: Found up-to-date module file ../../../Engine/Plugins/Runtime/LocationServicesBPLibrary/Binaries/Win64/UE4Editor-LocationServicesBPLibrary.dll (API version 3709383).
LogModuleManager: Display: Found up-to-date module file ../../../Engine/Plugins/Runtime/MobilePatchingUtils/Binaries/Win64/UE4Editor-MobilePatchingUtils.dll (API version 3709383).
LogModuleManager: Display: Found up-to-date module file ../../../Engine/Plugins/Runtime/Oculus/OculusVR/Binaries/Win64/UE4Editor-OculusHMD.dll (API version 3709383).
LogModuleManager: Display: Found up-to-date module file ../../../Engine/Plugins/Runtime/Oculus/OculusVR/Binaries/Win64/UE4Editor-OculusInput.dll (API version 3709383).
LogModuleManager: Display: Found up-to-date module file ../../../Engine/Plugins/Runtime/Oculus/OculusVR/Binaries/Win64/UE4Editor-OculusEditor.dll (API version 3709383).
LogModuleManager: Display: Found up-to-date module file ../../../Engine/Plugins/Runtime/PhysXVehicles/Binaries/Win64/UE4Editor-PhysXVehicles.dll (API version 3709383).
LogModuleManager: Display: Found up-to-date module file ../../../Engine/Plugins/Runtime/PhysXVehicles/Binaries/Win64/UE4Editor-PhysXVehiclesEditor.dll (API version 3709383).
LogModuleManager: Display: Found up-to-date module file ../../../Engine/Plugins/Runtime/ProceduralMeshComponent/Binaries/Win64/UE4Editor-ProceduralMeshComponent.dll (API version 3709383).
LogModuleManager: Display: Found up-to-date module file ../../../Engine/Plugins/Runtime/ProceduralMeshComponent/Binaries/Win64/UE4Editor-ProceduralMeshComponentEditor.dll (API version 3709383).
LogModuleManager: Display: Found up-to-date module file ../../../Engine/Plugins/Runtime/RuntimePhysXCooking/Binaries/Win64/UE4Editor-RuntimePhysXCooking.dll (API version 3709383).
LogModuleManager: Display: Found up-to-date module file ../../../Engine/Plugins/Runtime/Steam/SteamVR/Binaries/Win64/UE4Editor-SteamVR.dll (API version 3709383).
LogModuleManager: Display: Found up-to-date module file ../../../Engine/Plugins/Runtime/Steam/SteamVR/Binaries/Win64/UE4Editor-SteamVRController.dll (API version 3709383).
LogModuleManager: Display: Found up-to-date module file ../../../Engine/Plugins/Runtime/WindowsMoviePlayer/Binaries/Win64/UE4Editor-WindowsMoviePlayer.dll (API version 3709383).
LogPluginManager: Mounting plugin Paper2D
LogPluginManager: Mounting plugin LightPropagationVolume
LogPluginManager: Mounting plugin CodeLiteSourceCodeAccess
LogPluginManager: Mounting plugin GitSourceControl
LogPluginManager: Mounting plugin KDevelopSourceCodeAccess
LogPluginManager: Mounting plugin NullSourceCodeAccess
LogPluginManager: Mounting plugin PerforceSourceControl
LogPluginManager: Mounting plugin SubversionSourceControl
LogPluginManager: Mounting plugin UObjectPlugin
LogPluginManager: Mounting plugin VisualStudioCodeSourceCodeAccess
LogPluginManager: Mounting plugin VisualStudioSourceCodeAccess
LogPluginManager: Mounting plugin XCodeSourceCodeAccess
LogPluginManager: Mounting plugin AssetManagerEditor
LogPluginManager: Mounting plugin AudioCapture
LogPluginManager: Mounting plugin FacialAnimation
LogPluginManager: Mounting plugin GameplayTagsEditor
LogPluginManager: Mounting plugin MobileLauncherProfileWizard
LogPluginManager: Mounting plugin PluginBrowser
LogPluginManager: Mounting plugin SpeedTreeImporter
LogPluginManager: Mounting plugin AlembicImporter
LogPluginManager: Mounting plugin CharacterAI
LogPluginManager: Mounting plugin HTML5Networking
LogPluginManager: Mounting plugin AndroidMedia
LogPluginManager: Mounting plugin AvfMedia
LogPluginManager: Mounting plugin ImgMedia
LogPluginManager: Mounting plugin MediaCompositing
LogPluginManager: Mounting plugin MediaPlayerEditor
LogPluginManager: Mounting plugin WmfMedia
LogPluginManager: Mounting plugin TcpMessaging
LogPluginManager: Mounting plugin UdpMessaging
LogPluginManager: Mounting plugin ActorSequence
LogPluginManager: Mounting plugin LevelSequenceEditor
LogPluginManager: Mounting plugin MatineeToLevelSequence
LogPluginManager: Mounting plugin OnlineSubsystemGooglePlay
LogPluginManager: Mounting plugin OnlineSubsystemIOS
LogPluginManager: Mounting plugin OnlineSubsystem
LogPluginManager: Mounting plugin OnlineSubsystemNull
LogPluginManager: Mounting plugin OnlineSubsystemUtils
LogPluginManager: Mounting plugin AndroidDeviceProfileSelector
LogPluginManager: Mounting plugin AndroidMoviePlayer
LogPluginManager: Mounting plugin AndroidPermission
LogPluginManager: Mounting plugin AppleARKit
LogPluginManager: Mounting plugin AppleMoviePlayer
LogPluginManager: Mounting plugin ArchVisCharacter
LogPluginManager: Mounting plugin CableComponent
LogPluginManager: Mounting plugin CustomMeshComponent
LogPluginManager: Mounting plugin ExampleDeviceProfileSelector
LogPluginManager: Mounting plugin GoogleCloudMessaging
LogPluginManager: Mounting plugin ImmediatePhysics
LogPluginManager: Mounting plugin IOSDeviceProfileSelector
LogPluginManager: Mounting plugin LinuxDeviceProfileSelector
LogPluginManager: Mounting plugin LocationServicesBPLibrary
LogPluginManager: Mounting plugin MobilePatchingUtils
LogPluginManager: Mounting plugin OculusVR
LogPluginManager: Plugin shader directory ../../../Engine/Plugins/Runtime/Oculus/OculusVR/Shaders found
LogPluginManager: Mapping shader source directory ../../../Engine/Plugins/Runtime/Oculus/OculusVR/Shaders to virtual directory /Plugin/OculusVR
LogPluginManager: Mounting plugin PhysXVehicles
LogPluginManager: Mounting plugin ProceduralMeshComponent
LogPluginManager: Mounting plugin RuntimePhysXCooking
LogPluginManager: Mounting plugin SteamVR
LogPluginManager: Mounting plugin WindowsMoviePlayer
LogInit: Using libcurl 7.47.1
LogInit:  - built for x86_64-pc-win32
LogInit:  - supports SSL with OpenSSL/1.0.2g
LogInit:  - supports HTTP deflate (compression) using libz 1.2.8
LogInit:  - other features:
LogInit:      CURL_VERSION_SSL
LogInit:      CURL_VERSION_LIBZ
LogInit:      CURL_VERSION_IPV6
LogInit:      CURL_VERSION_ASYNCHDNS
LogInit:      CURL_VERSION_LARGEFILE
LogInit:      CURL_VERSION_IDN
LogInit:  CurlRequestOptions (configurable via config and command line):
LogInit:  - bVerifyPeer = false  - Libcurl will NOT verify peer certificate
LogInit:  - bUseHttpProxy = false  - Libcurl will NOT use HTTP proxy
LogInit:  - bDontReuseConnections = false  - Libcurl will reuse connections
LogInit:  - CertBundlePath = nullptr  - Libcurl will use whatever was configured at build time.
LogInit: Build: ++UE4+Release-4.18-CL-3832480
LogInit: Engine Version: 4.18.3-3832480+++UE4+Release-4.18
LogInit: Compatible Engine Version: 4.18.0-3709383+++UE4+Release-4.18
LogInit: Net CL: 3709383
LogDevObjectVersion: Number of dev versions registered: 16
LogDevObjectVersion:   Dev-Blueprints (B0D832E4-1F89-4F0D-ACCF-7EB736FD4AA2): 10
LogDevObjectVersion:   Dev-Build (E1C64328-A22C-4D53-A36C-8E866417BD8C): 0
LogDevObjectVersion:   Dev-Core (375EC13C-06E4-48FB-B500-84F0262A717E): 2
LogDevObjectVersion:   Dev-Editor (E4B068ED-F494-42E9-A231-DA0B2E46BB41): 20
LogDevObjectVersion:   Dev-Framework (CFFC743F-43B0-4480-9391-14DF171D2073): 30
LogDevObjectVersion:   Dev-Mobile (B02B49B5-BB20-44E9-A304-32B752E40360): 0
LogDevObjectVersion:   Dev-Networking (A4E4105C-59A1-49B5-A7C5-40C4547EDFEE): 0
LogDevObjectVersion:   Dev-Online (39C831C9-5AE6-47DC-9A44-9C173E1C8E7C): 0
LogDevObjectVersion:   Dev-Physics (78F01B33-EBEA-4F98-B9B4-84EACCB95AA2): 0
LogDevObjectVersion:   Dev-Platform (6631380F-2D4D-43E0-8009-CF276956A95A): 0
LogDevObjectVersion:   Dev-Rendering (12F88B9F-8875-4AFC-A67C-D90C383ABD29): 20
LogDevObjectVersion:   Dev-Sequencer (7B5AE74C-D270-4C10-A958-57980B212A5A): 4
LogDevObjectVersion:   Dev-VR (D7296918-1DD6-4BDD-9DE2-64A83CC13884): 0
LogDevObjectVersion:   Dev-LoadTimes (C2A15278-BFE7-4AFE-6C17-90FF531DF755): 1
LogDevObjectVersion:   Private-Geometry (6EACA3D4-40EC-4CC1-B786-8BED09428FC5): 1
LogDevObjectVersion:   Dev-AnimPhys (29E575DD-E0A3-4627-9D10-D276232CDCEA): 12
LogInit: Compiled (64-bit): Jan 12 2018 02:04:55
LogInit: Compiled with Visual C++: 19.00.24215.01
LogInit: Build Configuration: Development
LogInit: Branch Name: ++UE4+Release-4.18
LogInit: Command line:  
LogInit: Base directory: F:/Unreal/UE_4.18/Engine/Binaries/Win64/
LogInit: Installed Engine Build: 1
LogInit: Presizing for max 8388607 objects, including 0 objects not considered by GC, pre-allocating 0 bytes for permanent pool.
LogInit: Object subsystem initialized
[2018.03.01-15.44.23:289][  0]LogInit: Selected Device Profile: [Windows]
[2018.03.01-15.44.23:289][  0]LogInit: Applying CVar settings loaded from the selected device profile: [Windows]
[2018.03.01-15.44.23:343][  0]LogInit: Computer: DESKTOP-85SM3M5
[2018.03.01-15.44.23:343][  0]LogInit: User: Олег
[2018.03.01-15.44.23:343][  0]LogInit: CPU Page size=4096, Cores=2
[2018.03.01-15.44.23:343][  0]LogInit: High frequency timer resolution =2.340362 MHz
[2018.03.01-15.44.23:343][  0]LogMemory: Memory total: Physical=7.9GB (8GB approx)
[2018.03.01-15.44.23:343][  0]LogMemory: Platform Memory Stats for Windows
[2018.03.01-15.44.23:343][  0]LogMemory: Process Physical Memory: 272.92 MB used, 272.92 MB peak
[2018.03.01-15.44.23:343][  0]LogMemory: Process Virtual Memory: 271.32 MB used, 271.32 MB peak
[2018.03.01-15.44.23:343][  0]LogMemory: Physical Memory: 7239.14 MB used,  855.69 MB free, 8094.83 MB total
[2018.03.01-15.44.23:343][  0]LogMemory: Virtual Memory: 675.34 MB used,  855.69 MB free, 134217728.00 MB total
[2018.03.01-15.44.24:032][  0]LogInit: Using OS detected language (ru-RU).
[2018.03.01-15.44.24:032][  0]LogInit: Using OS detected locale (ru-RU).
[2018.03.01-15.44.24:127][  0]LogTextLocalizationManager: No localization for 'ru-RU' exists, so 'en' will be used for the language.
[2018.03.01-15.44.24:128][  0]LogTextLocalizationManager: No localization for 'ru-RU' exists, so 'en' will be used for the locale.
[2018.03.01-15.44.24:918][  0]LogInit: Setting process to per monitor DPI aware
[2018.03.01-15.44.25:839][  0]LogD3D11RHI: D3D11 adapters:
[2018.03.01-15.44.26:009][  0]LogD3D11RHI:    0. 'NVIDIA GeForce 940M' (Feature Level 11_0)
[2018.03.01-15.44.26:009][  0]LogD3D11RHI:       2010/0/4047 MB DedicatedVideo/DedicatedSystem/SharedSystem, Outputs:2, VendorId:0x10de
[2018.03.01-15.44.26:065][  0]LogD3D11RHI:    1. 'Intel(R) HD Graphics 5500' (Feature Level 11_0)
[2018.03.01-15.44.26:065][  0]LogD3D11RHI:       128/0/4047 MB DedicatedVideo/DedicatedSystem/SharedSystem, Outputs:0, VendorId:0x8086
[2018.03.01-15.44.26:119][  0]LogD3D11RHI:    2. 'Microsoft Basic Render Driver' (Feature Level 11_0)
[2018.03.01-15.44.26:119][  0]LogD3D11RHI:       0/0/4047 MB DedicatedVideo/DedicatedSystem/SharedSystem, Outputs:0, VendorId:0x1414
[2018.03.01-15.44.26:119][  0]LogD3D11RHI: Chosen D3D11 Adapter: 0
[2018.03.01-15.44.26:126][  0]LogD3D11RHI: Creating new Direct3DDevice
[2018.03.01-15.44.26:126][  0]LogD3D11RHI:     GPU DeviceId: 0x1347 (for the marketing name, search the web for "GPU Device Id")
[2018.03.01-15.44.26:126][  0]LogWindows: EnumDisplayDevices:
[2018.03.01-15.44.26:126][  0]LogWindows:    0. 'Intel(R) HD Graphics 5500' (P:0 D:1)
[2018.03.01-15.44.26:126][  0]LogWindows:    1. 'Intel(R) HD Graphics 5500' (P:1 D:1)
[2018.03.01-15.44.26:126][  0]LogWindows:    2. 'Intel(R) HD Graphics 5500' (P:0 D:0)
[2018.03.01-15.44.26:127][  0]LogWindows: DebugString: GetVideoDriverDetailsInvalid PrimaryIsNotTheChoosenAdapter GetVideoDriverDetailsInvalid PrimaryIsNotTheChoosenAdapter GetVideoDriverDetailsInvalid PrimaryIsNotTheChoosenAdapter FoundDriverCount:0 
[2018.03.01-15.44.26:127][  0]LogD3D11RHI:     Adapter Name: NVIDIA GeForce 940M
[2018.03.01-15.44.26:127][  0]LogD3D11RHI:   Driver Version: Unknown (internal:Unknown, unified:Unknown)
[2018.03.01-15.44.26:127][  0]LogD3D11RHI:      Driver Date: Unknown
[2018.03.01-15.44.26:127][  0]LogRHI: Texture pool is 1407 MB (70% of 2010 MB)
[2018.03.01-15.44.26:153][  0]LogD3D11RHI: Async texture creation enabled
[2018.03.01-15.44.26:173][  0]LogD3D11RHI: GPU Timing Frequency: 1000.000000 (Debug: 2 2)
[2018.03.01-15.44.26:174][  0]LogShaderCompilers: Guid format shader working directory is 9 characters bigger than the processId version (../../../../../UE Project/earthsea418/Intermediate/Shaders/WorkingDirectory/872/).
[2018.03.01-15.44.26:174][  0]LogShaderCompilers: Cleaned the shader compiler working directory 'C:/Users/Олег/AppData/Local/Temp/UnrealShaderWorkingDir/D3276F304F0E6B04C26DAA983A03915C/'.
[2018.03.01-15.44.26:174][  0]LogShaderCompilers: Display: Using Local Shader Compiler.
[2018.03.01-15.44.30:167][  0]LogTemp: Display: Loaded TP AllDesktopTargetPlatform
[2018.03.01-15.44.30:208][  0]LogTemp: Display: Loaded TP MacClientTargetPlatform
[2018.03.01-15.44.30:256][  0]LogTemp: Display: Loaded TP MacNoEditorTargetPlatform
[2018.03.01-15.44.30:297][  0]LogTemp: Display: Loaded TP MacServerTargetPlatform
[2018.03.01-15.44.30:361][  0]LogTemp: Display: Loaded TP MacTargetPlatform
[2018.03.01-15.44.30:402][  0]LogTemp: Display: Loaded TP WindowsClientTargetPlatform
[2018.03.01-15.44.30:442][  0]LogTemp: Display: Loaded TP WindowsNoEditorTargetPlatform
[2018.03.01-15.44.30:488][  0]LogTemp: Display: Loaded TP WindowsServerTargetPlatform
[2018.03.01-15.44.30:521][  0]LogTemp: Display: Loaded TP WindowsTargetPlatform
[2018.03.01-15.44.30:563][  0]LogTemp: Display: Loaded TP Android_ASTCTargetPlatform
[2018.03.01-15.44.30:604][  0]LogTemp: Display: Loaded TP Android_ATCTargetPlatform
[2018.03.01-15.44.30:652][  0]LogTemp: Display: Loaded TP Android_DXTTargetPlatform
[2018.03.01-15.44.30:694][  0]LogTemp: Display: Loaded TP Android_ETC1TargetPlatform
[2018.03.01-15.44.30:734][  0]LogTemp: Display: Loaded TP Android_ETC2TargetPlatform
[2018.03.01-15.44.30:817][  0]LogTemp: Display: Loaded TP Android_MultiTargetPlatform
[2018.03.01-15.44.30:817][  0]LogTemp: Display: Loaded TP Android_PVRTCTargetPlatform
[2018.03.01-15.44.30:872][  0]LogTemp: Display: Loaded TP AndroidTargetPlatform
[2018.03.01-15.44.30:902][  0]LogTemp: Display: Loaded TP HTML5TargetPlatform
[2018.03.01-15.44.31:039][  0]LogTemp: Display: Loaded TP IOSTargetPlatform
[2018.03.01-15.44.31:063][  0]LogTemp: Display: Loaded TP TVOSTargetPlatform
[2018.03.01-15.44.31:103][  0]LogTemp: Display: Loaded TP LinuxClientTargetPlatform
[2018.03.01-15.44.31:144][  0]LogTemp: Display: Loaded TP LinuxNoEditorTargetPlatform
[2018.03.01-15.44.31:184][  0]LogTemp: Display: Loaded TP LinuxServerTargetPlatform
[2018.03.01-15.44.31:225][  0]LogTemp: Display: Loaded TP LinuxTargetPlatform
[2018.03.01-15.44.31:225][  0]LogTargetPlatformManager: Display: Building Assets For Windows
[2018.03.01-15.44.31:947][  0]LogDerivedDataCache: Display: Max Cache Size: 512 MB
[2018.03.01-15.44.32:029][  0]LogDerivedDataCache: Loaded boot cache 0.08s 78MB C:/Users/Олег/AppData/Local/UnrealEngine/4.18/DerivedDataCache/Boot.ddc.
[2018.03.01-15.44.32:029][  0]LogDerivedDataCache: Display: Loaded Boot cache: C:/Users/Олег/AppData/Local/UnrealEngine/4.18/DerivedDataCache/Boot.ddc
[2018.03.01-15.44.32:029][  0]LogDerivedDataCache: FDerivedDataBackendGraph:  Pak pak cache file ../../../../../UE Project/earthsea418/DerivedDataCache/DDC.ddp not found, will not use a pak cache.
[2018.03.01-15.44.32:029][  0]LogDerivedDataCache: Unable to find inner node Pak for hierarchical cache Hierarchy.
[2018.03.01-15.44.32:029][  0]LogDerivedDataCache: FDerivedDataBackendGraph:  CompressedPak pak cache file ../../../../../UE Project/earthsea418/DerivedDataCache/Compressed.ddp not found, will not use a pak cache.
[2018.03.01-15.44.32:029][  0]LogDerivedDataCache: Unable to find inner node CompressedPak for hierarchical cache Hierarchy.
[2018.03.01-15.44.32:049][  0]LogDerivedDataCache: Display: Pak cache opened for reading ../../../Engine/DerivedDataCache/Compressed.ddp.
[2018.03.01-15.44.32:062][  0]LogDerivedDataCache: Using Local data cache path C:/Users/Олег/AppData/Local/UnrealEngine/Common/DerivedDataCache: Writable
[2018.03.01-15.44.32:073][  0]LogMaterial: Verifying Global Shaders for PCD3D_SM5
[2018.03.01-15.44.32:073][  0]LogSlate: Using Freetype 2.6.0
[2018.03.01-15.44.32:079][  0]LogSlate: SlateFontCache - WITH_FREETYPE: 1, WITH_HARFBUZZ: 1
[2018.03.01-15.44.32:079][  0]LogSlate: SlateFontCache - WITH_FREETYPE: 1, WITH_HARFBUZZ: 1
[2018.03.01-15.44.33:796][  0]LogInit: Selected Device Profile: [Windows]
[2018.03.01-15.44.34:297][  0]LogSimplygon: Simplygon DLL not present - disabling.
[2018.03.01-15.44.34:341][  0]LogMeshReduction: Using SimplygonSwarm for distributed automatic mesh merging
[2018.03.01-15.44.34:341][  0]LogMeshReduction: Using QuadricMeshReduction for automatic static mesh reduction
[2018.03.01-15.44.34:341][  0]LogMeshReduction: No automatic skeletal mesh reduction module available
[2018.03.01-15.44.34:341][  0]LogMeshReduction: No automatic mesh merging module available
[2018.03.01-15.44.34:342][  0]LogMeshMerging: No automatic mesh merging module available
[2018.03.01-15.44.34:371][  0]LogNetVersion: earthsea418 , NetCL: 3709383, EngineNetVer: 2, GameNetVer: 0 (Checksum: 4181013138)
[2018.03.01-15.44.34:539][  0]LogAssetRegistry: FAssetRegistry took 0.0263 seconds to start up
[2018.03.01-15.44.35:106][  0]LogPackageLocalizationCache: Processed 7 localized package path(s) for 1 prioritized culture(s) in 0.059890 seconds
[2018.03.01-15.44.35:112][  0]LogUObjectArray: 35870 objects as part of root set at end of initial load.
[2018.03.01-15.44.35:112][  0]LogUObjectAllocator: 7363696 out of 0 bytes used by permanent object pool.
[2018.03.01-15.44.35:112][  0]LogUObjectArray: CloseDisregardForGC: 0/0 objects in disregard for GC pool
[2018.03.01-15.44.35:152][  0]LogInit: WinSock: version 1.1 (2.2), MaxSocks=32767, MaxUdp=65467
[2018.03.01-15.44.39:054][  0]LogTcpMessaging: Initializing TcpMessaging bridge
[2018.03.01-15.44.39:087][  0]LogUdpMessaging: Initializing bridge on interface 0.0.0.0:0 to multicast group 230.0.0.1:6666.
[2018.03.01-15.44.39:635][  0]LogMaterial: Uniform references updated for custom material expression Custom.
[2018.03.01-15.44.39:995][  0]SourceControl: Source control is disabled
[2018.03.01-15.44.42:510][  0]LogAndroidPermission: UAndroidPermissionCallbackProxy::GetInstance
[2018.03.01-15.44.42:706][  0]LogOcInput: OculusInput pre-init called
[2018.03.01-15.44.42:934][  0]LogEngine: Initializing Engine...
[2018.03.01-15.44.42:936][  0]LogHMD: Failed to initialize OpenVR with code 110
[2018.03.01-15.44.43:172][  0]LogStats: UGameplayTagsManager::ConstructGameplayTagTree: Construct from data asset -  0.000 s
[2018.03.01-15.44.43:172][  0]LogStats: UGameplayTagsManager::ConstructGameplayTagTree: GameplayTagTreeChangedEvent.Broadcast -  0.000 s
[2018.03.01-15.44.43:271][  0]LogAIModule: Creating AISystem for world Untitled
[2018.03.01-15.44.43:277][  0]LogInit: XAudio2 using 'Динамики (Realtek High Definition Audio)' : 2 channels at 48 kHz using 32 bits per sample (channel mask 0x3)
[2018.03.01-15.44.43:345][  0]LogInit: FAudioDevice initialized.
[2018.03.01-15.44.43:473][  0]LogDerivedDataCache: Saved boot cache 0.13s 78MB C:/Users/Олег/AppData/Local/UnrealEngine/4.18/DerivedDataCache/Boot.ddc.
[2018.03.01-15.44.43:486][  0]LogInit: Texture streaming: Enabled
[2018.03.01-15.44.43:564][  0]LogEngineSessionManager: EngineSessionManager initialized
[2018.03.01-15.44.43:672][  0]LogInit: Transaction tracking system initialized
[2018.03.01-15.44.43:905][  0]BlueprintLog: New page: Editor Load
[2018.03.01-15.44.44:573][  0]LocalizationService: Localization service is disabled
[2018.03.01-15.44.44:971][  0]LogLinker: Warning: Can't find file '/Game/TopDownBP/TopDownOverview'
[2018.03.01-15.44.44:971][  0]LogLinker: Warning: Can't find file '/Game/TopDownBP/TopDownOverview'
[2018.03.01-15.44.44:971][  0]LogUObjectGlobals: Warning: Failed to find object 'Class /Game/TopDownBP/TopDownOverview.TopDownOverview_C'
[2018.03.01-15.44.45:134][  0]LogConsoleResponse: Display: 
[2018.03.01-15.44.45:350][  0]LogCook: Display: Max memory allowance for cook 16384mb min free memory 0mb
[2018.03.01-15.44.45:350][  0]LogFileCache: Scanning file cache for directory 'F:/UE Project/earthsea418/Content/' took 0.03s
[2018.03.01-15.44.45:350][  0]LogCook: Display: Mobile HDR setting 1
[2018.03.01-15.44.45:350][  0]LogGameplayTags: Display: UGameplayTagsManager::DoneAddingNativeTags. DelegateIsBound: 0
[2018.03.01-15.44.46:250][  0]Cmd: MAP LOAD FILE="../../../Engine/Content/Maps/Templates/Template_Default.umap" TEMPLATE=1 SHOWPROGRESS=1 FEATURELEVEL=3
[2018.03.01-15.44.46:250][  0]LightingResults: New page: Lighting Build
[2018.03.01-15.44.46:282][  0]MapCheck: New page: Map Check
[2018.03.01-15.44.46:282][  0]LightingResults: New page: Lighting Build
[2018.03.01-15.44.46:905][  0]LogAIModule: Creating AISystem for world Untitled_1
[2018.03.01-15.44.46:993][  0]LogEditorServer: Finished looking for orphan Actors (0.000 secs)
[2018.03.01-15.44.47:016][  0]Cmd: MAP CHECKDEP NOCLEARLOG
[2018.03.01-15.44.47:051][  0]MapCheck: Map check complete: 0 Error(s), 0 Warning(s), took 35.627ms to complete.
[2018.03.01-15.44.47:051][  0]LogFileHelpers: Loading map 'Template_Default' took 0.802
[2018.03.01-15.44.47:162][  0]LogWindowsTextInputMethodSystem: Display: IME system now deactivated.
[2018.03.01-15.44.47:282][  0]LogCollectionManager: Loaded 0 collections in 0.001765 seconds
[2018.03.01-15.44.47:370][  0]LogFileCache: Scanning file cache for directory 'F:/UE Project/earthsea418/Saved/Collections/' took 0.01s
[2018.03.01-15.44.47:370][  0]LogFileCache: Scanning file cache for directory 'F:/UE Project/earthsea418/Content/Developers/Олег/Collections/' took 0.01s
[2018.03.01-15.44.47:370][  0]LogFileCache: Scanning file cache for directory 'F:/UE Project/earthsea418/Content/Collections/' took 0.01s
[2018.03.01-15.44.47:370][  0]LogCollectionManager: Rebuilt the GUID cache for 0 collections in 0.000000 seconds
[2018.03.01-15.44.47:379][  0]LogContentBrowser: Native class hierarchy populated in 0.0090 seconds. Added 2363 classes and 519 folders.
[2018.03.01-15.44.47:454][  0]LogContentBrowser: Native class hierarchy updated for 'WidgetCarousel' in 0.0004 seconds. Added 0 classes and 0 folders.
[2018.03.01-15.44.47:493][  0]LogContentBrowser: Native class hierarchy updated for 'AddContentDialog' in 0.0003 seconds. Added 0 classes and 0 folders.
[2018.03.01-15.44.47:536][  0]LogContentBrowser: Native class hierarchy updated for 'SceneOutliner' in 0.0004 seconds. Added 1 classes and 2 folders.
[2018.03.01-15.44.47:556][  0]LogSlate: Took 0.000236 seconds to synchronously load lazily loaded font '../../../Engine/Content/Slate/Fonts/Roboto-Regular.ttf' (155K)
[2018.03.01-15.44.47:560][  0]LogSlate: Took 0.000876 seconds to synchronously load lazily loaded font '../../../Engine/Content/Slate/Fonts/Roboto-Bold.ttf' (160K)
[2018.03.01-15.44.47:568][  0]LogSlate: Took 0.000238 seconds to synchronously load lazily loaded font '../../../Engine/Content/Editor/Slate/Fonts/FontAwesome.ttf' (139K)
[2018.03.01-15.44.47:695][  0]LogRenderer: Reallocating scene render targets to support 1208x608 Format 10 NumSamples 1 (Frame:1).
[2018.03.01-15.44.48:088][  0]LogContentBrowser: Native class hierarchy updated for 'HierarchicalLODOutliner' in 0.0003 seconds. Added 1 classes and 2 folders.
[2018.03.01-15.44.48:088][  0]LogLoad: (Engine Initialization) Total time: 37.43 seconds
[2018.03.01-15.44.48:088][  0]LogLoad: (Engine Initialization) Total Blueprint compile time: 0.00 seconds
[2018.03.01-15.44.48:088][  0]LogExternalProfiler: No external profilers were discovered.  External profiling features will not be available.
[2018.03.01-15.44.48:123][  0]LogAssetRegistry: Asset discovery search completed in 13.6058 seconds
[2018.03.01-15.44.48:126][  0]LogCollectionManager: Rebuilt the object cache for 0 collections in 0.000002 seconds (found 0 objects)
[2018.03.01-15.44.48:126][  0]LogCollectionManager: Fixed up redirectors for 0 collections in 0.000217 seconds (updated 0 objects)
[2018.03.01-15.44.48:127][  0]SourceControl: On branch master
[2018.03.01-15.44.48:127][  0]SourceControl: Your branch is up to date with 'origin/master'.
[2018.03.01-15.44.48:127][  0]SourceControl: Changes not staged for commit:
[2018.03.01-15.44.48:127][  0]SourceControl:   (use "git add/rm <file>..." to update what will be committed)
[2018.03.01-15.44.48:127][  0]SourceControl:   (use "git checkout -- <file>..." to discard changes in working directory)
[2018.03.01-15.44.48:127][  0]SourceControl: 	modified:   Content/Forest_Sound1_Cue.uasset
[2018.03.01-15.44.48:127][  0]SourceControl: 	modified:   Intermediate/AssetRegistryCache/c90e3f55.bin
[2018.03.01-15.44.48:127][  0]SourceControl: 	modified:   Intermediate/CachedAssetRegistry.bin
[2018.03.01-15.44.48:127][  0]SourceControl: 	modified:   Saved/AutoScreenshot.png
[2018.03.01-15.44.48:127][  0]SourceControl: 	modified:   Saved/Autosaves/PackageRestoreData.json
[2018.03.01-15.44.48:127][  0]SourceControl: 	deleted:    Saved/Logs/earthsea418-backup-2018.03.01-00.26.31.log
[2018.03.01-15.44.48:127][  0]SourceControl: 	deleted:    Saved/Logs/earthsea418-backup-2018.03.01-02.18.47.log
[2018.03.01-15.44.48:127][  0]SourceControl: 	modified:   Saved/Logs/earthsea418.log
[2018.03.01-15.44.48:127][  0]SourceControl: Untracked files:
[2018.03.01-15.44.48:127][  0]SourceControl:   (use "git add <file>..." to include in what will be committed)
[2018.03.01-15.44.48:127][  0]SourceControl: 	Intermediate/AssetRegistryCache/1f683343.bin
[2018.03.01-15.44.48:127][  0]SourceControl: 	Intermediate/AssetRegistryCache/2657c409.bin
[2018.03.01-15.44.48:127][  0]SourceControl: 	Intermediate/AssetRegistryCache/2f5244c7.bin
[2018.03.01-15.44.48:127][  0]SourceControl: 	Intermediate/AssetRegistryCache/311563bb.bin
[2018.03.01-15.44.48:127][  0]SourceControl: 	Intermediate/AssetRegistryCache/52ed2538.bin
[2018.03.01-15.44.48:127][  0]SourceControl: 	Intermediate/AssetRegistryCache/866581fd.bin
[2018.03.01-15.44.48:127][  0]SourceControl: 	Intermediate/AssetRegistryCache/8c0e1344.bin
[2018.03.01-15.44.48:127][  0]SourceControl: 	Intermediate/AssetRegistryCache/f0d5030c.bin
[2018.03.01-15.44.48:127][  0]SourceControl: 	Intermediate/Config/
[2018.03.01-15.44.48:127][  0]SourceControl: 	Intermediate/ReimportCache/
[2018.03.01-15.44.48:127][  0]SourceControl: 	Saved/Backup/Forest_Sound1_Cue_2018-03-01-17-04-18.uasset
[2018.03.01-15.44.48:127][  0]SourceControl: 	Saved/Config/CrashReportClient/UE4CC-Windows-A630919E484D6BB81F48358DD3859833/
[2018.03.01-15.44.48:127][  0]SourceControl: 	Saved/Config/CrashReportClient/UE4CC-Windows-D23A53994243B595F00C798B0C217AEF/
[2018.03.01-15.44.48:127][  0]SourceControl: 	Saved/Config/Windows/Compat.ini
[2018.03.01-15.44.48:127][  0]SourceControl: 	Saved/Config/Windows/DeviceProfiles.ini
[2018.03.01-15.44.48:127][  0]SourceControl: 	Saved/Config/Windows/Editor.ini
[2018.03.01-15.44.48:127][  0]SourceControl: 	Saved/Config/Windows/Game.ini
[2018.03.01-15.44.48:127][  0]SourceControl: 	Saved/Config/Windows/GameUserSettings.ini
[2018.03.01-15.44.48:127][  0]SourceControl: 	Saved/Config/Windows/Hardware.ini
[2018.03.01-15.44.48:128][  0]SourceControl: 	Saved/Config/Windows/Input.ini
[2018.03.01-15.44.48:128][  0]SourceControl: 	Saved/Config/Windows/Lightmass.ini
[2018.03.01-15.44.48:128][  0]SourceControl: 	Saved/Config/Windows/OculusVR.ini
[2018.03.01-15.44.48:128][  0]SourceControl: 	Saved/Config/Windows/Paper2D.ini
[2018.03.01-15.44.48:128][  0]SourceControl: 	Saved/Config/Windows/PhysXVehicles.ini
[2018.03.01-15.44.48:128][  0]SourceControl: 	Saved/Config/Windows/Scalability.ini
[2018.03.01-15.44.48:128][  0]SourceControl: 	Saved/Logs/earthsea418-backup-2018.03.01-17.00.25.log
[2018.03.01-15.44.48:128][  0]SourceControl: 	Saved/Logs/earthsea418-backup-2018.03.01-18.44.19.log
[2018.03.01-15.44.48:128][  0]SourceControl: no changes added to commit (use "git add" and/or "git commit -a")
[2018.03.01-15.44.48:128][  0]LogContentStreaming: Texture pool size now 1000 MB
[2018.03.01-15.44.48:159][  0]LogSlate: Took 0.000142 seconds to synchronously load lazily loaded font '../../../Engine/Content/Slate/Fonts/Roboto-Light.ttf' (159K)
[2018.03.01-15.44.51:258][139]LogSlate: Took 0.000179 seconds to synchronously load lazily loaded font '../../../Engine/Content/Slate/Fonts/Roboto-Light.ttf' (159K)
[2018.03.01-15.44.51:317][139]LogLinker: Warning: Can't find file '/Game/character/temp'
[2018.03.01-15.44.51:317][139]LogLinker: Warning: Can't find file for asset '/Game/character/temp' while loading ../../../../../UE Project/earthsea418/Content/default.umap.
[2018.03.01-15.44.51:317][139]LoadErrors: Error: /Game/default : Can't find file for asset. /Game/character/temp
[2018.03.01-15.44.51:318][139]LogLinker: Warning: Can't find file '/Game/character/temp'
[2018.03.01-15.44.51:318][139]LogLinker: Warning: Can't find file for asset '/Game/character/temp' while loading ../../../../../UE Project/earthsea418/Content/default.umap.
[2018.03.01-15.44.51:318][139]LogLinker: Warning: Can't find file '/Game/character/temp'
[2018.03.01-15.44.51:318][139]LogLinker: Warning: Can't find file for asset '/Game/character/temp' while loading ../../../../../UE Project/earthsea418/Content/default.umap.
[2018.03.01-15.44.51:319][139]LogLinker: Warning: Can't find file '/Game/character/temp'
[2018.03.01-15.44.51:319][139]LogLinker: Warning: Can't find file for asset '/Game/character/temp' while loading ../../../../../UE Project/earthsea418/Content/default.umap.
[2018.03.01-15.44.51:319][139]LogLinker: Warning: Can't find file '/Game/character/temp'
[2018.03.01-15.44.51:319][139]LogLinker: Warning: Can't find file for asset '/Game/character/temp' while loading ../../../../../UE Project/earthsea418/Content/default.umap.
[2018.03.01-15.44.51:346][139]LogLinker: Warning: Can't find file '/Game/grass'
[2018.03.01-15.44.51:346][139]LogLinker: Warning: Can't find file for asset '/Game/grass' while loading ../../../../../UE Project/earthsea418/Content/default.umap.
[2018.03.01-15.44.51:346][139]LoadErrors: Error: /Game/default : Can't find file for asset. /Game/grass
[2018.03.01-15.44.51:347][139]LogLinker: Warning: Can't find file '/Game/character/temp'
[2018.03.01-15.44.51:347][139]LogLinker: Warning: Can't find file for asset '/Game/character/temp' while loading ../../../../../UE Project/earthsea418/Content/default.umap.
[2018.03.01-15.44.51:348][139]LogLinker: Warning: Can't find file '/Game/grass'
[2018.03.01-15.44.51:348][139]LogLinker: Warning: Can't find file for asset '/Game/grass' while loading ../../../../../UE Project/earthsea418/Content/default.umap.
[2018.03.01-15.44.51:348][139]LogLinker: Warning: Can't find file '/Game/character/temp'
[2018.03.01-15.44.51:348][139]LogLinker: Warning: Can't find file for asset '/Game/character/temp' while loading ../../../../../UE Project/earthsea418/Content/default.umap.
[2018.03.01-15.44.51:349][139]LogLinker: Warning: Can't find file '/Game/character/temp'
[2018.03.01-15.44.51:349][139]LogLinker: Warning: Can't find file for asset '/Game/character/temp' while loading ../../../../../UE Project/earthsea418/Content/default.umap.
[2018.03.01-15.44.51:349][139]LogLinker: Warning: Can't find file '/Game/character/temp'
[2018.03.01-15.44.51:349][139]LogLinker: Warning: Can't find file for asset '/Game/character/temp' while loading ../../../../../UE Project/earthsea418/Content/default.umap.
[2018.03.01-15.44.51:350][139]LogLinker: Warning: Can't find file '/Game/character/temp'
[2018.03.01-15.44.51:350][139]LogLinker: Warning: Can't find file for asset '/Game/character/temp' while loading NULL.
[2018.03.01-15.44.51:350][139]LogLinker: Warning: Can't find file '/Game/character/temp'
[2018.03.01-15.44.51:350][139]LogLinker: Warning: Can't find file for asset '/Game/character/temp' while loading NULL.
[2018.03.01-15.44.51:351][139]LogLinker: Warning: Can't find file '/Game/character/temp'
[2018.03.01-15.44.51:351][139]LogLinker: Warning: Can't find file for asset '/Game/character/temp' while loading NULL.
[2018.03.01-15.44.51:351][139]LogLinker: Warning: Can't find file '/Game/character/temp'
[2018.03.01-15.44.51:351][139]LogLinker: Warning: Can't find file for asset '/Game/character/temp' while loading NULL.
[2018.03.01-15.44.51:352][139]LogLinker: Warning: Can't find file '/Game/character/temp'
[2018.03.01-15.44.51:352][139]LogLinker: Warning: Can't find file for asset '/Game/character/temp' while loading NULL.
[2018.03.01-15.44.51:352][139]LogLinker: Warning: Can't find file '/Game/character/temp'
[2018.03.01-15.44.51:352][139]LogLinker: Warning: Can't find file for asset '/Game/character/temp' while loading NULL.
[2018.03.01-15.44.51:352][139]LogLinker: Warning: Can't find file '/Game/character/temp'
[2018.03.01-15.44.51:352][139]LogLinker: Warning: Can't find file for asset '/Game/character/temp' while loading NULL.
[2018.03.01-15.44.51:352][139]LogLinker: Warning: Can't find file '/Game/character/temp'
[2018.03.01-15.44.51:352][139]LogLinker: Warning: Can't find file for asset '/Game/character/temp' while loading NULL.
[2018.03.01-15.44.51:395][139]LogLinker: Warning: Can't find file '/Game/character/temp'
[2018.03.01-15.44.51:395][139]LogLinker: Warning: Can't find file for asset '/Game/character/temp' while loading NULL.
[2018.03.01-15.44.51:395][139]LogLinker: Warning: Can't find file '/Game/character/temp'
[2018.03.01-15.44.51:395][139]LogLinker: Warning: Can't find file for asset '/Game/character/temp' while loading NULL.
[2018.03.01-15.44.51:395][139]LogLinker: Warning: Can't find file '/Game/character/temp'
[2018.03.01-15.44.51:396][139]LogLinker: Warning: Can't find file for asset '/Game/character/temp' while loading NULL.
[2018.03.01-15.44.51:396][139]LogLinker: Warning: Can't find file '/Game/character/temp'
[2018.03.01-15.44.51:396][139]LogLinker: Warning: Can't find file for asset '/Game/character/temp' while loading NULL.
[2018.03.01-15.44.51:397][139]LogLinker: Warning: Can't find file '/Game/character/temp'
[2018.03.01-15.44.51:397][139]LogLinker: Warning: Can't find file for asset '/Game/character/temp' while loading NULL.
[2018.03.01-15.44.51:397][139]LogLinker: Warning: Can't find file '/Game/character/temp'
[2018.03.01-15.44.51:397][139]LogLinker: Warning: Can't find file for asset '/Game/character/temp' while loading NULL.
[2018.03.01-15.44.51:402][139]LogLinker: Warning: Can't find file '/Game/grass'
[2018.03.01-15.44.51:402][139]LoadErrors: Failed to load /Game/grass.grass Referenced by Landscape_0
[2018.03.01-15.44.51:402][139]LogLinker: Warning: Can't find file for asset '/Game/grass' while loading NULL.
[2018.03.01-15.44.51:446][139]LogLinker: Warning: Can't find file '/Game/grass'
[2018.03.01-15.44.51:446][139]LoadErrors: Failed to load /Game/grass.grass Referenced by LandscapeMaterialInstanceConstant_0
[2018.03.01-15.44.51:446][139]LogLinker: Warning: Can't find file for asset '/Game/grass' while loading NULL.
[2018.03.01-15.44.51:459][139]LogLinker: Warning: Can't find file '/Game/character/temp'
[2018.03.01-15.44.51:460][139]LogLinker: Warning: Can't find file for asset '/Game/character/temp' while loading NULL.
[2018.03.01-15.44.51:460][139]LogLinker: Warning: Can't find file '/Game/character/temp'
[2018.03.01-15.44.51:460][139]LoadErrors: Failed to load /Game/character/temp.temp_C Referenced by PersistentLevel
[2018.03.01-15.44.51:460][139]LogLinker: Warning: Can't find file for asset '/Game/character/temp' while loading NULL.
[2018.03.01-15.44.51:597][139]LogAIModule: Creating AISystem for world default
[2018.03.01-15.44.51:694][139]Cmd: MAP LOAD FILE="../../../../../UE Project/earthsea418/Content/default.umap" TEMPLATE=0 SHOWPROGRESS=1 FEATURELEVEL=3
[2018.03.01-15.44.51:694][139]LightingResults: New page: Lighting Build
[2018.03.01-15.44.51:695][139]LoadErrors: New page: Loading map: default.umap
[2018.03.01-15.44.51:704][139]MapCheck: New page: Map Check
[2018.03.01-15.44.51:704][139]LightingResults: New page: Lighting Build
[2018.03.01-15.44.53:398][139]LogEditorServer: Finished looking for orphan Actors (0.000 secs)
[2018.03.01-15.44.53:433][139]Cmd: MAP CHECKDEP NOCLEARLOG
[2018.03.01-15.44.53:468][139]MapCheck: Map check complete: 0 Error(s), 0 Warning(s), took 35.635ms to complete.
[2018.03.01-15.44.53:468][139]LogFileHelpers: Loading map 'default' took 1.788
[2018.03.01-15.44.53:487][139]LogSlate: Took 0.000174 seconds to synchronously load lazily loaded font '../../../Engine/Content/Slate/Fonts/Roboto-Regular.ttf' (155K)
[2018.03.01-15.44.53:503][139]LoadErrors: Warning: CreateExport: Failed to load Outer for resource 'Arrow': temp_C /Game/default.default:PersistentLevel.temp_410
[2018.03.01-15.44.53:503][139]LoadErrors: Warning: CreateExport: Failed to load Outer for resource 'Camera': temp_C /Game/default.default:PersistentLevel.temp_410
[2018.03.01-15.44.53:503][139]LoadErrors: Warning: CreateExport: Failed to load Outer for resource 'CollisionCylinder': temp_C /Game/default.default:PersistentLevel.temp_410
[2018.03.01-15.44.53:503][139]LoadErrors: Warning: CreateExport: Failed to load Outer for resource 'CharMoveComp': temp_C /Game/default.default:PersistentLevel.temp_410
[2018.03.01-15.44.53:503][139]LoadErrors: Warning: CreateExport: Failed to load Outer for resource 'CharacterMesh0': temp_C /Game/default.default:PersistentLevel.temp_410
[2018.03.01-15.44.53:503][139]LoadErrors: Warning: CreateExport: Failed to load Outer for resource 'SpringArm': temp_C /Game/default.default:PersistentLevel.temp_410
[2018.03.01-15.45.03:606][543]LogEditorViewport: Clicking on Actor (LMB): AmbientSound (Лес_дневные_звуки_1_Cue)
[2018.03.01-15.45.05:635][616]LogSlate: Took 0.000264 seconds to synchronously load lazily loaded font '../../../Engine/Content/Editor/Slate/Fonts/Roboto-BoldCondensed.ttf' (158K)
[2018.03.01-15.47.14:330][918]LogSlate: Took 0.000203 seconds to synchronously load lazily loaded font '../../../Engine/Content/Editor/Slate/Fonts/Roboto-Italic.ttf' (157K)
[2018.03.01-15.47.34:715][720]LogTemp: Repeating last play command: Selected Viewport
[2018.03.01-15.47.34:759][720]LogPlayLevel: PlayLevel: No blueprints needed recompiling
[2018.03.01-15.47.34:759][720]PIE: New page: PIE session: default (Mar 1, 2018, 9:47:34 PM)
[2018.03.01-15.47.34:759][720]LogPlayLevel: Creating play world package: /Game/UEDPIE_0_default
[2018.03.01-15.47.34:827][720]LogPlayLevel: PIE: StaticDuplicateObject took: (0.067175s)
[2018.03.01-15.47.34:828][720]LogAIModule: Creating AISystem for world default
[2018.03.01-15.47.34:828][720]LogPlayLevel: PIE: World Init took: (0.001231s)
[2018.03.01-15.47.34:828][720]LogPlayLevel: PIE: Created PIE world by copying editor world from /Game/default.default to /Game/UEDPIE_0_default.default (0.068902s)
[2018.03.01-15.47.34:845][720]LogInit: XAudio2 using 'Динамики (Realtek High Definition Audio)' : 2 channels at 48 kHz using 32 bits per sample (channel mask 0x3)
[2018.03.01-15.47.34:865][720]LogInit: FAudioDevice initialized.
[2018.03.01-15.47.34:911][720]LogLoad: Game class is 'GameModeBase'
[2018.03.01-15.47.34:932][720]LogWorld: Bringing World /Game/UEDPIE_0_default.default up for play (max tick rate 60) at 2018.03.01-18.47.34
[2018.03.01-15.47.34:933][720]LogWorld: Bringing up level for play took: 0.021054
[2018.03.01-15.47.34:973][720]LogContentBrowser: Native class hierarchy updated for 'MovieSceneCapture' in 0.0003 seconds. Added 11 classes and 0 folders.
[2018.03.01-15.47.34:975][720]PIE: Play in editor start time for /Game/UEDPIE_0_default 0.167
[2018.03.01-15.47.41:225][924]LogTemp: Repeating last play command: Selected Viewport
[2018.03.01-15.47.41:245][924]LogPlayLevel: PlayLevel: No blueprints needed recompiling
[2018.03.01-15.47.41:245][924]PIE: New page: PIE session: default (Mar 1, 2018, 9:47:41 PM)
[2018.03.01-15.47.41:246][924]LogPlayLevel: Creating play world package: /Game/UEDPIE_0_default
[2018.03.01-15.47.41:292][924]LogPlayLevel: PIE: StaticDuplicateObject took: (0.045603s)
[2018.03.01-15.47.41:294][924]LogAIModule: Creating AISystem for world default
[2018.03.01-15.47.41:295][924]LogPlayLevel: PIE: World Init took: (0.002817s)
[2018.03.01-15.47.41:295][924]LogPlayLevel: PIE: Created PIE world by copying editor world from /Game/default.default to /Game/UEDPIE_0_default.default (0.048767s)
[2018.03.01-15.47.41:310][924]LogInit: XAudio2 using 'Динамики (Realtek High Definition Audio)' : 2 channels at 48 kHz using 32 bits per sample (channel mask 0x3)
[2018.03.01-15.47.41:329][924]LogInit: FAudioDevice initialized.
[2018.03.01-15.47.41:360][924]LogLoad: Game class is 'GameModeBase'
[2018.03.01-15.47.41:377][924]LogWorld: Bringing World /Game/UEDPIE_0_default.default up for play (max tick rate 60) at 2018.03.01-18.47.41
[2018.03.01-15.47.41:377][924]LogWorld: Bringing up level for play took: 0.016873
[2018.03.01-15.47.41:380][924]PIE: Play in editor start time for /Game/UEDPIE_0_default 0.573
[2018.03.01-15.47.51:115][297]LogEditorViewport: Clicking on Actor (LMB): AmbientSound (Лес_дневные_звуки_1_Cue)
[2018.03.01-15.47.59:389][591]LogTemp: Repeating last play command: Selected Viewport
[2018.03.01-15.47.59:405][591]LogPlayLevel: PlayLevel: No blueprints needed recompiling
[2018.03.01-15.47.59:405][591]PIE: New page: PIE session: default (Mar 1, 2018, 9:47:59 PM)
[2018.03.01-15.47.59:405][591]LogPlayLevel: Creating play world package: /Game/UEDPIE_0_default
[2018.03.01-15.47.59:447][591]LogPlayLevel: PIE: StaticDuplicateObject took: (0.041580s)
[2018.03.01-15.47.59:448][591]LogAIModule: Creating AISystem for world default
[2018.03.01-15.47.59:448][591]LogPlayLevel: PIE: World Init took: (0.001161s)
[2018.03.01-15.47.59:448][591]LogPlayLevel: PIE: Created PIE world by copying editor world from /Game/default.default to /Game/UEDPIE_0_default.default (0.043188s)
[2018.03.01-15.47.59:465][591]LogInit: XAudio2 using 'Динамики (Realtek High Definition Audio)' : 2 channels at 48 kHz using 32 bits per sample (channel mask 0x3)
[2018.03.01-15.47.59:484][591]LogInit: FAudioDevice initialized.
[2018.03.01-15.47.59:514][591]LogLoad: Game class is 'GameModeBase'
[2018.03.01-15.47.59:528][591]LogWorld: Bringing World /Game/UEDPIE_0_default.default up for play (max tick rate 60) at 2018.03.01-18.47.59
[2018.03.01-15.47.59:528][591]LogWorld: Bringing up level for play took: 0.013450
[2018.03.01-15.47.59:530][591]PIE: Play in editor start time for /Game/UEDPIE_0_default 0.723
[2018.03.01-15.48.10:747][ 25]LogEditorViewport: Clicking on Actor (LMB): AmbientSound (Лес_дневные_звуки_1_Cue)
[2018.03.01-15.48.20:820][388]LogTemp: Repeating last play command: Selected Viewport
[2018.03.01-15.48.20:837][388]LogPlayLevel: PlayLevel: No blueprints needed recompiling
[2018.03.01-15.48.20:837][388]PIE: New page: PIE session: default (Mar 1, 2018, 9:48:20 PM)
[2018.03.01-15.48.20:838][388]LogPlayLevel: Creating play world package: /Game/UEDPIE_0_default
[2018.03.01-15.48.20:879][388]LogPlayLevel: PIE: StaticDuplicateObject took: (0.040951s)
[2018.03.01-15.48.20:880][388]LogAIModule: Creating AISystem for world default
[2018.03.01-15.48.20:880][388]LogPlayLevel: PIE: World Init took: (0.001363s)
[2018.03.01-15.48.20:880][388]LogPlayLevel: PIE: Created PIE world by copying editor world from /Game/default.default to /Game/UEDPIE_0_default.default (0.042782s)
[2018.03.01-15.48.20:899][388]LogInit: XAudio2 using 'Динамики (Realtek High Definition Audio)' : 2 channels at 48 kHz using 32 bits per sample (channel mask 0x3)
[2018.03.01-15.48.20:919][388]LogInit: FAudioDevice initialized.
[2018.03.01-15.48.20:955][388]LogLoad: Game class is 'GameModeBase'
[2018.03.01-15.48.20:970][388]LogWorld: Bringing World /Game/UEDPIE_0_default.default up for play (max tick rate 60) at 2018.03.01-18.48.20
[2018.03.01-15.48.20:970][388]LogWorld: Bringing up level for play took: 0.015502
[2018.03.01-15.48.20:972][388]PIE: Play in editor start time for /Game/UEDPIE_0_default 0.165
[2018.03.01-15.48.32:211][823]LogEditorViewport: Clicking on Actor (LMB): AmbientSound (Лес_дневные_звуки_1_Cue)
[2018.03.01-15.49.14:673][310]Cmd: OBJ SAVEPACKAGE PACKAGE="/Game/default" FILE="../../../../../UE Project/earthsea418/Content/default.umap" SILENT=true AUTOSAVING=false KEEPDIRTY=false
[2018.03.01-15.49.15:684][310]LogSavePackage: Save=973.30ms
[2018.03.01-15.49.15:684][310]LogSavePackage: Moving '../../../../../UE Project/earthsea418/Saved/default3A2BE6CC4441450F16E86F9BAEAF68B9.tmp' to '../../../../../UE Project/earthsea418/Content/default.umap'
[2018.03.01-15.49.15:686][310]LogSavePackage: Display: Finished SavePackage ../../../../../UE Project/earthsea418/Content/default.umap
[2018.03.01-15.49.15:796][310]LogFileHelpers: Saving map 'default' took 1.164
[2018.03.01-15.49.15:825][310]Cmd: OBJ SAVEPACKAGE PACKAGE="/Game/Forest_Sound1_Cue" FILE="../../../../../UE Project/earthsea418/Content/Forest_Sound1_Cue.uasset" SILENT=true
[2018.03.01-15.49.15:868][310]LogSavePackage: Save=29.45ms
[2018.03.01-15.49.15:868][310]LogSavePackage: Moving '../../../../../UE Project/earthsea418/Saved/Forest_Sound1_Cue28A166F446794CC105916FA8D7F35D0E.tmp' to '../../../../../UE Project/earthsea418/Content/Forest_Sound1_Cue.uasset'
[2018.03.01-15.49.15:882][310]LogSavePackage: Display: Finished SavePackage ../../../../../UE Project/earthsea418/Content/Forest_Sound1_Cue.uasset
[2018.03.01-15.49.24:662][579]SourceControl: fatal: F:/Unreal/UE_4.18/Engine/Content/: 'F:/Unreal/UE_4.18/Engine/Content/' is outside repository
[2018.03.01-15.49.31:624][579]LogWindowsTextInputMethodSystem: Display: IME system now deactivated.
[2018.03.01-15.49.31:624][579]LogWindowsTextInputMethodSystem: Display: IME system now deactivated.
[2018.03.01-15.49.32:734][579]LogWindowsTextInputMethodSystem: Display: IME system now deactivated.
[2018.03.01-15.49.32:734][579]LogWindowsTextInputMethodSystem: Display: IME system now deactivated.
[2018.03.01-15.49.51:767][579]LogSourceControl: FGitCheckInWorker: commit successful
[2018.03.01-15.49.52:105][579]SourceControl: [master b58210f] Changed 3D sound (OFF)
[2018.03.01-15.49.52:105][579]SourceControl:  2 files changed, 0 insertions(+), 0 deletions(-)
[2018.03.01-15.49.52:105][579]SourceControl:  rewrite Content/Forest_Sound1_Cue.uasset (66%)
[2018.03.01-15.49.52:118][579]SourceControl: Commited [master b58210f] Changed 3D sound (OFF).
[2018.03.01-15.50.02:916][ 13]LogTemp: Repeating last play command: Selected Viewport
[2018.03.01-15.50.02:937][ 13]LogPlayLevel: PlayLevel: No blueprints needed recompiling
[2018.03.01-15.50.02:937][ 13]PIE: New page: PIE session: default (Mar 1, 2018, 9:50:02 PM)
[2018.03.01-15.50.02:937][ 13]LogPlayLevel: Creating play world package: /Game/UEDPIE_0_default
[2018.03.01-15.50.03:018][ 13]LogPlayLevel: PIE: StaticDuplicateObject took: (0.080367s)
[2018.03.01-15.50.03:018][ 13]LogAIModule: Creating AISystem for world default
[2018.03.01-15.50.03:019][ 13]LogPlayLevel: PIE: World Init took: (0.000967s)
[2018.03.01-15.50.03:019][ 13]LogPlayLevel: PIE: Created PIE world by copying editor world from /Game/default.default to /Game/UEDPIE_0_default.default (0.081672s)
[2018.03.01-15.50.03:033][ 13]LogInit: XAudio2 using 'Динамики (Realtek High Definition Audio)' : 2 channels at 48 kHz using 32 bits per sample (channel mask 0x3)
[2018.03.01-15.50.03:053][ 13]LogInit: FAudioDevice initialized.
[2018.03.01-15.50.03:086][ 13]LogLoad: Game class is 'GameModeBase'
[2018.03.01-15.50.03:101][ 13]LogWorld: Bringing World /Game/UEDPIE_0_default.default up for play (max tick rate 60) at 2018.03.01-18.50.03
[2018.03.01-15.50.03:102][ 13]LogWorld: Bringing up level for play took: 0.015385
[2018.03.01-15.50.03:104][ 13]PIE: Play in editor start time for /Game/UEDPIE_0_default 0.298
[2018.03.01-15.52.49:729][767]LogEditorViewport: Clicking on Actor (LMB): AmbientSound (Лес_дневные_звуки_1_Cue)
[2018.03.01-15.59.15:155][676]LogTemp: Repeating last play command: Selected Viewport
[2018.03.01-15.59.15:173][676]LogPlayLevel: PlayLevel: No blueprints needed recompiling
[2018.03.01-15.59.15:173][676]PIE: New page: PIE session: default (Mar 1, 2018, 9:59:15 PM)
[2018.03.01-15.59.15:173][676]LogPlayLevel: Creating play world package: /Game/UEDPIE_0_default
[2018.03.01-15.59.15:222][676]LogPlayLevel: PIE: StaticDuplicateObject took: (0.049027s)
[2018.03.01-15.59.15:223][676]LogAIModule: Creating AISystem for world default
[2018.03.01-15.59.15:223][676]LogPlayLevel: PIE: World Init took: (0.001161s)
[2018.03.01-15.59.15:224][676]LogPlayLevel: PIE: Created PIE world by copying editor world from /Game/default.default to /Game/UEDPIE_0_default.default (0.050873s)
[2018.03.01-15.59.15:245][676]LogInit: XAudio2 using 'Динамики (Realtek High Definition Audio)' : 2 channels at 48 kHz using 32 bits per sample (channel mask 0x3)
[2018.03.01-15.59.15:265][676]LogInit: FAudioDevice initialized.
[2018.03.01-15.59.15:302][676]LogLoad: Game class is 'GameModeBase'
[2018.03.01-15.59.15:316][676]LogWorld: Bringing World /Game/UEDPIE_0_default.default up for play (max tick rate 60) at 2018.03.01-18.59.15
[2018.03.01-15.59.15:317][676]LogWorld: Bringing up level for play took: 0.014308
[2018.03.01-15.59.15:318][676]PIE: Play in editor start time for /Game/UEDPIE_0_default 0.511
[2018.03.01-15.59.40:581][558]LogEditorViewport: Clicking on Actor (LMB): AmbientSound (Лес_дневные_звуки_1_Cue)
[2018.03.01-15.59.58:444][ 92]LogTemp: Repeating last play command: Selected Viewport
[2018.03.01-15.59.58:550][ 92]LogPlayLevel: PlayLevel: No blueprints needed recompiling
[2018.03.01-15.59.58:551][ 92]PIE: New page: PIE session: default (Mar 1, 2018, 9:59:58 PM)
[2018.03.01-15.59.58:551][ 92]LogPlayLevel: Creating play world package: /Game/UEDPIE_0_default
[2018.03.01-15.59.58:835][ 92]LogPlayLevel: PIE: StaticDuplicateObject took: (0.283564s)
[2018.03.01-15.59.58:839][ 92]LogAIModule: Creating AISystem for world default
[2018.03.01-15.59.58:841][ 92]LogPlayLevel: PIE: World Init took: (0.004795s)
[2018.03.01-15.59.58:842][ 92]LogPlayLevel: PIE: Created PIE world by copying editor world from /Game/default.default to /Game/UEDPIE_0_default.default (0.290303s)
[2018.03.01-15.59.58:886][ 92]LogInit: XAudio2 using 'Динамики (Realtek High Definition Audio)' : 2 channels at 48 kHz using 32 bits per sample (channel mask 0x3)
[2018.03.01-15.59.58:907][ 92]LogInit: FAudioDevice initialized.
[2018.03.01-15.59.58:941][ 92]LogLoad: Game class is 'GameModeBase'
[2018.03.01-15.59.58:958][ 92]LogWorld: Bringing World /Game/UEDPIE_0_default.default up for play (max tick rate 60) at 2018.03.01-18.59.58
[2018.03.01-15.59.58:959][ 92]LogWorld: Bringing up level for play took: 0.017824
[2018.03.01-15.59.58:961][ 92]PIE: Play in editor start time for /Game/UEDPIE_0_default 0.154
[2018.03.01-16.00.09:561][445]LogEditorViewport: Clicking on Actor (LMB): AmbientSound (Лес_дневные_звуки_1_Cue)
[2018.03.01-16.02.33:202][741]LogSlate: Took 0.000180 seconds to synchronously load lazily loaded font '../../../Engine/Content/Slate/Fonts/Roboto-Light.ttf' (159K)
[2018.03.01-16.02.33:272][741]Cmd: OBJ SAVEPACKAGE PACKAGE="/Game/default" FILE="../../../../../UE Project/earthsea418/Saved/Autosaves/Game/default_Auto1.umap" SILENT=true AUTOSAVING=true KEEPDIRTY=false
[2018.03.01-16.02.34:771][741]LogSavePackage: Save=1473.32ms
[2018.03.01-16.02.34:771][741]LogSavePackage: Moving '../../../../../UE Project/earthsea418/Saved/default_Auto17B47A0EA46EF005E89A743AE8FA66E14.tmp' to '../../../../../UE Project/earthsea418/Saved/Autosaves/Game/default_Auto1.umap'
[2018.03.01-16.02.34:772][741]LogSavePackage: Display: Finished SavePackage ../../../../../UE Project/earthsea418/Saved/Autosaves/Game/default_Auto1.umap
[2018.03.01-16.02.34:775][741]LogFileHelpers: Editor autosave (incl. sublevels) for '/Game/default' took 1.522
[2018.03.01-16.02.34:775][741]LogFileHelpers: Editor autosave (incl. sublevels) for all levels took 1.522
[2018.03.01-16.02.34:786][741]OBJ SavePackage: Generating thumbnails for [0] asset(s) in package [/Game/Forest_Sound1_Cue] ([1] browsable assets)...
[2018.03.01-16.02.34:786][741]OBJ SavePackage: Finished generating thumbnails for package [/Game/Forest_Sound1_Cue]
[2018.03.01-16.02.34:786][741]Cmd: OBJ SAVEPACKAGE PACKAGE="/Game/Forest_Sound1_Cue" FILE="../../../../../UE Project/earthsea418/Saved/Autosaves/Game/Forest_Sound1_Cue_Auto1.uasset" SILENT=false AUTOSAVING=true
[2018.03.01-16.02.34:791][741]LogSavePackage: Save=2.93ms
[2018.03.01-16.02.34:791][741]LogSavePackage: Moving '../../../../../UE Project/earthsea418/Saved/Forest_Sound1_Cue_Auto137B62C1547F56D95AEA0908DCC359A14.tmp' to '../../../../../UE Project/earthsea418/Saved/Autosaves/Game/Forest_Sound1_Cue_Auto1.uasset'
[2018.03.01-16.02.34:792][741]LogSavePackage: Display: Finished SavePackage ../../../../../UE Project/earthsea418/Saved/Autosaves/Game/Forest_Sound1_Cue_Auto1.uasset
[2018.03.01-16.02.34:792][741]LogFileHelpers: Auto-saving content packages took 0.007
[2018.03.01-16.03.20:642][308]Cmd: OBJ SAVEPACKAGE PACKAGE="/Game/default" FILE="../../../../../UE Project/earthsea418/Content/default.umap" SILENT=true AUTOSAVING=false KEEPDIRTY=false
[2018.03.01-16.03.22:220][308]LogSavePackage: Save=1551.87ms
[2018.03.01-16.03.22:220][308]LogSavePackage: Moving '../../../../../UE Project/earthsea418/Saved/default9DCCD7114A2350AAAC304AB60EFBDB88.tmp' to '../../../../../UE Project/earthsea418/Content/default.umap'
[2018.03.01-16.03.22:222][308]LogSavePackage: Display: Finished SavePackage ../../../../../UE Project/earthsea418/Content/default.umap
[2018.03.01-16.03.22:256][308]LogFileHelpers: Saving map 'default' took 1.668
[2018.03.01-16.03.22:269][308]Cmd: OBJ SAVEPACKAGE PACKAGE="/Game/Forest_Sound1_Cue" FILE="../../../../../UE Project/earthsea418/Content/Forest_Sound1_Cue.uasset" SILENT=true
[2018.03.01-16.03.22:275][308]LogSavePackage: Save=3.89ms
[2018.03.01-16.03.22:275][308]LogSavePackage: Moving '../../../../../UE Project/earthsea418/Saved/Forest_Sound1_Cue25EC863B4675D49126F6BD97B9AC36DC.tmp' to '../../../../../UE Project/earthsea418/Content/Forest_Sound1_Cue.uasset'
[2018.03.01-16.03.22:277][308]LogSavePackage: Display: Finished SavePackage ../../../../../UE Project/earthsea418/Content/Forest_Sound1_Cue.uasset
[2018.03.01-16.03.25:745][447]SourceControl: fatal: F:/Unreal/UE_4.18/Engine/Content/: 'F:/Unreal/UE_4.18/Engine/Content/' is outside repository
[2018.03.01-16.03.40:448][447]LogSourceControl: FGitCheckInWorker: commit successful
[2018.03.01-16.03.40:619][447]SourceControl: [master ada172b] Change Forest sound
[2018.03.01-16.03.40:619][447]SourceControl:  2 files changed, 0 insertions(+), 0 deletions(-)
[2018.03.01-16.03.40:619][447]SourceControl:  rewrite Content/Forest_Sound1_Cue.uasset (71%)
[2018.03.01-16.03.40:635][447]SourceControl: Commited [master ada172b] Change Forest sound.
[2018.03.01-16.03.43:818][564]Cmd: QUIT_EDITOR
[2018.03.01-16.03.44:292][564]LogWindowsTextInputMethodSystem: Display: IME system now deactivated.
[2018.03.01-16.03.44:309][564]LogExit: Preparing to exit.
[2018.03.01-16.03.44:574][564]LogDirectoryWatcher: A directory notification for 'F:/UE Project/earthsea418/Content/' was aborted.
[2018.03.01-16.03.44:603][564]LogExit: Editor shut down
[2018.03.01-16.03.44:609][564]LogExit: Transaction tracking system shut down
[2018.03.01-16.03.44:768][564]LogDirectoryWatcher: A directory notification for '../../../Engine/Content/' was aborted.
[2018.03.01-16.03.44:768][564]LogDirectoryWatcher: A directory notification for '../../../../../UE Project/earthsea418/Content/' was aborted.
[2018.03.01-16.03.44:768][564]LogDirectoryWatcher: A directory notification for '../../../Engine/Plugins/2D/Paper2D/Content/' was aborted.
[2018.03.01-16.03.44:768][564]LogDirectoryWatcher: A directory notification for '../../../Engine/Plugins/Media/MediaCompositing/Content/' was aborted.
[2018.03.01-16.03.44:768][564]LogDirectoryWatcher: A directory notification for '../../../Engine/Plugins/Runtime/AppleARKit/Content/' was aborted.
[2018.03.01-16.03.44:768][564]LogDirectoryWatcher: A directory notification for '../../../Engine/Plugins/Runtime/Oculus/OculusVR/Content/' was aborted.
[2018.03.01-16.03.44:768][564]LogDirectoryWatcher: A directory notification for '../../../Engine/Plugins/Runtime/Steam/SteamVR/Content/' was aborted.
[2018.03.01-16.03.44:860][564]LogExit: Object subsystem successfully closed.
[2018.03.01-16.03.44:887][564]LogD3D11RHI: Shutdown
[2018.03.01-16.03.44:887][564]LogD3D11RHI: CleanupD3DDevice
[2018.03.01-16.03.44:890][564]LogD3D11RHI: ~FD3D11DynamicRHI
[2018.03.01-16.03.44:900][564]LogModuleManager: Shutting down and abandoning module MovieSceneCapture (552)
[2018.03.01-16.03.44:900][564]LogModuleManager: Shutting down and abandoning module HierarchicalLODOutliner (550)
[2018.03.01-16.03.44:900][564]LogModuleManager: Shutting down and abandoning module SceneOutliner (548)
[2018.03.01-16.03.44:900][564]LogModuleManager: Shutting down and abandoning module AddContentDialog (546)
[2018.03.01-16.03.44:900][564]LogDirectoryWatcher: A directory notification for 'F:/Unreal/UE_4.18/FeaturePacks/' was aborted.
[2018.03.01-16.03.44:903][564]LogModuleManager: Shutting down and abandoning module WidgetCarousel (545)
[2018.03.01-16.03.44:903][564]LogModuleManager: Shutting down and abandoning module EditorWidgets (542)
[2018.03.01-16.03.44:903][564]LogModuleManager: Shutting down and abandoning module CollectionManager (540)
[2018.03.01-16.03.44:903][564]LogDirectoryWatcher: A directory notification for 'F:/UE Project/earthsea418/Content/Collections/' was aborted.
[2018.03.01-16.03.44:903][564]LogDirectoryWatcher: A directory notification for 'F:/UE Project/earthsea418/Content/Developers/Олег/Collections/' was aborted.
[2018.03.01-16.03.44:903][564]LogDirectoryWatcher: A directory notification for 'F:/UE Project/earthsea418/Saved/Collections/' was aborted.
[2018.03.01-16.03.44:903][564]LogModuleManager: Shutting down and abandoning module HierarchicalLODUtilities (538)
[2018.03.01-16.03.44:904][564]LogModuleManager: Shutting down and abandoning module StatsViewer (536)
[2018.03.01-16.03.44:904][564]LogModuleManager: Shutting down and abandoning module FoliageEdit (534)
[2018.03.01-16.03.44:904][564]LogModuleManager: Shutting down and abandoning module LandscapeEditor (532)
[2018.03.01-16.03.44:904][564]LogModuleManager: Shutting down and abandoning module MeshPaintMode (530)
[2018.03.01-16.03.44:904][564]LogModuleManager: Shutting down and abandoning module SceneDepthPickerMode (528)
[2018.03.01-16.03.44:904][564]LogModuleManager: Shutting down and abandoning module ActorPickerMode (526)
[2018.03.01-16.03.44:904][564]LogModuleManager: Shutting down and abandoning module GeometryMode (524)
[2018.03.01-16.03.44:904][564]LogModuleManager: Shutting down and abandoning module TextureAlignMode (522)
[2018.03.01-16.03.44:904][564]LogModuleManager: Shutting down and abandoning module BspMode (520)
[2018.03.01-16.03.44:904][564]LogModuleManager: Shutting down and abandoning module PIEPreviewDeviceProfileSelector (518)
[2018.03.01-16.03.44:904][564]LogModuleManager: Shutting down and abandoning module HardwareSurvey (516)
[2018.03.01-16.03.44:904][564]LogModuleManager: Shutting down and abandoning module SequenceRecorderSections (514)
[2018.03.01-16.03.44:904][564]LogModuleManager: Shutting down and abandoning module AutomationWorker (512)
[2018.03.01-16.03.44:904][564]LogModuleManager: Shutting down and abandoning module MatineeToLevelSequence (510)
[2018.03.01-16.03.44:904][564]LogModuleManager: Shutting down and abandoning module LevelSequenceEditor (508)
[2018.03.01-16.03.44:904][564]LogModuleManager: Shutting down and abandoning module PlacementMode (507)
[2018.03.01-16.03.44:904][564]LogModuleManager: Shutting down and abandoning module WmfMediaFactory (504)
[2018.03.01-16.03.44:904][564]LogModuleManager: Shutting down and abandoning module WmfMediaEditor (502)
[2018.03.01-16.03.44:904][564]LogModuleManager: Shutting down and abandoning module OpenExrWrapper (500)
[2018.03.01-16.03.44:904][564]LogModuleManager: Shutting down and abandoning module ImgMediaFactory (498)
[2018.03.01-16.03.44:904][564]LogModuleManager: Shutting down and abandoning module ImgMediaEditor (496)
[2018.03.01-16.03.44:904][564]LogModuleManager: Shutting down and abandoning module AvfMediaFactory (494)
[2018.03.01-16.03.44:904][564]LogModuleManager: Shutting down and abandoning module AvfMediaEditor (492)
[2018.03.01-16.03.44:904][564]LogModuleManager: Shutting down and abandoning module AndroidMediaFactory (490)
[2018.03.01-16.03.44:904][564]LogModuleManager: Shutting down and abandoning module AndroidMediaEditor (488)
[2018.03.01-16.03.44:904][564]LogModuleManager: Shutting down and abandoning module CharacterAI (486)
[2018.03.01-16.03.44:904][564]LogModuleManager: Shutting down and abandoning module AudioCapture (484)
[2018.03.01-16.03.44:904][564]LogModuleManager: Shutting down and abandoning module SequenceRecorder (483)
[2018.03.01-16.03.44:904][564]LogModuleManager: Shutting down and abandoning module SmartSnapping (480)
[2018.03.01-16.03.44:904][564]LogModuleManager: Shutting down and abandoning module SessionServices (478)
[2018.03.01-16.03.44:904][564]LogModuleManager: Shutting down and abandoning module ViewportSnapping (476)
[2018.03.01-16.03.44:904][564]LogModuleManager: Shutting down and abandoning module ViewportInteraction (474)
[2018.03.01-16.03.44:904][564]LogModuleManager: Shutting down and abandoning module ClothPainter (472)
[2018.03.01-16.03.44:905][564]LogModuleManager: Shutting down and abandoning module SkeletalMeshEditor (471)
[2018.03.01-16.03.44:905][564]LogModuleManager: Shutting down and abandoning module LogVisualizer (468)
[2018.03.01-16.03.44:905][564]LogModuleManager: Shutting down and abandoning module IntroTutorials (466)
[2018.03.01-16.03.44:905][564]LogModuleManager: Shutting down and abandoning module GameProjectGeneration (465)
[2018.03.01-16.03.44:905][564]LogModuleManager: Shutting down and abandoning module IOSPlatformEditor (462)
[2018.03.01-16.03.44:905][564]LogModuleManager: Shutting down and abandoning module HTML5PlatformEditor (460)
[2018.03.01-16.03.44:905][564]LogModuleManager: Shutting down and abandoning module AndroidPlatformEditor (458)
[2018.03.01-16.03.44:905][564]LogModuleManager: Shutting down and abandoning module AndroidDeviceDetection (457)
[2018.03.01-16.03.45:293][564]LogModuleManager: Shutting down and abandoning module WindowsPlatformEditor (454)
[2018.03.01-16.03.45:293][564]LogModuleManager: Shutting down and abandoning module IOSRuntimeSettings (452)
[2018.03.01-16.03.45:293][564]LogModuleManager: Shutting down and abandoning module AndroidRuntimeSettings (450)
[2018.03.01-16.03.45:293][564]LogModuleManager: Shutting down and abandoning module InputBindingEditor (448)
[2018.03.01-16.03.45:293][564]LogModuleManager: Shutting down and abandoning module MergeActors (446)
[2018.03.01-16.03.45:293][564]LogModuleManager: Shutting down and abandoning module SizeMap (444)
[2018.03.01-16.03.45:293][564]LogModuleManager: Shutting down and abandoning module TreeMap (442)
[2018.03.01-16.03.45:294][564]LogModuleManager: Shutting down and abandoning module ReferenceViewer (440)
[2018.03.01-16.03.45:294][564]LogModuleManager: Shutting down and abandoning module LocalizationDashboard (438)
[2018.03.01-16.03.45:294][564]LogModuleManager: Shutting down and abandoning module LocalizationService (437)
[2018.03.01-16.03.45:294][564]LogModuleManager: Shutting down and abandoning module HardwareTargeting (434)
[2018.03.01-16.03.45:294][564]LogModuleManager: Shutting down and abandoning module DeviceProfileEditor (432)
[2018.03.01-16.03.45:294][564]LogModuleManager: Shutting down and abandoning module UndoHistory (430)
[2018.03.01-16.03.45:294][564]LogModuleManager: Shutting down and abandoning module XmlParser (428)
[2018.03.01-16.03.45:294][564]LogModuleManager: Shutting down and abandoning module Blutility (426)
[2018.03.01-16.03.45:294][564]LogModuleManager: Shutting down and abandoning module ProjectSettingsViewer (424)
[2018.03.01-16.03.45:294][564]LogModuleManager: Shutting down and abandoning module ProjectTargetPlatformEditor (423)
[2018.03.01-16.03.45:295][564]LogModuleManager: Shutting down and abandoning module EditorSettingsViewer (420)
[2018.03.01-16.03.45:295][564]LogModuleManager: Shutting down and abandoning module SettingsEditor (418)
[2018.03.01-16.03.45:295][564]LogModuleManager: Shutting down and abandoning module ProjectLauncher (416)
[2018.03.01-16.03.45:295][564]LogModuleManager: Shutting down and abandoning module SessionFrontend (414)
[2018.03.01-16.03.45:296][564]LogModuleManager: Shutting down and abandoning module ProfilerClient (412)
[2018.03.01-16.03.45:296][564]LogModuleManager: Shutting down and abandoning module DeviceManager (410)
[2018.03.01-16.03.45:296][564]LogModuleManager: Shutting down and abandoning module TargetDeviceServices (409)
[2018.03.01-16.03.45:349][564]LogModuleManager: Shutting down and abandoning module AutomationController (406)
[2018.03.01-16.03.45:349][564]LogModuleManager: Shutting down and abandoning module AutomationWindow (404)
[2018.03.01-16.03.45:349][564]LogModuleManager: Shutting down and abandoning module Layers (402)
[2018.03.01-16.03.45:349][564]LogModuleManager: Shutting down and abandoning module ComponentVisualizers (400)
[2018.03.01-16.03.45:349][564]LogModuleManager: Shutting down and abandoning module DetailCustomizations (398)
[2018.03.01-16.03.45:349][564]LogModuleManager: Shutting down and abandoning module PackagesDialog (396)
[2018.03.01-16.03.45:350][564]LogModuleManager: Shutting down and abandoning module Persona (394)
[2018.03.01-16.03.45:350][564]LogModuleManager: Shutting down and abandoning module AdvancedPreviewScene (393)
[2018.03.01-16.03.45:350][564]LogModuleManager: Shutting down and abandoning module AnimGraph (391)
[2018.03.01-16.03.45:350][564]LogModuleManager: Shutting down and abandoning module Kismet (388)
[2018.03.01-16.03.45:350][564]LogModuleManager: Shutting down and abandoning module ClassViewer (386)
[2018.03.01-16.03.45:350][564]LogModuleManager: Shutting down and abandoning module Toolbox (384)
[2018.03.01-16.03.45:350][564]LogModuleManager: Shutting down and abandoning module ModuleUI (382)
[2018.03.01-16.03.45:350][564]LogModuleManager: Shutting down and abandoning module MovieSceneTools (380)
[2018.03.01-16.03.45:350][564]LogModuleManager: Shutting down and abandoning module OutputLog (378)
[2018.03.01-16.03.45:350][564]LogModuleManager: Shutting down and abandoning module GammaUI (376)
[2018.03.01-16.03.45:350][564]LogModuleManager: Shutting down and abandoning module Documentation (374)
[2018.03.01-16.03.45:350][564]LogModuleManager: Shutting down and abandoning module MovieSceneTracks (372)
[2018.03.01-16.03.45:350][564]LogModuleManager: Shutting down and abandoning module MovieScene (370)
[2018.03.01-16.03.45:350][564]LogModuleManager: Shutting down and abandoning module StreamingPauseRendering (368)
[2018.03.01-16.03.45:350][564]LogModuleManager: Shutting down and abandoning module LauncherPlatform (366)
[2018.03.01-16.03.45:350][564]LogModuleManager: Shutting down and abandoning module AnalyticsET (364)
[2018.03.01-16.03.45:350][564]LogModuleManager: Shutting down and abandoning module PortalServices (362)
[2018.03.01-16.03.45:350][564]LogModuleManager: Shutting down and abandoning module PortalRpc (360)
[2018.03.01-16.03.45:351][564]LogModuleManager: Shutting down and abandoning module MessagingRpc (358)
[2018.03.01-16.03.45:351][564]LogModuleManager: Shutting down and abandoning module AIModule (356)
[2018.03.01-16.03.45:351][564]LogModuleManager: Shutting down and abandoning module GameplayDebugger (355)
[2018.03.01-16.03.45:351][564]LogModuleManager: Shutting down and abandoning module AITestSuite (353)
[2018.03.01-16.03.45:351][564]LogModuleManager: Shutting down and abandoning module DesktopPlatform (350)
[2018.03.01-16.03.45:351][564]LogModuleManager: Shutting down and abandoning module ProfilerService (348)
[2018.03.01-16.03.45:373][564]LogModuleManager: Shutting down and abandoning module TaskGraph (346)
[2018.03.01-16.03.45:373][564]LogModuleManager: Shutting down and abandoning module SteamVRController (344)
[2018.03.01-16.03.45:373][564]LogModuleManager: Shutting down and abandoning module ProceduralMeshComponentEditor (342)
[2018.03.01-16.03.45:373][564]LogModuleManager: Shutting down and abandoning module ProceduralMeshComponent (340)
[2018.03.01-16.03.45:373][564]LogModuleManager: Shutting down and abandoning module OculusInput (338)
[2018.03.01-16.03.45:373][564]LogModuleManager: Shutting down and abandoning module MobilePatchingUtils (336)
[2018.03.01-16.03.45:373][564]LogModuleManager: Shutting down and abandoning module CustomMeshComponent (334)
[2018.03.01-16.03.45:373][564]LogModuleManager: Shutting down and abandoning module CableComponent (332)
[2018.03.01-16.03.45:373][564]LogModuleManager: Shutting down and abandoning module ArchVisCharacter (330)
[2018.03.01-16.03.45:373][564]LogModuleManager: Shutting down and abandoning module AndroidPermission (328)
[2018.03.01-16.03.45:373][564]LogModuleManager: Shutting down and abandoning module ActorSequence (324)
[2018.03.01-16.03.45:373][564]LogModuleManager: Shutting down and abandoning module MediaPlayerEditor (322)
[2018.03.01-16.03.45:373][564]LogModuleManager: Shutting down and abandoning module MediaCompositingEditor (320)
[2018.03.01-16.03.45:373][564]LogModuleManager: Shutting down and abandoning module MediaCompositing (318)
[2018.03.01-16.03.45:373][564]LogModuleManager: Shutting down and abandoning module HTML5Networking (316)
[2018.03.01-16.03.45:373][564]LogModuleManager: Shutting down and abandoning module AlembicImporter (314)
[2018.03.01-16.03.45:373][564]LogModuleManager: Shutting down and abandoning module AlembicLibrary (313)
[2018.03.01-16.03.45:373][564]LogModuleManager: Shutting down and abandoning module GeometryCache (312)
[2018.03.01-16.03.45:373][564]LogModuleManager: Shutting down and abandoning module GeometryCacheEd (311)
[2018.03.01-16.03.45:373][564]LogModuleManager: Shutting down and abandoning module SpeedTreeImporter (306)
[2018.03.01-16.03.45:373][564]LogModuleManager: Shutting down and abandoning module PluginBrowser (304)
[2018.03.01-16.03.45:373][564]LogModuleManager: Shutting down and abandoning module MobileLauncherProfileWizard (302)
[2018.03.01-16.03.45:373][564]LogModuleManager: Shutting down and abandoning module VisualStudioSourceCodeAccess (300)
[2018.03.01-16.03.45:373][564]LogModuleManager: Shutting down and abandoning module VisualStudioCodeSourceCodeAccess (298)
[2018.03.01-16.03.45:373][564]LogModuleManager: Shutting down and abandoning module UObjectPlugin (296)
[2018.03.01-16.03.45:373][564]LogModuleManager: Shutting down and abandoning module SubversionSourceControl (294)
[2018.03.01-16.03.45:373][564]LogModuleManager: Shutting down and abandoning module PerforceSourceControl (292)
[2018.03.01-16.03.45:373][564]LogModuleManager: Shutting down and abandoning module GitSourceControl (290)
[2018.03.01-16.03.45:373][564]LogModuleManager: Shutting down and abandoning module SourceControl (289)
[2018.03.01-16.03.45:373][564]LogModuleManager: Shutting down and abandoning module LightPropagationVolumeEditor (286)
[2018.03.01-16.03.45:374][564]LogModuleManager: Shutting down and abandoning module PaperTiledImporter (284)
[2018.03.01-16.03.45:374][564]LogModuleManager: Shutting down and abandoning module PaperSpriteSheetImporter (282)
[2018.03.01-16.03.45:374][564]LogModuleManager: Shutting down and abandoning module Paper2DEditor (280)
[2018.03.01-16.03.45:374][564]LogModuleManager: Shutting down and abandoning module MeshPaint (279)
[2018.03.01-16.03.45:374][564]LogModuleManager: Shutting down and abandoning module LevelEditor (277)
[2018.03.01-16.03.45:375][564]LogModuleManager: Shutting down and abandoning module PixelInspectorModule (276)
[2018.03.01-16.03.45:375][564]LogModuleManager: Shutting down and abandoning module MainFrame (274)
[2018.03.01-16.03.45:375][564]LogModuleManager: Shutting down and abandoning module HotReload (273)
[2018.03.01-16.03.45:375][564]LogModuleManager: Shutting down and abandoning module RuntimePhysXCooking (268)
[2018.03.01-16.03.45:375][564]LogModuleManager: Shutting down and abandoning module PhysXVehiclesEditor (266)
[2018.03.01-16.03.45:375][564]LogModuleManager: Shutting down and abandoning module PhysXVehicles (264)
[2018.03.01-16.03.45:375][564]LogModuleManager: Shutting down and abandoning module OculusEditor (262)
[2018.03.01-16.03.45:375][564]LogModuleManager: Shutting down and abandoning module LocationServicesBPLibrary (260)
[2018.03.01-16.03.45:375][564]LogModuleManager: Shutting down and abandoning module ImmediatePhysicsEditor (258)
[2018.03.01-16.03.45:375][564]LogModuleManager: Shutting down and abandoning module ImmediatePhysics (256)
[2018.03.01-16.03.45:375][564]LogModuleManager: Shutting down and abandoning module UdpMessaging (254)
[2018.03.01-16.03.45:476][564]LogModuleManager: Shutting down and abandoning module TcpMessaging (252)
[2018.03.01-16.03.45:576][564]LogModuleManager: Shutting down and abandoning module GameplayTagsEditor (250)
[2018.03.01-16.03.45:576][564]LogModuleManager: Shutting down and abandoning module FacialAnimationEditor (248)
[2018.03.01-16.03.45:577][564]LogModuleManager: Shutting down and abandoning module FacialAnimation (246)
[2018.03.01-16.03.45:577][564]LogModuleManager: Shutting down and abandoning module AssetManagerEditor (244)
[2018.03.01-16.03.45:577][564]LogModuleManager: Shutting down and abandoning module GraphEditor (243)
[2018.03.01-16.03.45:577][564]LogModuleManager: Shutting down and abandoning module ContentBrowser (241)
[2018.03.01-16.03.45:579][564]LogModuleManager: Shutting down and abandoning module LightPropagationVolumeRuntime (238)
[2018.03.01-16.03.45:579][564]LogModuleManager: Shutting down and abandoning module Paper2D (236)
[2018.03.01-16.03.45:579][564]LogModuleManager: Shutting down and abandoning module WindowsMoviePlayer (234)
[2018.03.01-16.03.45:579][564]LogModuleManager: Shutting down and abandoning module WmfMedia (232)
[2018.03.01-16.03.45:581][564]LogModuleManager: Shutting down and abandoning module ImgMedia (230)
[2018.03.01-16.03.45:581][564]LogModuleManager: Shutting down and abandoning module PacketHandler (228)
[2018.03.01-16.03.45:581][564]LogModuleManager: Shutting down and abandoning module ClothingSystemEditor (226)
[2018.03.01-16.03.45:581][564]LogModuleManager: Shutting down and abandoning module ClothingSystemRuntime (224)
[2018.03.01-16.03.45:581][564]LogModuleManager: Shutting down and abandoning module MediaAssets (222)
[2018.03.01-16.03.45:581][564]LogModuleManager: Shutting down and abandoning module Media (221)
[2018.03.01-16.03.45:587][564]LogModuleManager: Shutting down and abandoning module Overlay (218)
[2018.03.01-16.03.45:587][564]LogModuleManager: Shutting down and abandoning module OverlayEditor (217)
[2018.03.01-16.03.45:587][564]LogModuleManager: Shutting down and abandoning module VREditor (214)
[2018.03.01-16.03.45:587][564]LogModuleManager: Shutting down and abandoning module StringTableEditor (212)
[2018.03.01-16.03.45:587][564]LogModuleManager: Shutting down and abandoning module GameplayTasksEditor (210)
[2018.03.01-16.03.45:587][564]LogModuleManager: Shutting down and abandoning module BehaviorTreeEditor (208)
[2018.03.01-16.03.45:587][564]LogModuleManager: Shutting down and abandoning module FunctionalTesting (206)
[2018.03.01-16.03.45:587][564]LogModuleManager: Shutting down and abandoning module CollisionAnalyzer (204)
[2018.03.01-16.03.45:587][564]LogModuleManager: Shutting down and abandoning module WorkspaceMenuStructure (203)
[2018.03.01-16.03.45:587][564]LogModuleManager: Shutting down and abandoning module UMG (200)
[2018.03.01-16.03.45:587][564]LogModuleManager: Shutting down and abandoning module UMGEditor (199)
[2018.03.01-16.03.45:588][564]LogModuleManager: Shutting down and abandoning module Sequencer (198)
[2018.03.01-16.03.45:588][564]LogModuleManager: Shutting down and abandoning module MessageLog (195)
[2018.03.01-16.03.45:588][564]LogModuleManager: Shutting down and abandoning module SlateReflector (190)
[2018.03.01-16.03.45:588][564]LogModuleManager: Shutting down and abandoning module Slate (188)
[2018.03.01-16.03.45:588][564]LogModuleManager: Shutting down and abandoning module EditorStyle (186)
[2018.03.01-16.03.45:590][564]LogModuleManager: Shutting down and abandoning module MRMesh (184)
[2018.03.01-16.03.45:590][564]LogModuleManager: Shutting down and abandoning module SourceCodeAccess (182)
[2018.03.01-16.03.45:590][564]LogModuleManager: Shutting down and abandoning module HeadMountedDisplay (180)
[2018.03.01-16.03.45:590][564]LogModuleManager: Shutting down and abandoning module XAudio2 (178)
[2018.03.01-16.03.45:590][564]LogModuleManager: Shutting down and abandoning module Networking (176)
[2018.03.01-16.03.45:590][564]LogModuleManager: Shutting down and abandoning module Core (172)
[2018.03.01-16.03.45:590][564]LogModuleManager: Shutting down and abandoning module LevelSequence (168)
[2018.03.01-16.03.45:590][564]LogModuleManager: Shutting down and abandoning module DirectoryWatcher (166)
[2018.03.01-16.03.45:590][564]LogModuleManager: Shutting down and abandoning module KismetCompiler (164)
[2018.03.01-16.03.45:590][564]LogModuleManager: Shutting down and abandoning module MeshUtilities (162)
[2018.03.01-16.03.45:591][564]LogModuleManager: Shutting down and abandoning module MeshMergeUtilities (161)
[2018.03.01-16.03.45:591][564]LogModuleManager: Shutting down and abandoning module MeshReductionInterface (160)
[2018.03.01-16.03.45:591][564]LogModuleManager: Shutting down and abandoning module SimplygonSwarm (159)
[2018.03.01-16.03.45:591][564]LogModuleManager: Shutting down and abandoning module SimplygonMeshReduction (157)
[2018.03.01-16.03.45:591][564]LogModuleManager: Shutting down and abandoning module QuadricMeshReduction (155)
[2018.03.01-16.03.45:591][564]LogModuleManager: Shutting down and abandoning module MaterialBaking (151)
[2018.03.01-16.03.45:591][564]LogModuleManager: Shutting down and abandoning module DerivedDataCache (148)
[2018.03.01-16.03.45:603][564]LogDerivedDataCache: Shutdown
[2018.03.01-16.03.45:603][564]LogModuleManager: Shutting down and abandoning module TargetPlatform (146)
[2018.03.01-16.03.45:603][564]LogModuleManager: Shutting down and abandoning module VulkanShaderFormat (145)
[2018.03.01-16.03.45:603][564]LogModuleManager: Shutting down and abandoning module ShaderFormatVectorVM (143)
[2018.03.01-16.03.45:603][564]LogModuleManager: Shutting down and abandoning module ShaderFormatOpenGL (141)
[2018.03.01-16.03.45:603][564]LogModuleManager: Shutting down and abandoning module ShaderFormatD3D (139)
[2018.03.01-16.03.45:603][564]LogModuleManager: Shutting down and abandoning module MetalShaderFormat (137)
[2018.03.01-16.03.45:603][564]LogModuleManager: Shutting down and abandoning module TextureFormatUncompressed (135)
[2018.03.01-16.03.45:603][564]LogModuleManager: Shutting down and abandoning module TextureFormatPVR (133)
[2018.03.01-16.03.45:603][564]LogModuleManager: Shutting down and abandoning module TextureFormatDXT (131)
[2018.03.01-16.03.45:603][564]LogModuleManager: Shutting down and abandoning module TextureFormatIntelISPCTexComp (129)
[2018.03.01-16.03.45:603][564]LogModuleManager: Shutting down and abandoning module TextureFormatASTC (127)
[2018.03.01-16.03.45:603][564]LogModuleManager: Shutting down and abandoning module ImageWrapper (126)
[2018.03.01-16.03.45:603][564]LogModuleManager: Shutting down and abandoning module TextureFormatAndroid (123)
[2018.03.01-16.03.45:603][564]LogModuleManager: Shutting down and abandoning module AudioFormatOpus (121)
[2018.03.01-16.03.45:604][564]LogModuleManager: Shutting down and abandoning module AudioFormatOgg (119)
[2018.03.01-16.03.45:604][564]LogModuleManager: Shutting down and abandoning module AudioFormatADPCM (117)
[2018.03.01-16.03.45:604][564]LogModuleManager: Shutting down and abandoning module LinuxTargetPlatform (115)
[2018.03.01-16.03.45:604][564]LogModuleManager: Shutting down and abandoning module LinuxServerTargetPlatform (113)
[2018.03.01-16.03.45:604][564]LogModuleManager: Shutting down and abandoning module LinuxNoEditorTargetPlatform (111)
[2018.03.01-16.03.45:604][564]LogModuleManager: Shutting down and abandoning module LinuxClientTargetPlatform (109)
[2018.03.01-16.03.45:604][564]LogModuleManager: Shutting down and abandoning module TVOSTargetPlatform (107)
[2018.03.01-16.03.45:604][564]LogModuleManager: Shutting down and abandoning module Messaging (105)
[2018.03.01-16.03.45:604][564]LogModuleManager: Shutting down and abandoning module IOSTargetPlatform (103)
[2018.03.01-16.03.45:604][564]LogModuleManager: Shutting down and abandoning module HTML5TargetPlatform (101)
[2018.03.01-16.03.45:605][564]LogModuleManager: Shutting down and abandoning module AndroidTargetPlatform (99)
[2018.03.01-16.03.45:605][564]LogModuleManager: Shutting down and abandoning module Android_PVRTCTargetPlatform (97)
[2018.03.01-16.03.45:605][564]LogModuleManager: Shutting down and abandoning module Android_MultiTargetPlatform (95)
[2018.03.01-16.03.45:605][564]LogModuleManager: Shutting down and abandoning module Android_ETC2TargetPlatform (93)
[2018.03.01-16.03.45:605][564]LogModuleManager: Shutting down and abandoning module Android_ETC1TargetPlatform (91)
[2018.03.01-16.03.45:605][564]LogModuleManager: Shutting down and abandoning module Android_DXTTargetPlatform (89)
[2018.03.01-16.03.45:605][564]LogModuleManager: Shutting down and abandoning module Android_ATCTargetPlatform (87)
[2018.03.01-16.03.45:605][564]LogModuleManager: Shutting down and abandoning module Android_ASTCTargetPlatform (85)
[2018.03.01-16.03.45:605][564]LogModuleManager: Shutting down and abandoning module WindowsTargetPlatform (83)
[2018.03.01-16.03.45:605][564]LogModuleManager: Shutting down and abandoning module WindowsServerTargetPlatform (81)
[2018.03.01-16.03.45:605][564]LogModuleManager: Shutting down and abandoning module WindowsNoEditorTargetPlatform (79)
[2018.03.01-16.03.45:605][564]LogModuleManager: Shutting down and abandoning module WindowsClientTargetPlatform (77)
[2018.03.01-16.03.45:605][564]LogModuleManager: Shutting down and abandoning module MacTargetPlatform (75)
[2018.03.01-16.03.45:605][564]LogModuleManager: Shutting down and abandoning module MacServerTargetPlatform (73)
[2018.03.01-16.03.45:605][564]LogModuleManager: Shutting down and abandoning module MacNoEditorTargetPlatform (71)
[2018.03.01-16.03.45:605][564]LogModuleManager: Shutting down and abandoning module MacClientTargetPlatform (69)
[2018.03.01-16.03.45:605][564]LogModuleManager: Shutting down and abandoning module AllDesktopTargetPlatform (67)
[2018.03.01-16.03.45:605][564]LogModuleManager: Shutting down and abandoning module InputCore (64)
[2018.03.01-16.03.45:606][564]LogModuleManager: Shutting down and abandoning module Settings (62)
[2018.03.01-16.03.45:606][564]LogModuleManager: Shutting down and abandoning module PhysXCooking (60)
[2018.03.01-16.03.45:606][564]LogModuleManager: Shutting down and abandoning module SteamVR (58)
[2018.03.01-16.03.45:606][564]LogModuleManager: Shutting down and abandoning module OculusHMD (56)
[2018.03.01-16.03.45:606][564]LogModuleManager: Shutting down and abandoning module ExampleDeviceProfileSelector (54)
[2018.03.01-16.03.45:606][564]LogModuleManager: Shutting down and abandoning module AppleARKit (52)
[2018.03.01-16.03.45:606][564]LogModuleManager: Shutting down and abandoning module AugmentedReality (51)
[2018.03.01-16.03.45:606][564]LogModuleManager: Shutting down and abandoning module OnlineBlueprintSupport (48)
[2018.03.01-16.03.45:606][564]LogModuleManager: Shutting down and abandoning module OnlineSubsystem (44)
[2018.03.01-16.03.45:606][564]LogModuleManager: Shutting down and abandoning module XMPP (43)
[2018.03.01-16.03.45:606][564]LogModuleManager: Shutting down and abandoning module HTTP (41)
[2018.03.01-16.03.45:606][564]LogHttp: Display: Http module shutting down, but needs to wait on 1 outstanding Http requests:
[2018.03.01-16.03.45:607][564]LogHttp: Display: 	verb=[POST] url=[https://datarouter.ol.epicgames.com/datarouter/api/v1/public/data?SessionID=%7B78507E4E-468D-9EB2-40A9-A7906C9A028C%7D&AppID=UEEditor.Rocket.Release&AppVersion=4.18.3-3832480%2B%2B%2BUE4%2BRelease-4.18&UserID=e6a811324e51230097db7cb86f34788c%7C8c76f673a067483986efe6b3f48e24a1%7C1e6c5937-98cc-4810-8552-47dac344868d&AppEnvironment=datacollector-binary&UploadType=eteventstream] status=Processing
[2018.03.01-16.03.45:641][564]LogModuleManager: Shutting down and abandoning module SSL (40)
[2018.03.01-16.03.45:644][564]LogModuleManager: Shutting down and abandoning module AnimationModifiers (36)
[2018.03.01-16.03.45:645][564]LogModuleManager: Shutting down and abandoning module PropertyEditor (35)
[2018.03.01-16.03.45:645][564]LogModuleManager: Shutting down and abandoning module AudioEditor (32)
[2018.03.01-16.03.45:645][564]LogModuleManager: Shutting down and abandoning module TextureCompressor (30)
[2018.03.01-16.03.45:645][564]LogModuleManager: Shutting down and abandoning module ShaderCore (28)
[2018.03.01-16.03.45:645][564]LogModuleManager: Shutting down and abandoning module Landscape (26)
[2018.03.01-16.03.45:645][564]LogModuleManager: Shutting down and abandoning module SlateRHIRenderer (24)
[2018.03.01-16.03.45:648][564]LogModuleManager: Shutting down and abandoning module OpenGLDrv (22)
[2018.03.01-16.03.45:648][564]LogModuleManager: Shutting down and abandoning module D3D11RHI (20)
[2018.03.01-16.03.45:648][564]LogModuleManager: Shutting down and abandoning module AnimGraphRuntime (18)
[2018.03.01-16.03.45:648][564]LogModuleManager: Shutting down and abandoning module Renderer (16)
[2018.03.01-16.03.45:648][564]LogModuleManager: Shutting down and abandoning module Engine (14)
[2018.03.01-16.03.45:648][564]LogModuleManager: Shutting down and abandoning module CoreUObject (12)
[2018.03.01-16.03.45:648][564]LogModuleManager: Shutting down and abandoning module NetworkFile (10)
[2018.03.01-16.03.45:648][564]LogModuleManager: Shutting down and abandoning module CookedIterativeFile (8)
[2018.03.01-16.03.45:648][564]LogModuleManager: Shutting down and abandoning module StreamingFile (6)
[2018.03.01-16.03.45:649][564]LogModuleManager: Shutting down and abandoning module SandboxFile (4)
[2018.03.01-16.03.45:649][564]LogModuleManager: Shutting down and abandoning module PakFile (2)
[2018.03.01-16.03.45:652][564]LogExit: Exiting.
[2018.03.01-16.03.45:672][564]Log file closed, 03/01/18 19:03:45
