Log file open, 03/01/18 17:00:25
LogWindows: Failed to load 'aqProf.dll' (GetLastError=126)
LogWindows: File 'aqProf.dll' does not exist
LogWindows: Failed to load 'VSPerf140.dll' (GetLastError=126)
LogWindows: File 'VSPerf140.dll' does not exist
LogWindows: Failed to load 'VtuneApi.dll' (GetLastError=126)
LogWindows: File 'VtuneApi.dll' does not exist
LogWindows: Failed to load 'VtuneApi32e.dll' (GetLastError=126)
LogWindows: File 'VtuneApi32e.dll' does not exist
LogInit: Display: Running engine for game: earthsea418
LogPlatformFile: Not using cached read wrapper
LogInit: Display: RandInit(-1172669595) SRandInit(-1172669595).
LogInit: Read version file with build ID '3709383'
LogInit: Overriding engine version to CL 3832480, compatible CL 3709383
LogInit: Registered custom module enumerator with build ID '3709383'
LogTaskGraph: Started task graph with 5 named threads and 8 total threads with 3 sets of task threads.
LogStats: Stats thread started at 3.502057
LogD3D11RHI: Aftermath initialized
LogModuleManager: Display: Found up-to-date module file ../../../Engine/Plugins/2D/Paper2D/Binaries/Win64/UE4Editor-Paper2D.dll (API version 3709383).
LogModuleManager: Display: Found up-to-date module file ../../../Engine/Plugins/2D/Paper2D/Binaries/Win64/UE4Editor-Paper2DEditor.dll (API version 3709383).
LogModuleManager: Display: Found up-to-date module file ../../../Engine/Plugins/2D/Paper2D/Binaries/Win64/UE4Editor-PaperSpriteSheetImporter.dll (API version 3709383).
LogModuleManager: Display: Found up-to-date module file ../../../Engine/Plugins/2D/Paper2D/Binaries/Win64/UE4Editor-PaperTiledImporter.dll (API version 3709383).
LogModuleManager: Display: Found up-to-date module file ../../../Engine/Plugins/2D/Paper2D/Binaries/Win64/UE4Editor-SmartSnapping.dll (API version 3709383).
LogModuleManager: Display: Found up-to-date module file ../../../Engine/Plugins/Blendables/LightPropagationVolume/Binaries/Win64/UE4Editor-LightPropagationVolumeRuntime.dll (API version 3709383).
LogModuleManager: Display: Found up-to-date module file ../../../Engine/Plugins/Blendables/LightPropagationVolume/Binaries/Win64/UE4Editor-LightPropagationVolumeEditor.dll (API version 3709383).
LogModuleManager: Display: Found up-to-date module file ../../../Engine/Plugins/Developer/GitSourceControl/Binaries/Win64/UE4Editor-GitSourceControl.dll (API version 3709383).
LogModuleManager: Display: Found up-to-date module file ../../../Engine/Plugins/Developer/PerforceSourceControl/Binaries/Win64/UE4Editor-PerforceSourceControl.dll (API version 3709383).
LogModuleManager: Display: Found up-to-date module file ../../../Engine/Plugins/Developer/SubversionSourceControl/Binaries/Win64/UE4Editor-SubversionSourceControl.dll (API version 3709383).
LogModuleManager: Display: Found up-to-date module file ../../../Engine/Plugins/Developer/UObjectPlugin/Binaries/Win64/UE4Editor-UObjectPlugin.dll (API version 3709383).
LogModuleManager: Display: Found up-to-date module file ../../../Engine/Plugins/Developer/VisualStudioCodeSourceCodeAccess/Binaries/Win64/UE4Editor-VisualStudioCodeSourceCodeAccess.dll (API version 3709383).
LogModuleManager: Display: Found up-to-date module file ../../../Engine/Plugins/Developer/VisualStudioSourceCodeAccess/Binaries/Win64/UE4Editor-VisualStudioSourceCodeAccess.dll (API version 3709383).
LogModuleManager: Display: Found up-to-date module file ../../../Engine/Plugins/Editor/AssetManagerEditor/Binaries/Win64/UE4Editor-AssetManagerEditor.dll (API version 3709383).
LogModuleManager: Display: Found up-to-date module file ../../../Engine/Plugins/Editor/AudioCapture/Binaries/Win64/UE4Editor-AudioCapture.dll (API version 3709383).
LogModuleManager: Display: Found up-to-date module file ../../../Engine/Plugins/Editor/FacialAnimation/Binaries/Win64/UE4Editor-FacialAnimation.dll (API version 3709383).
LogModuleManager: Display: Found up-to-date module file ../../../Engine/Plugins/Editor/FacialAnimation/Binaries/Win64/UE4Editor-FacialAnimationEditor.dll (API version 3709383).
LogModuleManager: Display: Found up-to-date module file ../../../Engine/Plugins/Editor/GameplayTagsEditor/Binaries/Win64/UE4Editor-GameplayTagsEditor.dll (API version 3709383).
LogModuleManager: Display: Found up-to-date module file ../../../Engine/Plugins/Editor/MobileLauncherProfileWizard/Binaries/Win64/UE4Editor-MobileLauncherProfileWizard.dll (API version 3709383).
LogModuleManager: Display: Found up-to-date module file ../../../Engine/Plugins/Editor/PluginBrowser/Binaries/Win64/UE4Editor-PluginBrowser.dll (API version 3709383).
LogModuleManager: Display: Found up-to-date module file ../../../Engine/Plugins/Editor/SpeedTreeImporter/Binaries/Win64/UE4Editor-SpeedTreeImporter.dll (API version 3709383).
LogModuleManager: Display: Found up-to-date module file ../../../Engine/Plugins/Experimental/AlembicImporter/Binaries/Win64/UE4Editor-AlembicImporter.dll (API version 3709383).
LogModuleManager: Display: Found up-to-date module file ../../../Engine/Plugins/Experimental/AlembicImporter/Binaries/Win64/UE4Editor-AlembicLibrary.dll (API version 3709383).
LogModuleManager: Display: Found up-to-date module file ../../../Engine/Plugins/Experimental/CharacterAI/Binaries/Win64/UE4Editor-CharacterAI.dll (API version 3709383).
LogModuleManager: Display: Found up-to-date module file ../../../Engine/Plugins/Experimental/HTML5Networking/Binaries/Win64/UE4Editor-HTML5Networking.dll (API version 3709383).
LogModuleManager: Display: Found up-to-date module file ../../../Engine/Plugins/Media/AndroidMedia/Binaries/Win64/UE4Editor-AndroidMediaEditor.dll (API version 3709383).
LogModuleManager: Display: Found up-to-date module file ../../../Engine/Plugins/Media/AndroidMedia/Binaries/Win64/UE4Editor-AndroidMediaFactory.dll (API version 3709383).
LogModuleManager: Display: Found up-to-date module file ../../../Engine/Plugins/Media/AvfMedia/Binaries/Win64/UE4Editor-AvfMediaEditor.dll (API version 3709383).
LogModuleManager: Display: Found up-to-date module file ../../../Engine/Plugins/Media/AvfMedia/Binaries/Win64/UE4Editor-AvfMediaFactory.dll (API version 3709383).
LogModuleManager: Display: Found up-to-date module file ../../../Engine/Plugins/Media/AvfMedia/Binaries/Win64/UE4Editor-AvfMediaFactory.dll (API version 3709383).
LogModuleManager: Display: Found up-to-date module file ../../../Engine/Plugins/Media/ImgMedia/Binaries/Win64/UE4Editor-ImgMedia.dll (API version 3709383).
LogModuleManager: Display: Found up-to-date module file ../../../Engine/Plugins/Media/ImgMedia/Binaries/Win64/UE4Editor-ImgMediaEditor.dll (API version 3709383).
LogModuleManager: Display: Found up-to-date module file ../../../Engine/Plugins/Media/ImgMedia/Binaries/Win64/UE4Editor-ImgMediaFactory.dll (API version 3709383).
LogModuleManager: Display: Found up-to-date module file ../../../Engine/Plugins/Media/ImgMedia/Binaries/Win64/UE4Editor-ImgMediaFactory.dll (API version 3709383).
LogModuleManager: Display: Found up-to-date module file ../../../Engine/Plugins/Media/ImgMedia/Binaries/Win64/UE4Editor-OpenExrWrapper.dll (API version 3709383).
LogModuleManager: Display: Found up-to-date module file ../../../Engine/Plugins/Media/MediaCompositing/Binaries/Win64/UE4Editor-MediaCompositing.dll (API version 3709383).
LogModuleManager: Display: Found up-to-date module file ../../../Engine/Plugins/Media/MediaCompositing/Binaries/Win64/UE4Editor-MediaCompositingEditor.dll (API version 3709383).
LogModuleManager: Display: Found up-to-date module file ../../../Engine/Plugins/Media/MediaPlayerEditor/Binaries/Win64/UE4Editor-MediaPlayerEditor.dll (API version 3709383).
LogModuleManager: Display: Found up-to-date module file ../../../Engine/Plugins/Media/WmfMedia/Binaries/Win64/UE4Editor-WmfMedia.dll (API version 3709383).
LogModuleManager: Display: Found up-to-date module file ../../../Engine/Plugins/Media/WmfMedia/Binaries/Win64/UE4Editor-WmfMediaEditor.dll (API version 3709383).
LogModuleManager: Display: Found up-to-date module file ../../../Engine/Plugins/Media/WmfMedia/Binaries/Win64/UE4Editor-WmfMediaFactory.dll (API version 3709383).
LogModuleManager: Display: Found up-to-date module file ../../../Engine/Plugins/Media/WmfMedia/Binaries/Win64/UE4Editor-WmfMediaFactory.dll (API version 3709383).
LogModuleManager: Display: Found up-to-date module file ../../../Engine/Plugins/Messaging/TcpMessaging/Binaries/Win64/UE4Editor-TcpMessaging.dll (API version 3709383).
LogModuleManager: Display: Found up-to-date module file ../../../Engine/Plugins/Messaging/UdpMessaging/Binaries/Win64/UE4Editor-UdpMessaging.dll (API version 3709383).
LogModuleManager: Display: Found up-to-date module file ../../../Engine/Plugins/MovieScene/ActorSequence/Binaries/Win64/UE4Editor-ActorSequence.dll (API version 3709383).
LogModuleManager: Display: Found up-to-date module file ../../../Engine/Plugins/MovieScene/LevelSequenceEditor/Binaries/Win64/UE4Editor-LevelSequenceEditor.dll (API version 3709383).
LogModuleManager: Display: Found up-to-date module file ../../../Engine/Plugins/MovieScene/MatineeToLevelSequence/Binaries/Win64/UE4Editor-MatineeToLevelSequence.dll (API version 3709383).
LogModuleManager: Display: Found up-to-date module file ../../../Engine/Plugins/Online/OnlineSubsystem/Binaries/Win64/UE4Editor-OnlineSubsystem.dll (API version 3709383).
LogModuleManager: Display: Found up-to-date module file ../../../Engine/Plugins/Runtime/AndroidPermission/Binaries/Win64/UE4Editor-AndroidPermission.dll (API version 3709383).
LogModuleManager: Display: Found up-to-date module file ../../../Engine/Plugins/Online/OnlineSubsystemNull/Binaries/Win64/UE4Editor-OnlineSubsystemNull.dll (API version 3709383).
LogModuleManager: Display: Found up-to-date module file ../../../Engine/Plugins/Online/OnlineSubsystemUtils/Binaries/Win64/UE4Editor-OnlineSubsystemUtils.dll (API version 3709383).
LogModuleManager: Display: Found up-to-date module file ../../../Engine/Plugins/Online/OnlineSubsystemUtils/Binaries/Win64/UE4Editor-OnlineBlueprintSupport.dll (API version 3709383).
LogModuleManager: Display: Found up-to-date module file ../../../Engine/Plugins/Runtime/AndroidDeviceProfileSelector/Binaries/Win64/UE4Editor-AndroidDeviceProfileSelector.dll (API version 3709383).
LogModuleManager: Display: Found up-to-date module file ../../../Engine/Plugins/Runtime/AppleARKit/Binaries/Win64/UE4Editor-AppleARKit.dll (API version 3709383).
LogModuleManager: Display: Found up-to-date module file ../../../Engine/Plugins/Runtime/ArchVisCharacter/Binaries/Win64/UE4Editor-ArchVisCharacter.dll (API version 3709383).
LogModuleManager: Display: Found up-to-date module file ../../../Engine/Plugins/Runtime/CableComponent/Binaries/Win64/UE4Editor-CableComponent.dll (API version 3709383).
LogModuleManager: Display: Found up-to-date module file ../../../Engine/Plugins/Runtime/CustomMeshComponent/Binaries/Win64/UE4Editor-CustomMeshComponent.dll (API version 3709383).
LogModuleManager: Display: Found up-to-date module file ../../../Engine/Plugins/Runtime/ExampleDeviceProfileSelector/Binaries/Win64/UE4Editor-ExampleDeviceProfileSelector.dll (API version 3709383).
LogModuleManager: Display: Found up-to-date module file ../../../Engine/Plugins/Runtime/ImmediatePhysics/Binaries/Win64/UE4Editor-ImmediatePhysics.dll (API version 3709383).
LogModuleManager: Display: Found up-to-date module file ../../../Engine/Plugins/Runtime/ImmediatePhysics/Binaries/Win64/UE4Editor-ImmediatePhysicsEditor.dll (API version 3709383).
LogModuleManager: Display: Found up-to-date module file ../../../Engine/Plugins/Runtime/LocationServicesBPLibrary/Binaries/Win64/UE4Editor-LocationServicesBPLibrary.dll (API version 3709383).
LogModuleManager: Display: Found up-to-date module file ../../../Engine/Plugins/Runtime/MobilePatchingUtils/Binaries/Win64/UE4Editor-MobilePatchingUtils.dll (API version 3709383).
LogModuleManager: Display: Found up-to-date module file ../../../Engine/Plugins/Runtime/Oculus/OculusVR/Binaries/Win64/UE4Editor-OculusHMD.dll (API version 3709383).
LogModuleManager: Display: Found up-to-date module file ../../../Engine/Plugins/Runtime/Oculus/OculusVR/Binaries/Win64/UE4Editor-OculusInput.dll (API version 3709383).
LogModuleManager: Display: Found up-to-date module file ../../../Engine/Plugins/Runtime/Oculus/OculusVR/Binaries/Win64/UE4Editor-OculusEditor.dll (API version 3709383).
LogModuleManager: Display: Found up-to-date module file ../../../Engine/Plugins/Runtime/PhysXVehicles/Binaries/Win64/UE4Editor-PhysXVehicles.dll (API version 3709383).
LogModuleManager: Display: Found up-to-date module file ../../../Engine/Plugins/Runtime/PhysXVehicles/Binaries/Win64/UE4Editor-PhysXVehiclesEditor.dll (API version 3709383).
LogModuleManager: Display: Found up-to-date module file ../../../Engine/Plugins/Runtime/ProceduralMeshComponent/Binaries/Win64/UE4Editor-ProceduralMeshComponent.dll (API version 3709383).
LogModuleManager: Display: Found up-to-date module file ../../../Engine/Plugins/Runtime/ProceduralMeshComponent/Binaries/Win64/UE4Editor-ProceduralMeshComponentEditor.dll (API version 3709383).
LogModuleManager: Display: Found up-to-date module file ../../../Engine/Plugins/Runtime/RuntimePhysXCooking/Binaries/Win64/UE4Editor-RuntimePhysXCooking.dll (API version 3709383).
LogModuleManager: Display: Found up-to-date module file ../../../Engine/Plugins/Runtime/Steam/SteamVR/Binaries/Win64/UE4Editor-SteamVR.dll (API version 3709383).
LogModuleManager: Display: Found up-to-date module file ../../../Engine/Plugins/Runtime/Steam/SteamVR/Binaries/Win64/UE4Editor-SteamVRController.dll (API version 3709383).
LogModuleManager: Display: Found up-to-date module file ../../../Engine/Plugins/Runtime/WindowsMoviePlayer/Binaries/Win64/UE4Editor-WindowsMoviePlayer.dll (API version 3709383).
LogPluginManager: Mounting plugin Paper2D
LogPluginManager: Mounting plugin LightPropagationVolume
LogPluginManager: Mounting plugin CodeLiteSourceCodeAccess
LogPluginManager: Mounting plugin GitSourceControl
LogPluginManager: Mounting plugin KDevelopSourceCodeAccess
LogPluginManager: Mounting plugin NullSourceCodeAccess
LogPluginManager: Mounting plugin PerforceSourceControl
LogPluginManager: Mounting plugin SubversionSourceControl
LogPluginManager: Mounting plugin UObjectPlugin
LogPluginManager: Mounting plugin VisualStudioCodeSourceCodeAccess
LogPluginManager: Mounting plugin VisualStudioSourceCodeAccess
LogPluginManager: Mounting plugin XCodeSourceCodeAccess
LogPluginManager: Mounting plugin AssetManagerEditor
LogPluginManager: Mounting plugin AudioCapture
LogPluginManager: Mounting plugin FacialAnimation
LogPluginManager: Mounting plugin GameplayTagsEditor
LogPluginManager: Mounting plugin MobileLauncherProfileWizard
LogPluginManager: Mounting plugin PluginBrowser
LogPluginManager: Mounting plugin SpeedTreeImporter
LogPluginManager: Mounting plugin AlembicImporter
LogPluginManager: Mounting plugin CharacterAI
LogPluginManager: Mounting plugin HTML5Networking
LogPluginManager: Mounting plugin AndroidMedia
LogPluginManager: Mounting plugin AvfMedia
LogPluginManager: Mounting plugin ImgMedia
LogPluginManager: Mounting plugin MediaCompositing
LogPluginManager: Mounting plugin MediaPlayerEditor
LogPluginManager: Mounting plugin WmfMedia
LogPluginManager: Mounting plugin TcpMessaging
LogPluginManager: Mounting plugin UdpMessaging
LogPluginManager: Mounting plugin ActorSequence
LogPluginManager: Mounting plugin LevelSequenceEditor
LogPluginManager: Mounting plugin MatineeToLevelSequence
LogPluginManager: Mounting plugin OnlineSubsystemGooglePlay
LogPluginManager: Mounting plugin OnlineSubsystemIOS
LogPluginManager: Mounting plugin OnlineSubsystem
LogPluginManager: Mounting plugin OnlineSubsystemNull
LogPluginManager: Mounting plugin OnlineSubsystemUtils
LogPluginManager: Mounting plugin AndroidDeviceProfileSelector
LogPluginManager: Mounting plugin AndroidMoviePlayer
LogPluginManager: Mounting plugin AndroidPermission
LogPluginManager: Mounting plugin AppleARKit
LogPluginManager: Mounting plugin AppleMoviePlayer
LogPluginManager: Mounting plugin ArchVisCharacter
LogPluginManager: Mounting plugin CableComponent
LogPluginManager: Mounting plugin CustomMeshComponent
LogPluginManager: Mounting plugin ExampleDeviceProfileSelector
LogPluginManager: Mounting plugin GoogleCloudMessaging
LogPluginManager: Mounting plugin ImmediatePhysics
LogPluginManager: Mounting plugin IOSDeviceProfileSelector
LogPluginManager: Mounting plugin LinuxDeviceProfileSelector
LogPluginManager: Mounting plugin LocationServicesBPLibrary
LogPluginManager: Mounting plugin MobilePatchingUtils
LogPluginManager: Mounting plugin OculusVR
LogPluginManager: Plugin shader directory ../../../Engine/Plugins/Runtime/Oculus/OculusVR/Shaders found
LogPluginManager: Mapping shader source directory ../../../Engine/Plugins/Runtime/Oculus/OculusVR/Shaders to virtual directory /Plugin/OculusVR
LogPluginManager: Mounting plugin PhysXVehicles
LogPluginManager: Mounting plugin ProceduralMeshComponent
LogPluginManager: Mounting plugin RuntimePhysXCooking
LogPluginManager: Mounting plugin SteamVR
LogPluginManager: Mounting plugin WindowsMoviePlayer
LogInit: Using libcurl 7.47.1
LogInit:  - built for x86_64-pc-win32
LogInit:  - supports SSL with OpenSSL/1.0.2g
LogInit:  - supports HTTP deflate (compression) using libz 1.2.8
LogInit:  - other features:
LogInit:      CURL_VERSION_SSL
LogInit:      CURL_VERSION_LIBZ
LogInit:      CURL_VERSION_IPV6
LogInit:      CURL_VERSION_ASYNCHDNS
LogInit:      CURL_VERSION_LARGEFILE
LogInit:      CURL_VERSION_IDN
LogInit:  CurlRequestOptions (configurable via config and command line):
LogInit:  - bVerifyPeer = false  - Libcurl will NOT verify peer certificate
LogInit:  - bUseHttpProxy = false  - Libcurl will NOT use HTTP proxy
LogInit:  - bDontReuseConnections = false  - Libcurl will reuse connections
LogInit:  - CertBundlePath = nullptr  - Libcurl will use whatever was configured at build time.
LogInit: Build: ++UE4+Release-4.18-CL-3832480
LogInit: Engine Version: 4.18.3-3832480+++UE4+Release-4.18
LogInit: Compatible Engine Version: 4.18.0-3709383+++UE4+Release-4.18
LogInit: Net CL: 3709383
LogDevObjectVersion: Number of dev versions registered: 16
LogDevObjectVersion:   Dev-Blueprints (B0D832E4-1F89-4F0D-ACCF-7EB736FD4AA2): 10
LogDevObjectVersion:   Dev-Build (E1C64328-A22C-4D53-A36C-8E866417BD8C): 0
LogDevObjectVersion:   Dev-Core (375EC13C-06E4-48FB-B500-84F0262A717E): 2
LogDevObjectVersion:   Dev-Editor (E4B068ED-F494-42E9-A231-DA0B2E46BB41): 20
LogDevObjectVersion:   Dev-Framework (CFFC743F-43B0-4480-9391-14DF171D2073): 30
LogDevObjectVersion:   Dev-Mobile (B02B49B5-BB20-44E9-A304-32B752E40360): 0
LogDevObjectVersion:   Dev-Networking (A4E4105C-59A1-49B5-A7C5-40C4547EDFEE): 0
LogDevObjectVersion:   Dev-Online (39C831C9-5AE6-47DC-9A44-9C173E1C8E7C): 0
LogDevObjectVersion:   Dev-Physics (78F01B33-EBEA-4F98-B9B4-84EACCB95AA2): 0
LogDevObjectVersion:   Dev-Platform (6631380F-2D4D-43E0-8009-CF276956A95A): 0
LogDevObjectVersion:   Dev-Rendering (12F88B9F-8875-4AFC-A67C-D90C383ABD29): 20
LogDevObjectVersion:   Dev-Sequencer (7B5AE74C-D270-4C10-A958-57980B212A5A): 4
LogDevObjectVersion:   Dev-VR (D7296918-1DD6-4BDD-9DE2-64A83CC13884): 0
LogDevObjectVersion:   Dev-LoadTimes (C2A15278-BFE7-4AFE-6C17-90FF531DF755): 1
LogDevObjectVersion:   Private-Geometry (6EACA3D4-40EC-4CC1-B786-8BED09428FC5): 1
LogDevObjectVersion:   Dev-AnimPhys (29E575DD-E0A3-4627-9D10-D276232CDCEA): 12
LogInit: Compiled (64-bit): Jan 12 2018 02:04:55
LogInit: Compiled with Visual C++: 19.00.24215.01
LogInit: Build Configuration: Development
LogInit: Branch Name: ++UE4+Release-4.18
LogInit: Command line:  
LogInit: Base directory: F:/Unreal/UE_4.18/Engine/Binaries/Win64/
LogInit: Installed Engine Build: 1
LogInit: Presizing for max 8388607 objects, including 0 objects not considered by GC, pre-allocating 0 bytes for permanent pool.
LogInit: Object subsystem initialized
[2018.03.01-14.00.29:462][  0]LogInit: Selected Device Profile: [Windows]
[2018.03.01-14.00.29:462][  0]LogInit: Applying CVar settings loaded from the selected device profile: [Windows]
[2018.03.01-14.00.29:570][  0]LogInit: Computer: DESKTOP-85SM3M5
[2018.03.01-14.00.29:571][  0]LogInit: User: Олег
[2018.03.01-14.00.29:571][  0]LogInit: CPU Page size=4096, Cores=2
[2018.03.01-14.00.29:571][  0]LogInit: High frequency timer resolution =2.340362 MHz
[2018.03.01-14.00.29:594][  0]LogMemory: Memory total: Physical=7.9GB (8GB approx)
[2018.03.01-14.00.29:594][  0]LogMemory: Platform Memory Stats for Windows
[2018.03.01-14.00.29:594][  0]LogMemory: Process Physical Memory: 272.32 MB used, 272.32 MB peak
[2018.03.01-14.00.29:594][  0]LogMemory: Process Virtual Memory: 269.27 MB used, 269.27 MB peak
[2018.03.01-14.00.29:594][  0]LogMemory: Physical Memory: 6912.67 MB used,  1182.16 MB free, 8094.83 MB total
[2018.03.01-14.00.29:594][  0]LogMemory: Virtual Memory: 673.28 MB used,  1182.16 MB free, 134217728.00 MB total
[2018.03.01-14.00.30:708][  0]LogInit: Using OS detected language (ru-RU).
[2018.03.01-14.00.30:708][  0]LogInit: Using OS detected locale (ru-RU).
[2018.03.01-14.00.30:941][  0]LogTextLocalizationManager: No localization for 'ru-RU' exists, so 'en' will be used for the language.
[2018.03.01-14.00.30:941][  0]LogTextLocalizationManager: No localization for 'ru-RU' exists, so 'en' will be used for the locale.
[2018.03.01-14.00.31:674][  0]LogInit: Setting process to per monitor DPI aware
[2018.03.01-14.00.33:368][  0]LogD3D11RHI: D3D11 adapters:
[2018.03.01-14.00.33:435][  0]LogD3D11RHI:    0. 'NVIDIA GeForce 940M' (Feature Level 11_0)
[2018.03.01-14.00.33:435][  0]LogD3D11RHI:       2010/0/4047 MB DedicatedVideo/DedicatedSystem/SharedSystem, Outputs:2, VendorId:0x10de
[2018.03.01-14.00.33:440][  0]LogD3D11RHI:    1. 'Intel(R) HD Graphics 5500' (Feature Level 11_0)
[2018.03.01-14.00.33:440][  0]LogD3D11RHI:       128/0/4047 MB DedicatedVideo/DedicatedSystem/SharedSystem, Outputs:0, VendorId:0x8086
[2018.03.01-14.00.33:453][  0]LogD3D11RHI:    2. 'Microsoft Basic Render Driver' (Feature Level 11_0)
[2018.03.01-14.00.33:453][  0]LogD3D11RHI:       0/0/4047 MB DedicatedVideo/DedicatedSystem/SharedSystem, Outputs:0, VendorId:0x1414
[2018.03.01-14.00.33:453][  0]LogD3D11RHI: Chosen D3D11 Adapter: 0
[2018.03.01-14.00.33:482][  0]LogD3D11RHI: Creating new Direct3DDevice
[2018.03.01-14.00.33:482][  0]LogD3D11RHI:     GPU DeviceId: 0x1347 (for the marketing name, search the web for "GPU Device Id")
[2018.03.01-14.00.33:482][  0]LogWindows: EnumDisplayDevices:
[2018.03.01-14.00.33:482][  0]LogWindows:    0. 'Intel(R) HD Graphics 5500' (P:0 D:1)
[2018.03.01-14.00.33:490][  0]LogWindows:    1. 'Intel(R) HD Graphics 5500' (P:1 D:1)
[2018.03.01-14.00.33:490][  0]LogWindows:    2. 'Intel(R) HD Graphics 5500' (P:0 D:0)
[2018.03.01-14.00.33:490][  0]LogWindows: DebugString: GetVideoDriverDetailsInvalid PrimaryIsNotTheChoosenAdapter GetVideoDriverDetailsInvalid PrimaryIsNotTheChoosenAdapter GetVideoDriverDetailsInvalid PrimaryIsNotTheChoosenAdapter FoundDriverCount:0 
[2018.03.01-14.00.33:490][  0]LogD3D11RHI:     Adapter Name: NVIDIA GeForce 940M
[2018.03.01-14.00.33:490][  0]LogD3D11RHI:   Driver Version: Unknown (internal:Unknown, unified:Unknown)
[2018.03.01-14.00.33:490][  0]LogD3D11RHI:      Driver Date: Unknown
[2018.03.01-14.00.33:490][  0]LogRHI: Texture pool is 1407 MB (70% of 2010 MB)
[2018.03.01-14.00.33:566][  0]LogD3D11RHI: Async texture creation enabled
[2018.03.01-14.00.33:863][  0]LogD3D11RHI: GPU Timing Frequency: 1000.000000 (Debug: 2 4)
[2018.03.01-14.00.33:972][  0]LogShaderCompilers: Guid format shader working directory is 8 characters bigger than the processId version (../../../../../UE Project/earthsea418/Intermediate/Shaders/WorkingDirectory/7444/).
[2018.03.01-14.00.33:972][  0]LogShaderCompilers: Cleaned the shader compiler working directory 'C:/Users/Олег/AppData/Local/Temp/UnrealShaderWorkingDir/9F5722D749C09CCBA1B73A9BC94D3029/'.
[2018.03.01-14.00.33:979][  0]LogShaderCompilers: Display: Using Local Shader Compiler.
[2018.03.01-14.00.38:684][  0]LogTemp: Display: Loaded TP AllDesktopTargetPlatform
[2018.03.01-14.00.38:723][  0]LogTemp: Display: Loaded TP MacClientTargetPlatform
[2018.03.01-14.00.38:763][  0]LogTemp: Display: Loaded TP MacNoEditorTargetPlatform
[2018.03.01-14.00.38:806][  0]LogTemp: Display: Loaded TP MacServerTargetPlatform
[2018.03.01-14.00.38:890][  0]LogTemp: Display: Loaded TP MacTargetPlatform
[2018.03.01-14.00.38:930][  0]LogTemp: Display: Loaded TP WindowsClientTargetPlatform
[2018.03.01-14.00.38:969][  0]LogTemp: Display: Loaded TP WindowsNoEditorTargetPlatform
[2018.03.01-14.00.39:008][  0]LogTemp: Display: Loaded TP WindowsServerTargetPlatform
[2018.03.01-14.00.39:052][  0]LogTemp: Display: Loaded TP WindowsTargetPlatform
[2018.03.01-14.00.39:099][  0]LogTemp: Display: Loaded TP Android_ASTCTargetPlatform
[2018.03.01-14.00.39:139][  0]LogTemp: Display: Loaded TP Android_ATCTargetPlatform
[2018.03.01-14.00.39:178][  0]LogTemp: Display: Loaded TP Android_DXTTargetPlatform
[2018.03.01-14.00.39:218][  0]LogTemp: Display: Loaded TP Android_ETC1TargetPlatform
[2018.03.01-14.00.39:257][  0]LogTemp: Display: Loaded TP Android_ETC2TargetPlatform
[2018.03.01-14.00.39:336][  0]LogTemp: Display: Loaded TP Android_MultiTargetPlatform
[2018.03.01-14.00.39:337][  0]LogTemp: Display: Loaded TP Android_PVRTCTargetPlatform
[2018.03.01-14.00.39:385][  0]LogTemp: Display: Loaded TP AndroidTargetPlatform
[2018.03.01-14.00.39:413][  0]LogTemp: Display: Loaded TP HTML5TargetPlatform
[2018.03.01-14.00.39:561][  0]LogTemp: Display: Loaded TP IOSTargetPlatform
[2018.03.01-14.00.39:613][  0]LogTemp: Display: Loaded TP TVOSTargetPlatform
[2018.03.01-14.00.39:658][  0]LogTemp: Display: Loaded TP LinuxClientTargetPlatform
[2018.03.01-14.00.39:704][  0]LogTemp: Display: Loaded TP LinuxNoEditorTargetPlatform
[2018.03.01-14.00.39:750][  0]LogTemp: Display: Loaded TP LinuxServerTargetPlatform
[2018.03.01-14.00.39:813][  0]LogTemp: Display: Loaded TP LinuxTargetPlatform
[2018.03.01-14.00.39:813][  0]LogTargetPlatformManager: Display: Building Assets For Windows
[2018.03.01-14.00.41:078][  0]LogDerivedDataCache: Display: Max Cache Size: 512 MB
[2018.03.01-14.00.41:830][  0]LogDerivedDataCache: Loaded boot cache 0.69s 78MB C:/Users/Олег/AppData/Local/UnrealEngine/4.18/DerivedDataCache/Boot.ddc.
[2018.03.01-14.00.41:830][  0]LogDerivedDataCache: Display: Loaded Boot cache: C:/Users/Олег/AppData/Local/UnrealEngine/4.18/DerivedDataCache/Boot.ddc
[2018.03.01-14.00.41:830][  0]LogDerivedDataCache: FDerivedDataBackendGraph:  Pak pak cache file ../../../../../UE Project/earthsea418/DerivedDataCache/DDC.ddp not found, will not use a pak cache.
[2018.03.01-14.00.41:830][  0]LogDerivedDataCache: Unable to find inner node Pak for hierarchical cache Hierarchy.
[2018.03.01-14.00.41:830][  0]LogDerivedDataCache: FDerivedDataBackendGraph:  CompressedPak pak cache file ../../../../../UE Project/earthsea418/DerivedDataCache/Compressed.ddp not found, will not use a pak cache.
[2018.03.01-14.00.41:830][  0]LogDerivedDataCache: Unable to find inner node CompressedPak for hierarchical cache Hierarchy.
[2018.03.01-14.00.41:905][  0]LogDerivedDataCache: Display: Pak cache opened for reading ../../../Engine/DerivedDataCache/Compressed.ddp.
[2018.03.01-14.00.41:917][  0]LogDerivedDataCache: Using Local data cache path C:/Users/Олег/AppData/Local/UnrealEngine/Common/DerivedDataCache: Writable
[2018.03.01-14.00.42:069][  0]LogMaterial: Verifying Global Shaders for PCD3D_SM5
[2018.03.01-14.00.42:354][  0]LogSlate: Using Freetype 2.6.0
[2018.03.01-14.00.42:455][  0]LogSlate: SlateFontCache - WITH_FREETYPE: 1, WITH_HARFBUZZ: 1
[2018.03.01-14.00.42:466][  0]LogSlate: SlateFontCache - WITH_FREETYPE: 1, WITH_HARFBUZZ: 1
[2018.03.01-14.00.49:238][  0]LogInit: Selected Device Profile: [Windows]
[2018.03.01-14.00.51:488][  0]LogSimplygon: Simplygon DLL not present - disabling.
[2018.03.01-14.00.51:583][  0]LogMeshReduction: Using SimplygonSwarm for distributed automatic mesh merging
[2018.03.01-14.00.51:599][  0]LogMeshReduction: Using QuadricMeshReduction for automatic static mesh reduction
[2018.03.01-14.00.51:599][  0]LogMeshReduction: No automatic skeletal mesh reduction module available
[2018.03.01-14.00.51:599][  0]LogMeshReduction: No automatic mesh merging module available
[2018.03.01-14.00.51:599][  0]LogMeshMerging: No automatic mesh merging module available
[2018.03.01-14.00.52:564][  0]LogNetVersion: earthsea418 , NetCL: 3709383, EngineNetVer: 2, GameNetVer: 0 (Checksum: 4181013138)
[2018.03.01-14.00.54:432][  0]LogAssetRegistry: FAssetRegistry took 0.0322 seconds to start up
[2018.03.01-14.00.59:940][  0]LogPackageLocalizationCache: Processed 7 localized package path(s) for 1 prioritized culture(s) in 0.050645 seconds
[2018.03.01-14.00.59:986][  0]LogUObjectArray: 35870 objects as part of root set at end of initial load.
[2018.03.01-14.00.59:987][  0]LogUObjectAllocator: 7363704 out of 0 bytes used by permanent object pool.
[2018.03.01-14.00.59:987][  0]LogUObjectArray: CloseDisregardForGC: 0/0 objects in disregard for GC pool
[2018.03.01-14.01.00:073][  0]LogInit: WinSock: version 1.1 (2.2), MaxSocks=32767, MaxUdp=65467
[2018.03.01-14.01.10:048][  0]LogTcpMessaging: Initializing TcpMessaging bridge
[2018.03.01-14.01.10:091][  0]LogUdpMessaging: Initializing bridge on interface 0.0.0.0:0 to multicast group 230.0.0.1:6666.
[2018.03.01-14.01.11:805][  0]LogMaterial: Uniform references updated for custom material expression Custom.
[2018.03.01-14.01.13:074][  0]SourceControl: Source control is disabled
[2018.03.01-14.01.16:089][  0]LogAndroidPermission: UAndroidPermissionCallbackProxy::GetInstance
[2018.03.01-14.01.16:328][  0]LogOcInput: OculusInput pre-init called
[2018.03.01-14.01.17:136][  0]LogEngine: Initializing Engine...
[2018.03.01-14.01.17:208][  0]LogHMD: Failed to initialize OpenVR with code 110
[2018.03.01-14.01.18:450][  0]LogStats: UGameplayTagsManager::ConstructGameplayTagTree: Construct from data asset -  0.000 s
[2018.03.01-14.01.18:450][  0]LogStats: UGameplayTagsManager::ConstructGameplayTagTree: GameplayTagTreeChangedEvent.Broadcast -  0.000 s
[2018.03.01-14.01.19:149][  0]LogAIModule: Creating AISystem for world Untitled
[2018.03.01-14.01.19:403][  0]LogInit: XAudio2 using 'Динамики (Realtek High Definition Audio)' : 2 channels at 48 kHz using 32 bits per sample (channel mask 0x3)
[2018.03.01-14.01.19:584][  0]LogInit: FAudioDevice initialized.
[2018.03.01-14.01.19:755][  0]LogDerivedDataCache: Saved boot cache 0.14s 78MB C:/Users/Олег/AppData/Local/UnrealEngine/4.18/DerivedDataCache/Boot.ddc.
[2018.03.01-14.01.19:772][  0]LogInit: Texture streaming: Enabled
[2018.03.01-14.01.20:049][  0]LogEngineSessionManager: EngineSessionManager initialized
[2018.03.01-14.01.20:253][  0]LogWindowsTextInputMethodSystem: Display: IME system now deactivated.
[2018.03.01-14.01.21:809][  0]LogInit: Transaction tracking system initialized
[2018.03.01-14.01.23:461][  0]BlueprintLog: New page: Editor Load
[2018.03.01-14.01.27:721][  0]LocalizationService: Localization service is disabled
[2018.03.01-14.01.29:768][  0]LogLinker: Warning: Can't find file '/Game/TopDownBP/TopDownOverview'
[2018.03.01-14.01.29:793][  0]LogLinker: Warning: Can't find file '/Game/TopDownBP/TopDownOverview'
[2018.03.01-14.01.29:814][  0]LogUObjectGlobals: Warning: Failed to find object 'Class /Game/TopDownBP/TopDownOverview.TopDownOverview_C'
[2018.03.01-14.01.31:316][  0]LogConsoleResponse: Display: 
[2018.03.01-14.01.38:334][  0]LogFileCache: Scanning file cache for directory 'F:/UE Project/earthsea418/Content/' took 0.04s
[2018.03.01-14.01.38:334][  0]LogCook: Display: Max memory allowance for cook 16384mb min free memory 0mb
[2018.03.01-14.01.38:379][  0]LogCook: Display: Mobile HDR setting 1
[2018.03.01-14.01.38:407][  0]LogGameplayTags: Display: UGameplayTagsManager::DoneAddingNativeTags. DelegateIsBound: 0
[2018.03.01-14.01.44:183][  0]LogSlate: Took 0.048074 seconds to synchronously load lazily loaded font '../../../Engine/Content/Slate/Fonts/Roboto-Regular.ttf' (155K)
[2018.03.01-14.01.52:013][  0]LogWindowsTextInputMethodSystem: Display: IME system now deactivated.
[2018.03.01-14.01.52:305][  0]LogWindowsTextInputMethodSystem: Display: IME system now deactivated.
[2018.03.01-14.01.53:358][  0]LogWindowsTextInputMethodSystem: Display: IME system now deactivated.
[2018.03.01-14.01.53:653][  0]LogWindowsTextInputMethodSystem: Display: IME system now deactivated.
[2018.03.01-14.01.55:792][  0]LogWindowsTextInputMethodSystem: Display: IME system now deactivated.
[2018.03.01-14.01.55:868][  0]LogWindowsTextInputMethodSystem: Display: IME system now deactivated.
[2018.03.01-14.01.56:021][  0]Cmd: MAP LOAD FILE="../../../Engine/Content/Maps/Templates/Template_Default.umap" TEMPLATE=1 SHOWPROGRESS=1 FEATURELEVEL=3
[2018.03.01-14.01.56:161][  0]LightingResults: New page: Lighting Build
[2018.03.01-14.01.57:325][  0]MapCheck: New page: Map Check
[2018.03.01-14.01.57:325][  0]LightingResults: New page: Lighting Build
[2018.03.01-14.02.06:452][  0]LogAIModule: Creating AISystem for world Untitled_1
[2018.03.01-14.02.07:155][  0]LogEditorServer: Finished looking for orphan Actors (0.000 secs)
[2018.03.01-14.02.07:253][  0]Cmd: MAP CHECKDEP NOCLEARLOG
[2018.03.01-14.02.07:334][  0]MapCheck: Map check complete: 0 Error(s), 0 Warning(s), took 81.008ms to complete.
[2018.03.01-14.02.07:334][  0]LogFileHelpers: Loading map 'Template_Default' took 11.385
[2018.03.01-14.02.11:452][  0]LogStats: Warning: MetaData mismatch. Did you assign a stat to two groups? New //STATGROUP_Threads//SplashScreenThread///Thread_32a8_0///####STATCAT_Advanced#### old //STATGROUP_Threads//SplashScreenThread///Thread_1b90_0///####STATCAT_Advanced####
[2018.03.01-14.02.11:452][  0]LogCollectionManager: Loaded 0 collections in 0.001190 seconds
[2018.03.01-14.02.11:741][  0]LogFileCache: Scanning file cache for directory 'F:/UE Project/earthsea418/Saved/Collections/' took 0.01s
[2018.03.01-14.02.11:741][  0]LogFileCache: Scanning file cache for directory 'F:/UE Project/earthsea418/Content/Developers/Олег/Collections/' took 0.01s
[2018.03.01-14.02.11:741][  0]LogFileCache: Scanning file cache for directory 'F:/UE Project/earthsea418/Content/Collections/' took 0.01s
[2018.03.01-14.02.11:741][  0]LogCollectionManager: Rebuilt the GUID cache for 0 collections in 0.000000 seconds
[2018.03.01-14.02.11:769][  0]LogContentBrowser: Native class hierarchy populated in 0.0191 seconds. Added 2363 classes and 519 folders.
[2018.03.01-14.02.11:969][  0]LogContentBrowser: Native class hierarchy updated for 'WidgetCarousel' in 0.0003 seconds. Added 0 classes and 0 folders.
[2018.03.01-14.02.12:616][  0]LogContentBrowser: Native class hierarchy updated for 'AddContentDialog' in 0.0003 seconds. Added 0 classes and 0 folders.
[2018.03.01-14.02.12:702][  0]LogContentBrowser: Native class hierarchy updated for 'SceneOutliner' in 0.0003 seconds. Added 1 classes and 2 folders.
[2018.03.01-14.02.13:160][  0]LogSlate: Took 0.015197 seconds to synchronously load lazily loaded font '../../../Engine/Content/Slate/Fonts/Roboto-Bold.ttf' (160K)
[2018.03.01-14.02.13:218][  0]LogSlate: Took 0.012523 seconds to synchronously load lazily loaded font '../../../Engine/Content/Editor/Slate/Fonts/FontAwesome.ttf' (139K)
[2018.03.01-14.02.13:703][  0]LogRenderer: Reallocating scene render targets to support 1208x608 Format 10 NumSamples 1 (Frame:1).
[2018.03.01-14.02.14:692][  0]LogContentBrowser: Native class hierarchy updated for 'HierarchicalLODOutliner' in 0.0003 seconds. Added 1 classes and 2 folders.
[2018.03.01-14.02.14:692][  0]LogLoad: (Engine Initialization) Total time: 122.23 seconds
[2018.03.01-14.02.14:692][  0]LogLoad: (Engine Initialization) Total Blueprint compile time: 0.00 seconds
[2018.03.01-14.02.14:714][  0]LogExternalProfiler: No external profilers were discovered.  External profiling features will not be available.
[2018.03.01-14.02.15:025][  0]SourceControl: On branch master
[2018.03.01-14.02.15:025][  0]SourceControl: Your branch is up to date with 'origin/master'.
[2018.03.01-14.02.15:025][  0]SourceControl: Changes not staged for commit:
[2018.03.01-14.02.15:025][  0]SourceControl:   (use "git add/rm <file>..." to update what will be committed)
[2018.03.01-14.02.15:025][  0]SourceControl:   (use "git checkout -- <file>..." to discard changes in working directory)
[2018.03.01-14.02.15:025][  0]SourceControl: 	modified:   Intermediate/CachedAssetRegistry.bin
[2018.03.01-14.02.15:025][  0]SourceControl: 	deleted:    Saved/Logs/earthsea418-backup-2018.03.01-00.26.31.log
[2018.03.01-14.02.15:025][  0]SourceControl: 	modified:   Saved/Logs/earthsea418.log
[2018.03.01-14.02.15:025][  0]SourceControl: Untracked files:
[2018.03.01-14.02.15:025][  0]SourceControl:   (use "git add <file>..." to include in what will be committed)
[2018.03.01-14.02.15:025][  0]SourceControl: 	Intermediate/AssetRegistryCache/1f683343.bin
[2018.03.01-14.02.15:025][  0]SourceControl: 	Intermediate/AssetRegistryCache/2657c409.bin
[2018.03.01-14.02.15:025][  0]SourceControl: 	Intermediate/AssetRegistryCache/2f5244c7.bin
[2018.03.01-14.02.15:025][  0]SourceControl: 	Intermediate/AssetRegistryCache/52ed2538.bin
[2018.03.01-14.02.15:025][  0]SourceControl: 	Intermediate/AssetRegistryCache/866581fd.bin
[2018.03.01-14.02.15:025][  0]SourceControl: 	Intermediate/AssetRegistryCache/8c0e1344.bin
[2018.03.01-14.02.15:025][  0]SourceControl: 	Intermediate/AssetRegistryCache/f0d5030c.bin
[2018.03.01-14.02.15:025][  0]SourceControl: 	Intermediate/Config/
[2018.03.01-14.02.15:025][  0]SourceControl: 	Saved/Config/CrashReportClient/UE4CC-Windows-D23A53994243B595F00C798B0C217AEF/
[2018.03.01-14.02.15:025][  0]SourceControl: 	Saved/Config/Windows/Compat.ini
[2018.03.01-14.02.15:025][  0]SourceControl: 	Saved/Config/Windows/DeviceProfiles.ini
[2018.03.01-14.02.15:025][  0]SourceControl: 	Saved/Config/Windows/Editor.ini
[2018.03.01-14.02.15:025][  0]SourceControl: 	Saved/Config/Windows/Game.ini
[2018.03.01-14.02.15:025][  0]SourceControl: 	Saved/Config/Windows/GameUserSettings.ini
[2018.03.01-14.02.15:025][  0]SourceControl: 	Saved/Config/Windows/Hardware.ini
[2018.03.01-14.02.15:025][  0]SourceControl: 	Saved/Config/Windows/Input.ini
[2018.03.01-14.02.15:025][  0]SourceControl: 	Saved/Config/Windows/Lightmass.ini
[2018.03.01-14.02.15:025][  0]SourceControl: 	Saved/Config/Windows/OculusVR.ini
[2018.03.01-14.02.15:025][  0]SourceControl: 	Saved/Config/Windows/Paper2D.ini
[2018.03.01-14.02.15:025][  0]SourceControl: 	Saved/Config/Windows/PhysXVehicles.ini
[2018.03.01-14.02.15:026][  0]SourceControl: 	Saved/Config/Windows/Scalability.ini
[2018.03.01-14.02.15:026][  0]SourceControl: 	Saved/Logs/earthsea418-backup-2018.03.01-17.00.25.log
[2018.03.01-14.02.15:026][  0]SourceControl: no changes added to commit (use "git add" and/or "git commit -a")
[2018.03.01-14.02.15:038][  0]LogContentStreaming: Texture pool size now 1000 MB
[2018.03.01-14.02.15:302][  2]LogAssetRegistry: Asset discovery search completed in 80.8921 seconds
[2018.03.01-14.02.15:325][  2]LogCollectionManager: Rebuilt the object cache for 0 collections in 0.000000 seconds (found 0 objects)
[2018.03.01-14.02.15:325][  2]LogCollectionManager: Fixed up redirectors for 0 collections in 0.000066 seconds (updated 0 objects)
[2018.03.01-14.02.19:250][174]LogSlate: Took 0.011870 seconds to synchronously load lazily loaded font '../../../Engine/Content/Slate/Fonts/Roboto-Light.ttf' (159K)
[2018.03.01-14.02.24:992][434]LogSlate: Took 0.000167 seconds to synchronously load lazily loaded font '../../../Engine/Content/Slate/Fonts/Roboto-Light.ttf' (159K)
[2018.03.01-14.02.25:038][434]LogLinker: Warning: Can't find file '/Game/character/temp'
[2018.03.01-14.02.25:039][434]LogLinker: Warning: Can't find file for asset '/Game/character/temp' while loading ../../../../../UE Project/earthsea418/Content/default.umap.
[2018.03.01-14.02.25:050][434]LoadErrors: Error: /Game/default : Can't find file for asset. /Game/character/temp
[2018.03.01-14.02.25:050][434]LogLinker: Warning: Can't find file '/Game/character/temp'
[2018.03.01-14.02.25:050][434]LogLinker: Warning: Can't find file for asset '/Game/character/temp' while loading ../../../../../UE Project/earthsea418/Content/default.umap.
[2018.03.01-14.02.25:051][434]LogLinker: Warning: Can't find file '/Game/character/temp'
[2018.03.01-14.02.25:051][434]LogLinker: Warning: Can't find file for asset '/Game/character/temp' while loading ../../../../../UE Project/earthsea418/Content/default.umap.
[2018.03.01-14.02.25:051][434]LogLinker: Warning: Can't find file '/Game/character/temp'
[2018.03.01-14.02.25:051][434]LogLinker: Warning: Can't find file for asset '/Game/character/temp' while loading ../../../../../UE Project/earthsea418/Content/default.umap.
[2018.03.01-14.02.25:051][434]LogLinker: Warning: Can't find file '/Game/character/temp'
[2018.03.01-14.02.25:051][434]LogLinker: Warning: Can't find file for asset '/Game/character/temp' while loading ../../../../../UE Project/earthsea418/Content/default.umap.
[2018.03.01-14.02.25:066][434]LogLinker: Warning: Can't find file '/Game/grass'
[2018.03.01-14.02.25:066][434]LogLinker: Warning: Can't find file for asset '/Game/grass' while loading ../../../../../UE Project/earthsea418/Content/default.umap.
[2018.03.01-14.02.25:066][434]LoadErrors: Error: /Game/default : Can't find file for asset. /Game/grass
[2018.03.01-14.02.25:067][434]LogLinker: Warning: Can't find file '/Game/character/temp'
[2018.03.01-14.02.25:067][434]LogLinker: Warning: Can't find file for asset '/Game/character/temp' while loading ../../../../../UE Project/earthsea418/Content/default.umap.
[2018.03.01-14.02.25:067][434]LogLinker: Warning: Can't find file '/Game/grass'
[2018.03.01-14.02.25:067][434]LogLinker: Warning: Can't find file for asset '/Game/grass' while loading ../../../../../UE Project/earthsea418/Content/default.umap.
[2018.03.01-14.02.25:068][434]LogLinker: Warning: Can't find file '/Game/character/temp'
[2018.03.01-14.02.25:068][434]LogLinker: Warning: Can't find file for asset '/Game/character/temp' while loading ../../../../../UE Project/earthsea418/Content/default.umap.
[2018.03.01-14.02.25:068][434]LogLinker: Warning: Can't find file '/Game/character/temp'
[2018.03.01-14.02.25:068][434]LogLinker: Warning: Can't find file for asset '/Game/character/temp' while loading ../../../../../UE Project/earthsea418/Content/default.umap.
[2018.03.01-14.02.25:069][434]LogLinker: Warning: Can't find file '/Game/character/temp'
[2018.03.01-14.02.25:069][434]LogLinker: Warning: Can't find file for asset '/Game/character/temp' while loading ../../../../../UE Project/earthsea418/Content/default.umap.
[2018.03.01-14.02.25:070][434]LogLinker: Warning: Can't find file '/Game/character/temp'
[2018.03.01-14.02.25:070][434]LogLinker: Warning: Can't find file for asset '/Game/character/temp' while loading NULL.
[2018.03.01-14.02.25:070][434]LogLinker: Warning: Can't find file '/Game/character/temp'
[2018.03.01-14.02.25:070][434]LogLinker: Warning: Can't find file for asset '/Game/character/temp' while loading NULL.
[2018.03.01-14.02.25:075][434]LogLinker: Warning: Can't find file '/Game/character/temp'
[2018.03.01-14.02.25:075][434]LogLinker: Warning: Can't find file for asset '/Game/character/temp' while loading NULL.
[2018.03.01-14.02.25:075][434]LogLinker: Warning: Can't find file '/Game/character/temp'
[2018.03.01-14.02.25:075][434]LogLinker: Warning: Can't find file for asset '/Game/character/temp' while loading NULL.
[2018.03.01-14.02.25:076][434]LogLinker: Warning: Can't find file '/Game/character/temp'
[2018.03.01-14.02.25:076][434]LogLinker: Warning: Can't find file for asset '/Game/character/temp' while loading NULL.
[2018.03.01-14.02.25:076][434]LogLinker: Warning: Can't find file '/Game/character/temp'
[2018.03.01-14.02.25:076][434]LogLinker: Warning: Can't find file for asset '/Game/character/temp' while loading NULL.
[2018.03.01-14.02.25:076][434]LogLinker: Warning: Can't find file '/Game/character/temp'
[2018.03.01-14.02.25:076][434]LogLinker: Warning: Can't find file for asset '/Game/character/temp' while loading NULL.
[2018.03.01-14.02.25:076][434]LogLinker: Warning: Can't find file '/Game/character/temp'
[2018.03.01-14.02.25:076][434]LogLinker: Warning: Can't find file for asset '/Game/character/temp' while loading NULL.
[2018.03.01-14.02.25:118][434]LogLinker: Warning: Can't find file '/Game/character/temp'
[2018.03.01-14.02.25:118][434]LogLinker: Warning: Can't find file for asset '/Game/character/temp' while loading NULL.
[2018.03.01-14.02.25:118][434]LogLinker: Warning: Can't find file '/Game/character/temp'
[2018.03.01-14.02.25:118][434]LogLinker: Warning: Can't find file for asset '/Game/character/temp' while loading NULL.
[2018.03.01-14.02.25:118][434]LogLinker: Warning: Can't find file '/Game/character/temp'
[2018.03.01-14.02.25:118][434]LogLinker: Warning: Can't find file for asset '/Game/character/temp' while loading NULL.
[2018.03.01-14.02.25:118][434]LogLinker: Warning: Can't find file '/Game/character/temp'
[2018.03.01-14.02.25:118][434]LogLinker: Warning: Can't find file for asset '/Game/character/temp' while loading NULL.
[2018.03.01-14.02.25:119][434]LogLinker: Warning: Can't find file '/Game/character/temp'
[2018.03.01-14.02.25:119][434]LogLinker: Warning: Can't find file for asset '/Game/character/temp' while loading NULL.
[2018.03.01-14.02.25:119][434]LogLinker: Warning: Can't find file '/Game/character/temp'
[2018.03.01-14.02.25:119][434]LogLinker: Warning: Can't find file for asset '/Game/character/temp' while loading NULL.
[2018.03.01-14.02.25:140][434]LogLinker: Warning: Can't find file '/Game/grass'
[2018.03.01-14.02.25:140][434]LoadErrors: Failed to load /Game/grass.grass Referenced by Landscape_0
[2018.03.01-14.02.25:140][434]LogLinker: Warning: Can't find file for asset '/Game/grass' while loading NULL.
[2018.03.01-14.02.25:198][434]LogLinker: Warning: Can't find file '/Game/grass'
[2018.03.01-14.02.25:198][434]LoadErrors: Failed to load /Game/grass.grass Referenced by LandscapeMaterialInstanceConstant_0
[2018.03.01-14.02.25:198][434]LogLinker: Warning: Can't find file for asset '/Game/grass' while loading NULL.
[2018.03.01-14.02.25:210][434]LogLinker: Warning: Can't find file '/Game/character/temp'
[2018.03.01-14.02.25:210][434]LogLinker: Warning: Can't find file for asset '/Game/character/temp' while loading NULL.
[2018.03.01-14.02.25:210][434]LogLinker: Warning: Can't find file '/Game/character/temp'
[2018.03.01-14.02.25:210][434]LoadErrors: Failed to load /Game/character/temp.temp_C Referenced by PersistentLevel
[2018.03.01-14.02.25:210][434]LogLinker: Warning: Can't find file for asset '/Game/character/temp' while loading NULL.
[2018.03.01-14.02.25:253][434]LogMaterial: Missing cached shader map for material BasicShapeMaterial, compiling. 
[2018.03.01-14.02.25:556][434]LogAIModule: Creating AISystem for world default
[2018.03.01-14.02.25:832][434]LogSlate: Took 0.000190 seconds to synchronously load lazily loaded font '../../../Engine/Content/Slate/Fonts/Roboto-Regular.ttf' (155K)
[2018.03.01-14.02.26:119][434]Cmd: MAP LOAD FILE="../../../../../UE Project/earthsea418/Content/default.umap" TEMPLATE=0 SHOWPROGRESS=1 FEATURELEVEL=3
[2018.03.01-14.02.26:120][434]LightingResults: New page: Lighting Build
[2018.03.01-14.02.26:121][434]LoadErrors: New page: Loading map: default.umap
[2018.03.01-14.02.26:134][434]MapCheck: New page: Map Check
[2018.03.01-14.02.26:134][434]LightingResults: New page: Lighting Build
[2018.03.01-14.02.31:894][434]LogEditorServer: Finished looking for orphan Actors (0.000 secs)
[2018.03.01-14.02.32:042][434]Cmd: MAP CHECKDEP NOCLEARLOG
[2018.03.01-14.02.32:107][434]MapCheck: Map check complete: 0 Error(s), 0 Warning(s), took 64.712ms to complete.
[2018.03.01-14.02.32:107][434]LogFileHelpers: Loading map 'default' took 6.135
[2018.03.01-14.02.32:225][434]LoadErrors: Warning: CreateExport: Failed to load Outer for resource 'Arrow': temp_C /Game/default.default:PersistentLevel.temp_410
[2018.03.01-14.02.32:225][434]LoadErrors: Warning: CreateExport: Failed to load Outer for resource 'Camera': temp_C /Game/default.default:PersistentLevel.temp_410
[2018.03.01-14.02.32:226][434]LoadErrors: Warning: CreateExport: Failed to load Outer for resource 'CollisionCylinder': temp_C /Game/default.default:PersistentLevel.temp_410
[2018.03.01-14.02.32:226][434]LoadErrors: Warning: CreateExport: Failed to load Outer for resource 'CharMoveComp': temp_C /Game/default.default:PersistentLevel.temp_410
[2018.03.01-14.02.32:226][434]LoadErrors: Warning: CreateExport: Failed to load Outer for resource 'CharacterMesh0': temp_C /Game/default.default:PersistentLevel.temp_410
[2018.03.01-14.02.32:226][434]LoadErrors: Warning: CreateExport: Failed to load Outer for resource 'SpringArm': temp_C /Game/default.default:PersistentLevel.temp_410
[2018.03.01-14.02.34:131][500]LogTemp: Repeating last play command: Selected Viewport
[2018.03.01-14.02.34:376][500]LogPlayLevel: PlayLevel: No blueprints needed recompiling
[2018.03.01-14.02.34:469][500]PIE: New page: PIE session: default (Mar 1, 2018, 8:02:34 PM)
[2018.03.01-14.02.34:481][500]LogPlayLevel: Creating play world package: /Game/UEDPIE_0_default
[2018.03.01-14.02.34:786][500]LogPlayLevel: PIE: StaticDuplicateObject took: (0.303862s)
[2018.03.01-14.02.34:787][500]LogAIModule: Creating AISystem for world default
[2018.03.01-14.02.34:795][500]LogPlayLevel: PIE: World Init took: (0.008802s)
[2018.03.01-14.02.34:799][500]LogPlayLevel: PIE: Created PIE world by copying editor world from /Game/default.default to /Game/UEDPIE_0_default.default (0.317835s)
[2018.03.01-14.02.34:835][500]LogInit: XAudio2 using 'Динамики (Realtek High Definition Audio)' : 2 channels at 48 kHz using 32 bits per sample (channel mask 0x3)
[2018.03.01-14.02.34:866][500]LogInit: FAudioDevice initialized.
[2018.03.01-14.02.34:969][500]LogLoad: Game class is 'GameModeBase'
[2018.03.01-14.02.35:124][500]LogWorld: Bringing World /Game/UEDPIE_0_default.default up for play (max tick rate 60) at 2018.03.01-17.02.35
[2018.03.01-14.02.35:160][500]LogWorld: Bringing up level for play took: 0.072964
[2018.03.01-14.02.35:415][500]LogContentBrowser: Native class hierarchy updated for 'MovieSceneCapture' in 0.0089 seconds. Added 11 classes and 0 folders.
[2018.03.01-14.02.35:486][500]PIE: Play in editor start time for /Game/UEDPIE_0_default 0.679
[2018.03.01-14.04.03:630][641]LogEditorViewport: Clicking on Actor (LMB): AmbientSound (Лес_дневные_звуки_1_Cue)
[2018.03.01-14.04.06:630][688]LogSlate: Took 0.008934 seconds to synchronously load lazily loaded font '../../../Engine/Content/Editor/Slate/Fonts/Roboto-BoldCondensed.ttf' (158K)
[2018.03.01-14.04.18:834][106]Cmd: OBJ SAVEPACKAGE PACKAGE="/Game/Forest_Sound1_Cue" FILE="../../../../../UE Project/earthsea418/Content/Forest_Sound1_Cue.uasset" SILENT=true
[2018.03.01-14.04.18:871][106]LogSavePackage: Save=15.23ms
[2018.03.01-14.04.18:872][106]LogSavePackage: Moving '../../../../../UE Project/earthsea418/Saved/Forest_Sound1_CueF9F1DDC4472FCCC794DC0A86990AB08B.tmp' to '../../../../../UE Project/earthsea418/Content/Forest_Sound1_Cue.uasset'
[2018.03.01-14.04.18:888][106]LogSavePackage: Display: Finished SavePackage ../../../../../UE Project/earthsea418/Content/Forest_Sound1_Cue.uasset
[2018.03.01-14.04.20:689][175]LogTemp: Repeating last play command: Selected Viewport
[2018.03.01-14.04.20:723][175]LogPlayLevel: PlayLevel: No blueprints needed recompiling
[2018.03.01-14.04.20:723][175]PIE: New page: PIE session: default (Mar 1, 2018, 8:04:20 PM)
[2018.03.01-14.04.20:723][175]LogPlayLevel: Creating play world package: /Game/UEDPIE_0_default
[2018.03.01-14.04.20:763][175]LogPlayLevel: PIE: StaticDuplicateObject took: (0.039118s)
[2018.03.01-14.04.20:763][175]LogAIModule: Creating AISystem for world default
[2018.03.01-14.04.20:764][175]LogPlayLevel: PIE: World Init took: (0.001083s)
[2018.03.01-14.04.20:764][175]LogPlayLevel: PIE: Created PIE world by copying editor world from /Game/default.default to /Game/UEDPIE_0_default.default (0.040492s)
[2018.03.01-14.04.20:794][175]LogInit: XAudio2 using 'Динамики (Realtek High Definition Audio)' : 2 channels at 48 kHz using 32 bits per sample (channel mask 0x3)
[2018.03.01-14.04.20:815][175]LogInit: FAudioDevice initialized.
[2018.03.01-14.04.20:849][175]LogLoad: Game class is 'GameModeBase'
[2018.03.01-14.04.20:862][175]LogWorld: Bringing World /Game/UEDPIE_0_default.default up for play (max tick rate 60) at 2018.03.01-17.04.20
[2018.03.01-14.04.20:862][175]LogWorld: Bringing up level for play took: 0.012894
[2018.03.01-14.04.20:864][175]PIE: Play in editor start time for /Game/UEDPIE_0_default 0.057
[2018.03.01-14.05.19:195][385]LogTemp: Repeating last play command: Selected Viewport
[2018.03.01-14.05.19:219][385]LogPlayLevel: PlayLevel: No blueprints needed recompiling
[2018.03.01-14.05.19:219][385]PIE: New page: PIE session: default (Mar 1, 2018, 8:05:19 PM)
[2018.03.01-14.05.19:219][385]LogPlayLevel: Creating play world package: /Game/UEDPIE_0_default
[2018.03.01-14.05.19:263][385]LogPlayLevel: PIE: StaticDuplicateObject took: (0.043786s)
[2018.03.01-14.05.19:264][385]LogAIModule: Creating AISystem for world default
[2018.03.01-14.05.19:264][385]LogPlayLevel: PIE: World Init took: (0.000916s)
[2018.03.01-14.05.19:264][385]LogPlayLevel: PIE: Created PIE world by copying editor world from /Game/default.default to /Game/UEDPIE_0_default.default (0.045059s)
[2018.03.01-14.05.19:282][385]LogInit: XAudio2 using 'Динамики (Realtek High Definition Audio)' : 2 channels at 48 kHz using 32 bits per sample (channel mask 0x3)
[2018.03.01-14.05.19:301][385]LogInit: FAudioDevice initialized.
[2018.03.01-14.05.19:332][385]LogLoad: Game class is 'GameModeBase'
[2018.03.01-14.05.19:348][385]LogWorld: Bringing World /Game/UEDPIE_0_default.default up for play (max tick rate 60) at 2018.03.01-17.05.19
[2018.03.01-14.05.19:348][385]LogWorld: Bringing up level for play took: 0.016054
[2018.03.01-14.05.19:350][385]PIE: Play in editor start time for /Game/UEDPIE_0_default 0.543
[2018.03.01-14.07.24:062][725]Cmd: QUIT_EDITOR
[2018.03.01-14.07.24:863][725]LogWindowsTextInputMethodSystem: Display: IME system now deactivated.
[2018.03.01-14.07.24:938][725]LogExit: Preparing to exit.
[2018.03.01-14.07.25:696][725]LogDirectoryWatcher: A directory notification for 'F:/UE Project/earthsea418/Content/' was aborted.
[2018.03.01-14.07.25:763][725]LogExit: Editor shut down
[2018.03.01-14.07.25:768][725]LogExit: Transaction tracking system shut down
[2018.03.01-14.07.26:336][725]LogDirectoryWatcher: A directory notification for '../../../Engine/Content/' was aborted.
[2018.03.01-14.07.26:336][725]LogDirectoryWatcher: A directory notification for '../../../../../UE Project/earthsea418/Content/' was aborted.
[2018.03.01-14.07.26:336][725]LogDirectoryWatcher: A directory notification for '../../../Engine/Plugins/2D/Paper2D/Content/' was aborted.
[2018.03.01-14.07.26:336][725]LogDirectoryWatcher: A directory notification for '../../../Engine/Plugins/Media/MediaCompositing/Content/' was aborted.
[2018.03.01-14.07.26:336][725]LogDirectoryWatcher: A directory notification for '../../../Engine/Plugins/Runtime/AppleARKit/Content/' was aborted.
[2018.03.01-14.07.26:336][725]LogDirectoryWatcher: A directory notification for '../../../Engine/Plugins/Runtime/Oculus/OculusVR/Content/' was aborted.
[2018.03.01-14.07.26:336][725]LogDirectoryWatcher: A directory notification for '../../../Engine/Plugins/Runtime/Steam/SteamVR/Content/' was aborted.
[2018.03.01-14.07.27:803][725]LogExit: Object subsystem successfully closed.
[2018.03.01-14.07.28:292][725]LogD3D11RHI: Shutdown
[2018.03.01-14.07.28:332][725]LogD3D11RHI: CleanupD3DDevice
[2018.03.01-14.07.28:482][725]LogD3D11RHI: ~FD3D11DynamicRHI
[2018.03.01-14.07.29:413][725]LogModuleManager: Shutting down and abandoning module MovieSceneCapture (552)
[2018.03.01-14.07.29:413][725]LogModuleManager: Shutting down and abandoning module HierarchicalLODOutliner (550)
[2018.03.01-14.07.29:413][725]LogModuleManager: Shutting down and abandoning module SceneOutliner (548)
[2018.03.01-14.07.29:419][725]LogModuleManager: Shutting down and abandoning module AddContentDialog (546)
[2018.03.01-14.07.29:432][725]LogDirectoryWatcher: A directory notification for 'F:/Unreal/UE_4.18/FeaturePacks/' was aborted.
[2018.03.01-14.07.29:434][725]LogModuleManager: Shutting down and abandoning module WidgetCarousel (545)
[2018.03.01-14.07.29:434][725]LogModuleManager: Shutting down and abandoning module EditorWidgets (542)
[2018.03.01-14.07.29:434][725]LogModuleManager: Shutting down and abandoning module CollectionManager (540)
[2018.03.01-14.07.29:439][725]LogDirectoryWatcher: A directory notification for 'F:/UE Project/earthsea418/Content/Collections/' was aborted.
[2018.03.01-14.07.29:439][725]LogDirectoryWatcher: A directory notification for 'F:/UE Project/earthsea418/Content/Developers/Олег/Collections/' was aborted.
[2018.03.01-14.07.29:439][725]LogDirectoryWatcher: A directory notification for 'F:/UE Project/earthsea418/Saved/Collections/' was aborted.
[2018.03.01-14.07.29:439][725]LogModuleManager: Shutting down and abandoning module HierarchicalLODUtilities (538)
[2018.03.01-14.07.29:445][725]LogModuleManager: Shutting down and abandoning module StatsViewer (536)
[2018.03.01-14.07.29:458][725]LogModuleManager: Shutting down and abandoning module FoliageEdit (534)
[2018.03.01-14.07.29:458][725]LogModuleManager: Shutting down and abandoning module LandscapeEditor (532)
[2018.03.01-14.07.29:472][725]LogModuleManager: Shutting down and abandoning module MeshPaintMode (530)
[2018.03.01-14.07.29:481][725]LogModuleManager: Shutting down and abandoning module SceneDepthPickerMode (528)
[2018.03.01-14.07.29:481][725]LogModuleManager: Shutting down and abandoning module ActorPickerMode (526)
[2018.03.01-14.07.29:481][725]LogModuleManager: Shutting down and abandoning module GeometryMode (524)
[2018.03.01-14.07.29:481][725]LogModuleManager: Shutting down and abandoning module TextureAlignMode (522)
[2018.03.01-14.07.29:481][725]LogModuleManager: Shutting down and abandoning module BspMode (520)
[2018.03.01-14.07.29:481][725]LogModuleManager: Shutting down and abandoning module PIEPreviewDeviceProfileSelector (518)
[2018.03.01-14.07.29:481][725]LogModuleManager: Shutting down and abandoning module HardwareSurvey (516)
[2018.03.01-14.07.29:481][725]LogModuleManager: Shutting down and abandoning module SequenceRecorderSections (514)
[2018.03.01-14.07.29:492][725]LogModuleManager: Shutting down and abandoning module AutomationWorker (512)
[2018.03.01-14.07.29:492][725]LogModuleManager: Shutting down and abandoning module MatineeToLevelSequence (510)
[2018.03.01-14.07.29:502][725]LogModuleManager: Shutting down and abandoning module LevelSequenceEditor (508)
[2018.03.01-14.07.29:527][725]LogModuleManager: Shutting down and abandoning module PlacementMode (507)
[2018.03.01-14.07.29:527][725]LogModuleManager: Shutting down and abandoning module WmfMediaFactory (504)
[2018.03.01-14.07.29:527][725]LogModuleManager: Shutting down and abandoning module WmfMediaEditor (502)
[2018.03.01-14.07.29:527][725]LogModuleManager: Shutting down and abandoning module OpenExrWrapper (500)
[2018.03.01-14.07.29:527][725]LogModuleManager: Shutting down and abandoning module ImgMediaFactory (498)
[2018.03.01-14.07.29:527][725]LogModuleManager: Shutting down and abandoning module ImgMediaEditor (496)
[2018.03.01-14.07.29:527][725]LogModuleManager: Shutting down and abandoning module AvfMediaFactory (494)
[2018.03.01-14.07.29:527][725]LogModuleManager: Shutting down and abandoning module AvfMediaEditor (492)
[2018.03.01-14.07.29:527][725]LogModuleManager: Shutting down and abandoning module AndroidMediaFactory (490)
[2018.03.01-14.07.29:527][725]LogModuleManager: Shutting down and abandoning module AndroidMediaEditor (488)
[2018.03.01-14.07.29:527][725]LogModuleManager: Shutting down and abandoning module CharacterAI (486)
[2018.03.01-14.07.29:527][725]LogModuleManager: Shutting down and abandoning module AudioCapture (484)
[2018.03.01-14.07.29:532][725]LogModuleManager: Shutting down and abandoning module SequenceRecorder (483)
[2018.03.01-14.07.29:532][725]LogModuleManager: Shutting down and abandoning module SmartSnapping (480)
[2018.03.01-14.07.29:532][725]LogModuleManager: Shutting down and abandoning module SessionServices (478)
[2018.03.01-14.07.29:532][725]LogModuleManager: Shutting down and abandoning module ViewportSnapping (476)
[2018.03.01-14.07.29:532][725]LogModuleManager: Shutting down and abandoning module ViewportInteraction (474)
[2018.03.01-14.07.29:533][725]LogModuleManager: Shutting down and abandoning module ClothPainter (472)
[2018.03.01-14.07.29:550][725]LogModuleManager: Shutting down and abandoning module SkeletalMeshEditor (471)
[2018.03.01-14.07.29:557][725]LogModuleManager: Shutting down and abandoning module LogVisualizer (468)
[2018.03.01-14.07.29:576][725]LogModuleManager: Shutting down and abandoning module IntroTutorials (466)
[2018.03.01-14.07.29:622][725]LogModuleManager: Shutting down and abandoning module GameProjectGeneration (465)
[2018.03.01-14.07.29:629][725]LogModuleManager: Shutting down and abandoning module IOSPlatformEditor (462)
[2018.03.01-14.07.29:629][725]LogModuleManager: Shutting down and abandoning module HTML5PlatformEditor (460)
[2018.03.01-14.07.29:629][725]LogModuleManager: Shutting down and abandoning module AndroidPlatformEditor (458)
[2018.03.01-14.07.29:629][725]LogModuleManager: Shutting down and abandoning module AndroidDeviceDetection (457)
[2018.03.01-14.07.30:065][725]LogModuleManager: Shutting down and abandoning module WindowsPlatformEditor (454)
[2018.03.01-14.07.30:065][725]LogModuleManager: Shutting down and abandoning module IOSRuntimeSettings (452)
[2018.03.01-14.07.30:065][725]LogModuleManager: Shutting down and abandoning module AndroidRuntimeSettings (450)
[2018.03.01-14.07.30:065][725]LogModuleManager: Shutting down and abandoning module InputBindingEditor (448)
[2018.03.01-14.07.30:084][725]LogModuleManager: Shutting down and abandoning module MergeActors (446)
[2018.03.01-14.07.30:106][725]LogModuleManager: Shutting down and abandoning module SizeMap (444)
[2018.03.01-14.07.30:106][725]LogModuleManager: Shutting down and abandoning module TreeMap (442)
[2018.03.01-14.07.30:115][725]LogModuleManager: Shutting down and abandoning module ReferenceViewer (440)
[2018.03.01-14.07.30:115][725]LogModuleManager: Shutting down and abandoning module LocalizationDashboard (438)
[2018.03.01-14.07.30:126][725]LogModuleManager: Shutting down and abandoning module LocalizationService (437)
[2018.03.01-14.07.30:137][725]LogModuleManager: Shutting down and abandoning module HardwareTargeting (434)
[2018.03.01-14.07.30:137][725]LogModuleManager: Shutting down and abandoning module DeviceProfileEditor (432)
[2018.03.01-14.07.30:137][725]LogModuleManager: Shutting down and abandoning module UndoHistory (430)
[2018.03.01-14.07.30:137][725]LogModuleManager: Shutting down and abandoning module XmlParser (428)
[2018.03.01-14.07.30:145][725]LogModuleManager: Shutting down and abandoning module Blutility (426)
[2018.03.01-14.07.30:145][725]LogModuleManager: Shutting down and abandoning module ProjectSettingsViewer (424)
[2018.03.01-14.07.30:146][725]LogModuleManager: Shutting down and abandoning module ProjectTargetPlatformEditor (423)
[2018.03.01-14.07.30:146][725]LogModuleManager: Shutting down and abandoning module EditorSettingsViewer (420)
[2018.03.01-14.07.30:146][725]LogModuleManager: Shutting down and abandoning module SettingsEditor (418)
[2018.03.01-14.07.30:155][725]LogModuleManager: Shutting down and abandoning module ProjectLauncher (416)
[2018.03.01-14.07.30:168][725]LogModuleManager: Shutting down and abandoning module SessionFrontend (414)
[2018.03.01-14.07.30:176][725]LogModuleManager: Shutting down and abandoning module ProfilerClient (412)
[2018.03.01-14.07.30:182][725]LogModuleManager: Shutting down and abandoning module DeviceManager (410)
[2018.03.01-14.07.30:196][725]LogModuleManager: Shutting down and abandoning module TargetDeviceServices (409)
[2018.03.01-14.07.30:247][725]LogModuleManager: Shutting down and abandoning module AutomationController (406)
[2018.03.01-14.07.30:260][725]LogModuleManager: Shutting down and abandoning module AutomationWindow (404)
[2018.03.01-14.07.30:271][725]LogModuleManager: Shutting down and abandoning module Layers (402)
[2018.03.01-14.07.30:293][725]LogModuleManager: Shutting down and abandoning module ComponentVisualizers (400)
[2018.03.01-14.07.30:293][725]LogModuleManager: Shutting down and abandoning module DetailCustomizations (398)
[2018.03.01-14.07.30:293][725]LogModuleManager: Shutting down and abandoning module PackagesDialog (396)
[2018.03.01-14.07.30:293][725]LogModuleManager: Shutting down and abandoning module Persona (394)
[2018.03.01-14.07.30:322][725]LogModuleManager: Shutting down and abandoning module AdvancedPreviewScene (393)
[2018.03.01-14.07.30:322][725]LogModuleManager: Shutting down and abandoning module AnimGraph (391)
[2018.03.01-14.07.30:323][725]LogModuleManager: Shutting down and abandoning module Kismet (388)
[2018.03.01-14.07.30:344][725]LogModuleManager: Shutting down and abandoning module ClassViewer (386)
[2018.03.01-14.07.30:344][725]LogModuleManager: Shutting down and abandoning module Toolbox (384)
[2018.03.01-14.07.30:344][725]LogModuleManager: Shutting down and abandoning module ModuleUI (382)
[2018.03.01-14.07.30:352][725]LogModuleManager: Shutting down and abandoning module MovieSceneTools (380)
[2018.03.01-14.07.30:380][725]LogModuleManager: Shutting down and abandoning module OutputLog (378)
[2018.03.01-14.07.30:391][725]LogModuleManager: Shutting down and abandoning module GammaUI (376)
[2018.03.01-14.07.30:398][725]LogModuleManager: Shutting down and abandoning module Documentation (374)
[2018.03.01-14.07.30:398][725]LogModuleManager: Shutting down and abandoning module MovieSceneTracks (372)
[2018.03.01-14.07.30:398][725]LogModuleManager: Shutting down and abandoning module MovieScene (370)
[2018.03.01-14.07.30:398][725]LogModuleManager: Shutting down and abandoning module StreamingPauseRendering (368)
[2018.03.01-14.07.30:398][725]LogModuleManager: Shutting down and abandoning module LauncherPlatform (366)
[2018.03.01-14.07.30:398][725]LogModuleManager: Shutting down and abandoning module AnalyticsET (364)
[2018.03.01-14.07.30:398][725]LogModuleManager: Shutting down and abandoning module PortalServices (362)
[2018.03.01-14.07.30:398][725]LogModuleManager: Shutting down and abandoning module PortalRpc (360)
[2018.03.01-14.07.30:398][725]LogModuleManager: Shutting down and abandoning module MessagingRpc (358)
[2018.03.01-14.07.30:398][725]LogModuleManager: Shutting down and abandoning module AIModule (356)
[2018.03.01-14.07.30:398][725]LogModuleManager: Shutting down and abandoning module GameplayDebugger (355)
[2018.03.01-14.07.30:398][725]LogModuleManager: Shutting down and abandoning module AITestSuite (353)
[2018.03.01-14.07.30:406][725]LogModuleManager: Shutting down and abandoning module DesktopPlatform (350)
[2018.03.01-14.07.30:406][725]LogModuleManager: Shutting down and abandoning module ProfilerService (348)
[2018.03.01-14.07.30:572][725]LogModuleManager: Shutting down and abandoning module TaskGraph (346)
[2018.03.01-14.07.30:587][725]LogModuleManager: Shutting down and abandoning module SteamVRController (344)
[2018.03.01-14.07.30:587][725]LogModuleManager: Shutting down and abandoning module ProceduralMeshComponentEditor (342)
[2018.03.01-14.07.30:587][725]LogModuleManager: Shutting down and abandoning module ProceduralMeshComponent (340)
[2018.03.01-14.07.30:587][725]LogModuleManager: Shutting down and abandoning module OculusInput (338)
[2018.03.01-14.07.30:595][725]LogModuleManager: Shutting down and abandoning module MobilePatchingUtils (336)
[2018.03.01-14.07.30:595][725]LogModuleManager: Shutting down and abandoning module CustomMeshComponent (334)
[2018.03.01-14.07.30:595][725]LogModuleManager: Shutting down and abandoning module CableComponent (332)
[2018.03.01-14.07.30:604][725]LogModuleManager: Shutting down and abandoning module ArchVisCharacter (330)
[2018.03.01-14.07.30:604][725]LogModuleManager: Shutting down and abandoning module AndroidPermission (328)
[2018.03.01-14.07.30:604][725]LogModuleManager: Shutting down and abandoning module ActorSequence (324)
[2018.03.01-14.07.30:604][725]LogModuleManager: Shutting down and abandoning module MediaPlayerEditor (322)
[2018.03.01-14.07.30:624][725]LogModuleManager: Shutting down and abandoning module MediaCompositingEditor (320)
[2018.03.01-14.07.30:624][725]LogModuleManager: Shutting down and abandoning module MediaCompositing (318)
[2018.03.01-14.07.30:624][725]LogModuleManager: Shutting down and abandoning module HTML5Networking (316)
[2018.03.01-14.07.30:624][725]LogModuleManager: Shutting down and abandoning module AlembicImporter (314)
[2018.03.01-14.07.30:630][725]LogModuleManager: Shutting down and abandoning module AlembicLibrary (313)
[2018.03.01-14.07.30:631][725]LogModuleManager: Shutting down and abandoning module GeometryCache (312)
[2018.03.01-14.07.30:642][725]LogModuleManager: Shutting down and abandoning module GeometryCacheEd (311)
[2018.03.01-14.07.30:642][725]LogModuleManager: Shutting down and abandoning module SpeedTreeImporter (306)
[2018.03.01-14.07.30:642][725]LogModuleManager: Shutting down and abandoning module PluginBrowser (304)
[2018.03.01-14.07.30:674][725]LogModuleManager: Shutting down and abandoning module MobileLauncherProfileWizard (302)
[2018.03.01-14.07.30:686][725]LogModuleManager: Shutting down and abandoning module VisualStudioSourceCodeAccess (300)
[2018.03.01-14.07.30:686][725]LogModuleManager: Shutting down and abandoning module VisualStudioCodeSourceCodeAccess (298)
[2018.03.01-14.07.30:686][725]LogModuleManager: Shutting down and abandoning module UObjectPlugin (296)
[2018.03.01-14.07.30:686][725]LogModuleManager: Shutting down and abandoning module SubversionSourceControl (294)
[2018.03.01-14.07.30:704][725]LogModuleManager: Shutting down and abandoning module PerforceSourceControl (292)
[2018.03.01-14.07.30:715][725]LogModuleManager: Shutting down and abandoning module GitSourceControl (290)
[2018.03.01-14.07.30:723][725]LogModuleManager: Shutting down and abandoning module SourceControl (289)
[2018.03.01-14.07.30:723][725]LogModuleManager: Shutting down and abandoning module LightPropagationVolumeEditor (286)
[2018.03.01-14.07.30:723][725]LogModuleManager: Shutting down and abandoning module PaperTiledImporter (284)
[2018.03.01-14.07.30:723][725]LogModuleManager: Shutting down and abandoning module PaperSpriteSheetImporter (282)
[2018.03.01-14.07.30:723][725]LogModuleManager: Shutting down and abandoning module Paper2DEditor (280)
[2018.03.01-14.07.30:740][725]LogModuleManager: Shutting down and abandoning module MeshPaint (279)
[2018.03.01-14.07.30:750][725]LogModuleManager: Shutting down and abandoning module LevelEditor (277)
[2018.03.01-14.07.30:756][725]LogModuleManager: Shutting down and abandoning module PixelInspectorModule (276)
[2018.03.01-14.07.30:769][725]LogModuleManager: Shutting down and abandoning module MainFrame (274)
[2018.03.01-14.07.30:769][725]LogModuleManager: Shutting down and abandoning module HotReload (273)
[2018.03.01-14.07.30:778][725]LogModuleManager: Shutting down and abandoning module RuntimePhysXCooking (268)
[2018.03.01-14.07.30:778][725]LogModuleManager: Shutting down and abandoning module PhysXVehiclesEditor (266)
[2018.03.01-14.07.30:778][725]LogModuleManager: Shutting down and abandoning module PhysXVehicles (264)
[2018.03.01-14.07.30:778][725]LogModuleManager: Shutting down and abandoning module OculusEditor (262)
[2018.03.01-14.07.30:778][725]LogModuleManager: Shutting down and abandoning module LocationServicesBPLibrary (260)
[2018.03.01-14.07.30:778][725]LogModuleManager: Shutting down and abandoning module ImmediatePhysicsEditor (258)
[2018.03.01-14.07.30:778][725]LogModuleManager: Shutting down and abandoning module ImmediatePhysics (256)
[2018.03.01-14.07.30:783][725]LogModuleManager: Shutting down and abandoning module UdpMessaging (254)
[2018.03.01-14.07.30:921][725]LogModuleManager: Shutting down and abandoning module TcpMessaging (252)
[2018.03.01-14.07.31:070][725]LogModuleManager: Shutting down and abandoning module GameplayTagsEditor (250)
[2018.03.01-14.07.31:078][725]LogModuleManager: Shutting down and abandoning module FacialAnimationEditor (248)
[2018.03.01-14.07.31:078][725]LogModuleManager: Shutting down and abandoning module FacialAnimation (246)
[2018.03.01-14.07.31:078][725]LogModuleManager: Shutting down and abandoning module AssetManagerEditor (244)
[2018.03.01-14.07.31:097][725]LogModuleManager: Shutting down and abandoning module GraphEditor (243)
[2018.03.01-14.07.31:097][725]LogModuleManager: Shutting down and abandoning module ContentBrowser (241)
[2018.03.01-14.07.31:098][725]LogModuleManager: Shutting down and abandoning module LightPropagationVolumeRuntime (238)
[2018.03.01-14.07.31:098][725]LogModuleManager: Shutting down and abandoning module Paper2D (236)
[2018.03.01-14.07.31:098][725]LogModuleManager: Shutting down and abandoning module WindowsMoviePlayer (234)
[2018.03.01-14.07.31:104][725]LogModuleManager: Shutting down and abandoning module WmfMedia (232)
[2018.03.01-14.07.31:109][725]LogModuleManager: Shutting down and abandoning module ImgMedia (230)
[2018.03.01-14.07.31:110][725]LogModuleManager: Shutting down and abandoning module PacketHandler (228)
[2018.03.01-14.07.31:110][725]LogModuleManager: Shutting down and abandoning module ClothingSystemEditor (226)
[2018.03.01-14.07.31:110][725]LogModuleManager: Shutting down and abandoning module ClothingSystemRuntime (224)
[2018.03.01-14.07.31:125][725]LogModuleManager: Shutting down and abandoning module MediaAssets (222)
[2018.03.01-14.07.31:125][725]LogModuleManager: Shutting down and abandoning module Media (221)
[2018.03.01-14.07.31:130][725]LogModuleManager: Shutting down and abandoning module Overlay (218)
[2018.03.01-14.07.31:130][725]LogModuleManager: Shutting down and abandoning module OverlayEditor (217)
[2018.03.01-14.07.31:130][725]LogModuleManager: Shutting down and abandoning module VREditor (214)
[2018.03.01-14.07.31:143][725]LogModuleManager: Shutting down and abandoning module StringTableEditor (212)
[2018.03.01-14.07.31:155][725]LogModuleManager: Shutting down and abandoning module GameplayTasksEditor (210)
[2018.03.01-14.07.31:155][725]LogModuleManager: Shutting down and abandoning module BehaviorTreeEditor (208)
[2018.03.01-14.07.31:181][725]LogModuleManager: Shutting down and abandoning module FunctionalTesting (206)
[2018.03.01-14.07.31:187][725]LogModuleManager: Shutting down and abandoning module CollisionAnalyzer (204)
[2018.03.01-14.07.31:198][725]LogModuleManager: Shutting down and abandoning module WorkspaceMenuStructure (203)
[2018.03.01-14.07.31:198][725]LogModuleManager: Shutting down and abandoning module UMG (200)
[2018.03.01-14.07.31:210][725]LogModuleManager: Shutting down and abandoning module UMGEditor (199)
[2018.03.01-14.07.31:232][725]LogModuleManager: Shutting down and abandoning module Sequencer (198)
[2018.03.01-14.07.31:257][725]LogModuleManager: Shutting down and abandoning module MessageLog (195)
[2018.03.01-14.07.31:257][725]LogModuleManager: Shutting down and abandoning module SlateReflector (190)
[2018.03.01-14.07.31:286][725]LogModuleManager: Shutting down and abandoning module Slate (188)
[2018.03.01-14.07.31:286][725]LogModuleManager: Shutting down and abandoning module EditorStyle (186)
[2018.03.01-14.07.31:288][725]LogModuleManager: Shutting down and abandoning module MRMesh (184)
[2018.03.01-14.07.31:288][725]LogModuleManager: Shutting down and abandoning module SourceCodeAccess (182)
[2018.03.01-14.07.31:288][725]LogModuleManager: Shutting down and abandoning module HeadMountedDisplay (180)
[2018.03.01-14.07.31:288][725]LogModuleManager: Shutting down and abandoning module XAudio2 (178)
[2018.03.01-14.07.31:288][725]LogModuleManager: Shutting down and abandoning module Networking (176)
[2018.03.01-14.07.31:288][725]LogModuleManager: Shutting down and abandoning module Core (172)
[2018.03.01-14.07.31:288][725]LogModuleManager: Shutting down and abandoning module LevelSequence (168)
[2018.03.01-14.07.31:296][725]LogModuleManager: Shutting down and abandoning module DirectoryWatcher (166)
[2018.03.01-14.07.31:296][725]LogModuleManager: Shutting down and abandoning module KismetCompiler (164)
[2018.03.01-14.07.31:296][725]LogModuleManager: Shutting down and abandoning module MeshUtilities (162)
[2018.03.01-14.07.31:315][725]LogModuleManager: Shutting down and abandoning module MeshMergeUtilities (161)
[2018.03.01-14.07.31:326][725]LogModuleManager: Shutting down and abandoning module MeshReductionInterface (160)
[2018.03.01-14.07.31:326][725]LogModuleManager: Shutting down and abandoning module SimplygonSwarm (159)
[2018.03.01-14.07.31:334][725]LogModuleManager: Shutting down and abandoning module SimplygonMeshReduction (157)
[2018.03.01-14.07.31:334][725]LogModuleManager: Shutting down and abandoning module QuadricMeshReduction (155)
[2018.03.01-14.07.31:338][725]LogModuleManager: Shutting down and abandoning module MaterialBaking (151)
[2018.03.01-14.07.31:344][725]LogModuleManager: Shutting down and abandoning module DerivedDataCache (148)
[2018.03.01-14.07.31:435][725]LogDerivedDataCache: Shutdown
[2018.03.01-14.07.31:435][725]LogModuleManager: Shutting down and abandoning module TargetPlatform (146)
[2018.03.01-14.07.31:435][725]LogModuleManager: Shutting down and abandoning module VulkanShaderFormat (145)
[2018.03.01-14.07.31:447][725]LogModuleManager: Shutting down and abandoning module ShaderFormatVectorVM (143)
[2018.03.01-14.07.31:456][725]LogModuleManager: Shutting down and abandoning module ShaderFormatOpenGL (141)
[2018.03.01-14.07.31:462][725]LogModuleManager: Shutting down and abandoning module ShaderFormatD3D (139)
[2018.03.01-14.07.31:462][725]LogModuleManager: Shutting down and abandoning module MetalShaderFormat (137)
[2018.03.01-14.07.31:477][725]LogModuleManager: Shutting down and abandoning module TextureFormatUncompressed (135)
[2018.03.01-14.07.31:477][725]LogModuleManager: Shutting down and abandoning module TextureFormatPVR (133)
[2018.03.01-14.07.31:477][725]LogModuleManager: Shutting down and abandoning module TextureFormatDXT (131)
[2018.03.01-14.07.31:477][725]LogModuleManager: Shutting down and abandoning module TextureFormatIntelISPCTexComp (129)
[2018.03.01-14.07.31:477][725]LogModuleManager: Shutting down and abandoning module TextureFormatASTC (127)
[2018.03.01-14.07.31:477][725]LogModuleManager: Shutting down and abandoning module ImageWrapper (126)
[2018.03.01-14.07.31:477][725]LogModuleManager: Shutting down and abandoning module TextureFormatAndroid (123)
[2018.03.01-14.07.31:477][725]LogModuleManager: Shutting down and abandoning module AudioFormatOpus (121)
[2018.03.01-14.07.31:477][725]LogModuleManager: Shutting down and abandoning module AudioFormatOgg (119)
[2018.03.01-14.07.31:477][725]LogModuleManager: Shutting down and abandoning module AudioFormatADPCM (117)
[2018.03.01-14.07.31:477][725]LogModuleManager: Shutting down and abandoning module LinuxTargetPlatform (115)
[2018.03.01-14.07.31:477][725]LogModuleManager: Shutting down and abandoning module LinuxServerTargetPlatform (113)
[2018.03.01-14.07.31:477][725]LogModuleManager: Shutting down and abandoning module LinuxNoEditorTargetPlatform (111)
[2018.03.01-14.07.31:477][725]LogModuleManager: Shutting down and abandoning module LinuxClientTargetPlatform (109)
[2018.03.01-14.07.31:477][725]LogModuleManager: Shutting down and abandoning module TVOSTargetPlatform (107)
[2018.03.01-14.07.31:477][725]LogModuleManager: Shutting down and abandoning module Messaging (105)
[2018.03.01-14.07.31:477][725]LogModuleManager: Shutting down and abandoning module IOSTargetPlatform (103)
[2018.03.01-14.07.31:477][725]LogModuleManager: Shutting down and abandoning module HTML5TargetPlatform (101)
[2018.03.01-14.07.31:477][725]LogModuleManager: Shutting down and abandoning module AndroidTargetPlatform (99)
[2018.03.01-14.07.31:477][725]LogModuleManager: Shutting down and abandoning module Android_PVRTCTargetPlatform (97)
[2018.03.01-14.07.31:477][725]LogModuleManager: Shutting down and abandoning module Android_MultiTargetPlatform (95)
[2018.03.01-14.07.31:477][725]LogModuleManager: Shutting down and abandoning module Android_ETC2TargetPlatform (93)
[2018.03.01-14.07.31:477][725]LogModuleManager: Shutting down and abandoning module Android_ETC1TargetPlatform (91)
[2018.03.01-14.07.31:477][725]LogModuleManager: Shutting down and abandoning module Android_DXTTargetPlatform (89)
[2018.03.01-14.07.31:477][725]LogModuleManager: Shutting down and abandoning module Android_ATCTargetPlatform (87)
[2018.03.01-14.07.31:477][725]LogModuleManager: Shutting down and abandoning module Android_ASTCTargetPlatform (85)
[2018.03.01-14.07.31:477][725]LogModuleManager: Shutting down and abandoning module WindowsTargetPlatform (83)
[2018.03.01-14.07.31:477][725]LogModuleManager: Shutting down and abandoning module WindowsServerTargetPlatform (81)
[2018.03.01-14.07.31:477][725]LogModuleManager: Shutting down and abandoning module WindowsNoEditorTargetPlatform (79)
[2018.03.01-14.07.31:477][725]LogModuleManager: Shutting down and abandoning module WindowsClientTargetPlatform (77)
[2018.03.01-14.07.31:477][725]LogModuleManager: Shutting down and abandoning module MacTargetPlatform (75)
[2018.03.01-14.07.31:477][725]LogModuleManager: Shutting down and abandoning module MacServerTargetPlatform (73)
[2018.03.01-14.07.31:477][725]LogModuleManager: Shutting down and abandoning module MacNoEditorTargetPlatform (71)
[2018.03.01-14.07.31:477][725]LogModuleManager: Shutting down and abandoning module MacClientTargetPlatform (69)
[2018.03.01-14.07.31:477][725]LogModuleManager: Shutting down and abandoning module AllDesktopTargetPlatform (67)
[2018.03.01-14.07.31:477][725]LogModuleManager: Shutting down and abandoning module InputCore (64)
[2018.03.01-14.07.31:477][725]LogModuleManager: Shutting down and abandoning module Settings (62)
[2018.03.01-14.07.31:477][725]LogModuleManager: Shutting down and abandoning module PhysXCooking (60)
[2018.03.01-14.07.31:477][725]LogModuleManager: Shutting down and abandoning module SteamVR (58)
[2018.03.01-14.07.31:477][725]LogModuleManager: Shutting down and abandoning module OculusHMD (56)
[2018.03.01-14.07.31:486][725]LogModuleManager: Shutting down and abandoning module ExampleDeviceProfileSelector (54)
[2018.03.01-14.07.31:486][725]LogModuleManager: Shutting down and abandoning module AppleARKit (52)
[2018.03.01-14.07.31:486][725]LogModuleManager: Shutting down and abandoning module AugmentedReality (51)
[2018.03.01-14.07.31:486][725]LogModuleManager: Shutting down and abandoning module OnlineBlueprintSupport (48)
[2018.03.01-14.07.31:486][725]LogModuleManager: Shutting down and abandoning module OnlineSubsystem (44)
[2018.03.01-14.07.31:507][725]LogModuleManager: Shutting down and abandoning module XMPP (43)
[2018.03.01-14.07.31:518][725]LogModuleManager: Shutting down and abandoning module HTTP (41)
[2018.03.01-14.07.31:518][725]LogHttp: Display: Http module shutting down, but needs to wait on 1 outstanding Http requests:
[2018.03.01-14.07.31:518][725]LogHttp: Display: 	verb=[POST] url=[https://datarouter.ol.epicgames.com/datarouter/api/v1/public/data?SessionID=%7BEF7D93E3-4B3F-FF02-6A90-71A221D508E5%7D&AppID=UEEditor.Rocket.Release&AppVersion=4.18.3-3832480%2B%2B%2BUE4%2BRelease-4.18&UserID=e6a811324e51230097db7cb86f34788c%7C8c76f673a067483986efe6b3f48e24a1%7C1e6c5937-98cc-4810-8552-47dac344868d&AppEnvironment=datacollector-binary&UploadType=eteventstream] status=Processing
[2018.03.01-14.07.31:527][725]LogModuleManager: Shutting down and abandoning module SSL (40)
[2018.03.01-14.07.31:535][725]LogModuleManager: Shutting down and abandoning module AnimationModifiers (36)
[2018.03.01-14.07.31:549][725]LogModuleManager: Shutting down and abandoning module PropertyEditor (35)
[2018.03.01-14.07.31:549][725]LogModuleManager: Shutting down and abandoning module AudioEditor (32)
[2018.03.01-14.07.31:549][725]LogModuleManager: Shutting down and abandoning module TextureCompressor (30)
[2018.03.01-14.07.31:558][725]LogModuleManager: Shutting down and abandoning module ShaderCore (28)
[2018.03.01-14.07.31:558][725]LogModuleManager: Shutting down and abandoning module Landscape (26)
[2018.03.01-14.07.31:558][725]LogModuleManager: Shutting down and abandoning module SlateRHIRenderer (24)
[2018.03.01-14.07.31:571][725]LogModuleManager: Shutting down and abandoning module OpenGLDrv (22)
[2018.03.01-14.07.31:583][725]LogModuleManager: Shutting down and abandoning module D3D11RHI (20)
[2018.03.01-14.07.31:584][725]LogModuleManager: Shutting down and abandoning module AnimGraphRuntime (18)
[2018.03.01-14.07.31:598][725]LogModuleManager: Shutting down and abandoning module Renderer (16)
[2018.03.01-14.07.31:598][725]LogModuleManager: Shutting down and abandoning module Engine (14)
[2018.03.01-14.07.31:598][725]LogModuleManager: Shutting down and abandoning module CoreUObject (12)
[2018.03.01-14.07.31:598][725]LogModuleManager: Shutting down and abandoning module NetworkFile (10)
[2018.03.01-14.07.31:598][725]LogModuleManager: Shutting down and abandoning module CookedIterativeFile (8)
[2018.03.01-14.07.31:598][725]LogModuleManager: Shutting down and abandoning module StreamingFile (6)
[2018.03.01-14.07.31:598][725]LogModuleManager: Shutting down and abandoning module SandboxFile (4)
[2018.03.01-14.07.31:598][725]LogModuleManager: Shutting down and abandoning module PakFile (2)
[2018.03.01-14.07.31:612][725]LogExit: Exiting.
[2018.03.01-14.07.31:622][725]Log file closed, 03/01/18 17:07:31
